ARM GAS  C:\Users\Doel\AppData\Local\Temp\ccv1eoA4.s 			page 1


   1              		.cpu cortex-m0
   2              		.fpu softvfp
   3              		.eabi_attribute 20, 1
   4              		.eabi_attribute 21, 1
   5              		.eabi_attribute 23, 3
   6              		.eabi_attribute 24, 1
   7              		.eabi_attribute 25, 1
   8              		.eabi_attribute 26, 1
   9              		.eabi_attribute 30, 6
  10              		.eabi_attribute 34, 0
  11              		.eabi_attribute 18, 4
  12              		.code	16
  13              		.file	"LCD_Char_BarGraph.c"
  14              		.text
  15              	.Ltext0:
  16              		.cfi_sections	.debug_frame
  17              		.global	LCD_Char_customFonts
  18              		.section	.rodata
  19              		.align	2
  20              		.type	LCD_Char_customFonts, %object
  21              		.size	LCD_Char_customFonts, 64
  22              	LCD_Char_customFonts:
  23 0000 00       		.byte	0
  24 0001 00       		.byte	0
  25 0002 00       		.byte	0
  26 0003 00       		.byte	0
  27 0004 00       		.byte	0
  28 0005 00       		.byte	0
  29 0006 00       		.byte	0
  30 0007 00       		.byte	0
  31 0008 10       		.byte	16
  32 0009 10       		.byte	16
  33 000a 10       		.byte	16
  34 000b 10       		.byte	16
  35 000c 10       		.byte	16
  36 000d 10       		.byte	16
  37 000e 10       		.byte	16
  38 000f 10       		.byte	16
  39 0010 18       		.byte	24
  40 0011 18       		.byte	24
  41 0012 18       		.byte	24
  42 0013 18       		.byte	24
  43 0014 18       		.byte	24
  44 0015 18       		.byte	24
  45 0016 18       		.byte	24
  46 0017 18       		.byte	24
  47 0018 1C       		.byte	28
  48 0019 1C       		.byte	28
  49 001a 1C       		.byte	28
  50 001b 1C       		.byte	28
  51 001c 1C       		.byte	28
  52 001d 1C       		.byte	28
  53 001e 1C       		.byte	28
  54 001f 1C       		.byte	28
  55 0020 1E       		.byte	30
  56 0021 1E       		.byte	30
  57 0022 1E       		.byte	30
ARM GAS  C:\Users\Doel\AppData\Local\Temp\ccv1eoA4.s 			page 2


  58 0023 1E       		.byte	30
  59 0024 1E       		.byte	30
  60 0025 1E       		.byte	30
  61 0026 1E       		.byte	30
  62 0027 1E       		.byte	30
  63 0028 1F       		.byte	31
  64 0029 1F       		.byte	31
  65 002a 1F       		.byte	31
  66 002b 1F       		.byte	31
  67 002c 1F       		.byte	31
  68 002d 1F       		.byte	31
  69 002e 1F       		.byte	31
  70 002f 1F       		.byte	31
  71 0030 00       		.byte	0
  72 0031 00       		.byte	0
  73 0032 00       		.byte	0
  74 0033 00       		.byte	0
  75 0034 00       		.byte	0
  76 0035 00       		.byte	0
  77 0036 00       		.byte	0
  78 0037 00       		.byte	0
  79 0038 00       		.byte	0
  80 0039 00       		.byte	0
  81 003a 00       		.byte	0
  82 003b 00       		.byte	0
  83 003c 00       		.byte	0
  84 003d 00       		.byte	0
  85 003e 00       		.byte	0
  86 003f 00       		.byte	0
  87              		.section	.text.LCD_Char_LoadCustomFonts,"ax",%progbits
  88              		.align	2
  89              		.global	LCD_Char_LoadCustomFonts
  90              		.code	16
  91              		.thumb_func
  92              		.type	LCD_Char_LoadCustomFonts, %function
  93              	LCD_Char_LoadCustomFonts:
  94              	.LFB0:
  95              		.file 1 ".\\Generated_Source\\PSoC4\\LCD_Char_BarGraph.c"
   1:.\Generated_Source\PSoC4/LCD_Char_BarGraph.c **** /*******************************************************************************
   2:.\Generated_Source\PSoC4/LCD_Char_BarGraph.c **** * File Name: LCD_Char_BarGraph.c
   3:.\Generated_Source\PSoC4/LCD_Char_BarGraph.c **** * Version 2.0
   4:.\Generated_Source\PSoC4/LCD_Char_BarGraph.c **** *
   5:.\Generated_Source\PSoC4/LCD_Char_BarGraph.c **** * Description:
   6:.\Generated_Source\PSoC4/LCD_Char_BarGraph.c **** *  This file provides the custom character data and API for creating and using
   7:.\Generated_Source\PSoC4/LCD_Char_BarGraph.c **** *  bar graphs with the Character LCD component.
   8:.\Generated_Source\PSoC4/LCD_Char_BarGraph.c **** *
   9:.\Generated_Source\PSoC4/LCD_Char_BarGraph.c **** * Note:
  10:.\Generated_Source\PSoC4/LCD_Char_BarGraph.c **** *
  11:.\Generated_Source\PSoC4/LCD_Char_BarGraph.c **** ********************************************************************************
  12:.\Generated_Source\PSoC4/LCD_Char_BarGraph.c **** * Copyright 2008-2014, Cypress Semiconductor Corporation.  All rights reserved.
  13:.\Generated_Source\PSoC4/LCD_Char_BarGraph.c **** * You may use this file only in accordance with the license, terms, conditions,
  14:.\Generated_Source\PSoC4/LCD_Char_BarGraph.c **** * disclaimers, and limitations in the end user license agreement accompanying
  15:.\Generated_Source\PSoC4/LCD_Char_BarGraph.c **** * the software package with which this file was provided.
  16:.\Generated_Source\PSoC4/LCD_Char_BarGraph.c **** *******************************************************************************/
  17:.\Generated_Source\PSoC4/LCD_Char_BarGraph.c **** 
  18:.\Generated_Source\PSoC4/LCD_Char_BarGraph.c **** #include "LCD_Char.h"
  19:.\Generated_Source\PSoC4/LCD_Char_BarGraph.c **** 
ARM GAS  C:\Users\Doel\AppData\Local\Temp\ccv1eoA4.s 			page 3


  20:.\Generated_Source\PSoC4/LCD_Char_BarGraph.c **** 
  21:.\Generated_Source\PSoC4/LCD_Char_BarGraph.c **** uint8 const CYCODE LCD_Char_customFonts[] = \
  22:.\Generated_Source\PSoC4/LCD_Char_BarGraph.c **** {
  23:.\Generated_Source\PSoC4/LCD_Char_BarGraph.c ****     /* Character LCD_Char_CUSTOM_0   */
  24:.\Generated_Source\PSoC4/LCD_Char_BarGraph.c ****     0x00u,    0x00u,    0x00u,    0x00u,    0x00u,    0x00u,    0x00u,    0x00u, \
  25:.\Generated_Source\PSoC4/LCD_Char_BarGraph.c ****     /* Character LCD_Char_CUSTOM_1   */
  26:.\Generated_Source\PSoC4/LCD_Char_BarGraph.c ****     0x10u,    0x10u,    0x10u,    0x10u,    0x10u,    0x10u,    0x10u,    0x10u, \
  27:.\Generated_Source\PSoC4/LCD_Char_BarGraph.c ****     /* Character LCD_Char_CUSTOM_2   */
  28:.\Generated_Source\PSoC4/LCD_Char_BarGraph.c ****     0x18u,    0x18u,    0x18u,    0x18u,    0x18u,    0x18u,    0x18u,    0x18u, \
  29:.\Generated_Source\PSoC4/LCD_Char_BarGraph.c ****     /* Character LCD_Char_CUSTOM_3   */
  30:.\Generated_Source\PSoC4/LCD_Char_BarGraph.c ****     0x1Cu,    0x1Cu,    0x1Cu,    0x1Cu,    0x1Cu,    0x1Cu,    0x1Cu,    0x1Cu, \
  31:.\Generated_Source\PSoC4/LCD_Char_BarGraph.c ****     /* Character LCD_Char_CUSTOM_4   */
  32:.\Generated_Source\PSoC4/LCD_Char_BarGraph.c ****     0x1Eu,    0x1Eu,    0x1Eu,    0x1Eu,    0x1Eu,    0x1Eu,    0x1Eu,    0x1Eu, \
  33:.\Generated_Source\PSoC4/LCD_Char_BarGraph.c ****     /* Character LCD_Char_CUSTOM_5   */
  34:.\Generated_Source\PSoC4/LCD_Char_BarGraph.c ****     0x1Fu,    0x1Fu,    0x1Fu,    0x1Fu,    0x1Fu,    0x1Fu,    0x1Fu,    0x1Fu, \
  35:.\Generated_Source\PSoC4/LCD_Char_BarGraph.c ****     /* Character LCD_Char_CUSTOM_6   */
  36:.\Generated_Source\PSoC4/LCD_Char_BarGraph.c ****     0x00u,    0x00u,    0x00u,    0x00u,    0x00u,    0x00u,    0x00u,    0x00u, \
  37:.\Generated_Source\PSoC4/LCD_Char_BarGraph.c ****     /* Character LCD_Char_CUSTOM_7   */
  38:.\Generated_Source\PSoC4/LCD_Char_BarGraph.c ****     0x00u,    0x00u,    0x00u,    0x00u,    0x00u,    0x00u,    0x00u,    0x00u \
  39:.\Generated_Source\PSoC4/LCD_Char_BarGraph.c **** };
  40:.\Generated_Source\PSoC4/LCD_Char_BarGraph.c **** 
  41:.\Generated_Source\PSoC4/LCD_Char_BarGraph.c **** 
  42:.\Generated_Source\PSoC4/LCD_Char_BarGraph.c **** /*******************************************************************************
  43:.\Generated_Source\PSoC4/LCD_Char_BarGraph.c **** * Function Name: LCD_Char_LoadCustomFonts
  44:.\Generated_Source\PSoC4/LCD_Char_BarGraph.c **** ********************************************************************************
  45:.\Generated_Source\PSoC4/LCD_Char_BarGraph.c **** *
  46:.\Generated_Source\PSoC4/LCD_Char_BarGraph.c **** * Summary:
  47:.\Generated_Source\PSoC4/LCD_Char_BarGraph.c **** *  Loads 8 custom font characters into the LCD Module for use.  Cannot use
  48:.\Generated_Source\PSoC4/LCD_Char_BarGraph.c **** *  characters from two different font sets at once, but font sets can be
  49:.\Generated_Source\PSoC4/LCD_Char_BarGraph.c **** *  switched out during runtime.
  50:.\Generated_Source\PSoC4/LCD_Char_BarGraph.c **** *
  51:.\Generated_Source\PSoC4/LCD_Char_BarGraph.c **** * Parameters:
  52:.\Generated_Source\PSoC4/LCD_Char_BarGraph.c **** *  customData:  pointer to a constant array of 64 bytes representing 8 custom
  53:.\Generated_Source\PSoC4/LCD_Char_BarGraph.c **** *               font characters.
  54:.\Generated_Source\PSoC4/LCD_Char_BarGraph.c **** * Return:
  55:.\Generated_Source\PSoC4/LCD_Char_BarGraph.c **** *  None.
  56:.\Generated_Source\PSoC4/LCD_Char_BarGraph.c **** *
  57:.\Generated_Source\PSoC4/LCD_Char_BarGraph.c **** * Theory:
  58:.\Generated_Source\PSoC4/LCD_Char_BarGraph.c **** *  Prior to using this function user need to import the pointer to custom
  59:.\Generated_Source\PSoC4/LCD_Char_BarGraph.c **** *  font array to your project by writting the following in the source code file
  60:.\Generated_Source\PSoC4/LCD_Char_BarGraph.c **** *  where custom font will be used:
  61:.\Generated_Source\PSoC4/LCD_Char_BarGraph.c **** *       extern uint8 const CYCODE LCD_Char_customFonts[];
  62:.\Generated_Source\PSoC4/LCD_Char_BarGraph.c **** *  This function is not automatically called by the Start() routine and must be
  63:.\Generated_Source\PSoC4/LCD_Char_BarGraph.c **** *  called manually by the user.
  64:.\Generated_Source\PSoC4/LCD_Char_BarGraph.c **** *******************************************************************************/
  65:.\Generated_Source\PSoC4/LCD_Char_BarGraph.c **** void LCD_Char_LoadCustomFonts(uint8 const customData[]) 
  66:.\Generated_Source\PSoC4/LCD_Char_BarGraph.c **** {
  96              		.loc 1 66 0
  97              		.cfi_startproc
  98 0000 80B5     		push	{r7, lr}
  99              	.LCFI0:
 100              		.cfi_def_cfa_offset 8
 101              		.cfi_offset 7, -8
 102              		.cfi_offset 14, -4
 103 0002 84B0     		sub	sp, sp, #16
 104              	.LCFI1:
 105              		.cfi_def_cfa_offset 24
ARM GAS  C:\Users\Doel\AppData\Local\Temp\ccv1eoA4.s 			page 4


 106 0004 00AF     		add	r7, sp, #0
 107              	.LCFI2:
 108              		.cfi_def_cfa_register 7
 109 0006 7860     		str	r0, [r7, #4]
  67:.\Generated_Source\PSoC4/LCD_Char_BarGraph.c ****     uint8 indexU8;
  68:.\Generated_Source\PSoC4/LCD_Char_BarGraph.c **** 
  69:.\Generated_Source\PSoC4/LCD_Char_BarGraph.c ****     LCD_Char_IsReady();
 110              		.loc 1 69 0
 111 0008 FFF7FEFF 		bl	LCD_Char_IsReady
  70:.\Generated_Source\PSoC4/LCD_Char_BarGraph.c ****     /* Set starting address in the LCD Module */
  71:.\Generated_Source\PSoC4/LCD_Char_BarGraph.c ****     /* Optionally: Read the current address to restore at a later time */
  72:.\Generated_Source\PSoC4/LCD_Char_BarGraph.c ****     LCD_Char_WriteControl(LCD_Char_CGRAM_0);
 112              		.loc 1 72 0
 113 000c 4020     		mov	r0, #64
 114 000e FFF7FEFF 		bl	LCD_Char_WriteControl
  73:.\Generated_Source\PSoC4/LCD_Char_BarGraph.c **** 
  74:.\Generated_Source\PSoC4/LCD_Char_BarGraph.c ****     /* Load in the 64 bytes of CustomChar Data */
  75:.\Generated_Source\PSoC4/LCD_Char_BarGraph.c ****     for(indexU8 = 0u; indexU8 < LCD_Char_CUSTOM_CHAR_SET_LEN; indexU8++)
 115              		.loc 1 75 0
 116 0012 3B1C     		mov	r3, r7
 117 0014 0F33     		add	r3, r3, #15
 118 0016 0022     		mov	r2, #0
 119 0018 1A70     		strb	r2, [r3]
 120 001a 0FE0     		b	.L2
 121              	.L3:
  76:.\Generated_Source\PSoC4/LCD_Char_BarGraph.c ****     {
  77:.\Generated_Source\PSoC4/LCD_Char_BarGraph.c ****         /* Delay between each write */
  78:.\Generated_Source\PSoC4/LCD_Char_BarGraph.c ****         LCD_Char_WriteData(customData[indexU8]);
 122              		.loc 1 78 0 discriminator 2
 123 001c 3B1C     		mov	r3, r7
 124 001e 0F33     		add	r3, r3, #15
 125 0020 1B78     		ldrb	r3, [r3]
 126 0022 7A68     		ldr	r2, [r7, #4]
 127 0024 D318     		add	r3, r2, r3
 128 0026 1B78     		ldrb	r3, [r3]
 129 0028 181C     		mov	r0, r3
 130 002a FFF7FEFF 		bl	LCD_Char_WriteData
  75:.\Generated_Source\PSoC4/LCD_Char_BarGraph.c ****     for(indexU8 = 0u; indexU8 < LCD_Char_CUSTOM_CHAR_SET_LEN; indexU8++)
 131              		.loc 1 75 0 discriminator 2
 132 002e 3B1C     		mov	r3, r7
 133 0030 0F33     		add	r3, r3, #15
 134 0032 3A1C     		mov	r2, r7
 135 0034 0F32     		add	r2, r2, #15
 136 0036 1278     		ldrb	r2, [r2]
 137 0038 0132     		add	r2, r2, #1
 138 003a 1A70     		strb	r2, [r3]
 139              	.L2:
  75:.\Generated_Source\PSoC4/LCD_Char_BarGraph.c ****     for(indexU8 = 0u; indexU8 < LCD_Char_CUSTOM_CHAR_SET_LEN; indexU8++)
 140              		.loc 1 75 0 is_stmt 0 discriminator 1
 141 003c 3B1C     		mov	r3, r7
 142 003e 0F33     		add	r3, r3, #15
 143 0040 1B78     		ldrb	r3, [r3]
 144 0042 3F2B     		cmp	r3, #63
 145 0044 EAD9     		bls	.L3
  79:.\Generated_Source\PSoC4/LCD_Char_BarGraph.c ****     }
  80:.\Generated_Source\PSoC4/LCD_Char_BarGraph.c **** 
  81:.\Generated_Source\PSoC4/LCD_Char_BarGraph.c ****     LCD_Char_IsReady();
ARM GAS  C:\Users\Doel\AppData\Local\Temp\ccv1eoA4.s 			page 5


 146              		.loc 1 81 0 is_stmt 1
 147 0046 FFF7FEFF 		bl	LCD_Char_IsReady
  82:.\Generated_Source\PSoC4/LCD_Char_BarGraph.c ****     LCD_Char_WriteControl(LCD_Char_DDRAM_0);
 148              		.loc 1 82 0
 149 004a 8020     		mov	r0, #128
 150 004c FFF7FEFF 		bl	LCD_Char_WriteControl
  83:.\Generated_Source\PSoC4/LCD_Char_BarGraph.c **** }
 151              		.loc 1 83 0
 152 0050 BD46     		mov	sp, r7
 153 0052 04B0     		add	sp, sp, #16
 154              		@ sp needed for prologue
 155 0054 80BD     		pop	{r7, pc}
 156              		.cfi_endproc
 157              	.LFE0:
 158              		.size	LCD_Char_LoadCustomFonts, .-LCD_Char_LoadCustomFonts
 159              		.global	__aeabi_uidiv
 160              		.global	__aeabi_uidivmod
 161 0056 C046     		.section	.text.LCD_Char_DrawHorizontalBG,"ax",%progbits
 162              		.align	2
 163              		.global	LCD_Char_DrawHorizontalBG
 164              		.code	16
 165              		.thumb_func
 166              		.type	LCD_Char_DrawHorizontalBG, %function
 167              	LCD_Char_DrawHorizontalBG:
 168              	.LFB1:
  84:.\Generated_Source\PSoC4/LCD_Char_BarGraph.c **** 
  85:.\Generated_Source\PSoC4/LCD_Char_BarGraph.c **** 
  86:.\Generated_Source\PSoC4/LCD_Char_BarGraph.c **** #if (LCD_Char_CUSTOM_CHAR_SET == LCD_Char_HORIZONTAL_BG)
  87:.\Generated_Source\PSoC4/LCD_Char_BarGraph.c **** 
  88:.\Generated_Source\PSoC4/LCD_Char_BarGraph.c ****     /*******************************************************************************
  89:.\Generated_Source\PSoC4/LCD_Char_BarGraph.c ****     * Function Name: LCD_Char_DrawHorizontalBG
  90:.\Generated_Source\PSoC4/LCD_Char_BarGraph.c ****     ********************************************************************************
  91:.\Generated_Source\PSoC4/LCD_Char_BarGraph.c ****     *
  92:.\Generated_Source\PSoC4/LCD_Char_BarGraph.c ****     * Summary:
  93:.\Generated_Source\PSoC4/LCD_Char_BarGraph.c ****     *  Draws the horizontal bargraph.
  94:.\Generated_Source\PSoC4/LCD_Char_BarGraph.c ****     *
  95:.\Generated_Source\PSoC4/LCD_Char_BarGraph.c ****     * Parameters:
  96:.\Generated_Source\PSoC4/LCD_Char_BarGraph.c ****     *  row:            The row in which the bar graph starts.
  97:.\Generated_Source\PSoC4/LCD_Char_BarGraph.c ****     *  column:         The column in which the bar graph starts.
  98:.\Generated_Source\PSoC4/LCD_Char_BarGraph.c ****     *  maxCharacters:  The max length of the graph in whole characters.
  99:.\Generated_Source\PSoC4/LCD_Char_BarGraph.c ****     *  value:          The current length or height of the graph in pixels.
 100:.\Generated_Source\PSoC4/LCD_Char_BarGraph.c ****     *
 101:.\Generated_Source\PSoC4/LCD_Char_BarGraph.c ****     * Return:
 102:.\Generated_Source\PSoC4/LCD_Char_BarGraph.c ****     *  void.
 103:.\Generated_Source\PSoC4/LCD_Char_BarGraph.c ****     *
 104:.\Generated_Source\PSoC4/LCD_Char_BarGraph.c ****     *******************************************************************************/
 105:.\Generated_Source\PSoC4/LCD_Char_BarGraph.c ****     void LCD_Char_DrawHorizontalBG(uint8 row, uint8 column, uint8 maxCharacters, uint8 value) \
 106:.\Generated_Source\PSoC4/LCD_Char_BarGraph.c ****                                                             
 107:.\Generated_Source\PSoC4/LCD_Char_BarGraph.c ****     {
 169              		.loc 1 107 0
 170              		.cfi_startproc
 171 0000 90B5     		push	{r4, r7, lr}
 172              	.LCFI3:
 173              		.cfi_def_cfa_offset 12
 174              		.cfi_offset 4, -12
 175              		.cfi_offset 7, -8
 176              		.cfi_offset 14, -4
ARM GAS  C:\Users\Doel\AppData\Local\Temp\ccv1eoA4.s 			page 6


 177 0002 85B0     		sub	sp, sp, #20
 178              	.LCFI4:
 179              		.cfi_def_cfa_offset 32
 180 0004 00AF     		add	r7, sp, #0
 181              	.LCFI5:
 182              		.cfi_def_cfa_register 7
 183 0006 041C     		mov	r4, r0
 184 0008 081C     		mov	r0, r1
 185 000a 111C     		mov	r1, r2
 186 000c 1A1C     		mov	r2, r3
 187 000e FB1D     		add	r3, r7, #7
 188 0010 1C70     		strb	r4, [r3]
 189 0012 BB1D     		add	r3, r7, #6
 190 0014 1870     		strb	r0, [r3]
 191 0016 7B1D     		add	r3, r7, #5
 192 0018 1970     		strb	r1, [r3]
 193 001a 3B1D     		add	r3, r7, #4
 194 001c 1A70     		strb	r2, [r3]
 108:.\Generated_Source\PSoC4/LCD_Char_BarGraph.c ****         /* 8-bit Counter */
 109:.\Generated_Source\PSoC4/LCD_Char_BarGraph.c ****         uint8 count8;
 110:.\Generated_Source\PSoC4/LCD_Char_BarGraph.c ****         uint8 fullChars;
 111:.\Generated_Source\PSoC4/LCD_Char_BarGraph.c ****         uint8 remainingPixels;
 112:.\Generated_Source\PSoC4/LCD_Char_BarGraph.c **** 
 113:.\Generated_Source\PSoC4/LCD_Char_BarGraph.c ****         /* Number of full characters to draw */
 114:.\Generated_Source\PSoC4/LCD_Char_BarGraph.c ****         fullChars = value / LCD_Char_CHARACTER_WIDTH;
 195              		.loc 1 114 0
 196 001e 3C1C     		mov	r4, r7
 197 0020 0E34     		add	r4, r4, #14
 198 0022 3B1D     		add	r3, r7, #4
 199 0024 1B78     		ldrb	r3, [r3]
 200 0026 181C     		mov	r0, r3
 201 0028 0521     		mov	r1, #5
 202 002a FFF7FEFF 		bl	__aeabi_uidiv
 203 002e 031C     		mov	r3, r0
 204 0030 2370     		strb	r3, [r4]
 115:.\Generated_Source\PSoC4/LCD_Char_BarGraph.c **** 
 116:.\Generated_Source\PSoC4/LCD_Char_BarGraph.c ****         /* Number of remaining pixels to draw */
 117:.\Generated_Source\PSoC4/LCD_Char_BarGraph.c ****         remainingPixels = value % LCD_Char_CHARACTER_WIDTH;
 205              		.loc 1 117 0
 206 0032 3C1C     		mov	r4, r7
 207 0034 0D34     		add	r4, r4, #13
 208 0036 3B1D     		add	r3, r7, #4
 209 0038 1B78     		ldrb	r3, [r3]
 210 003a 181C     		mov	r0, r3
 211 003c 0521     		mov	r1, #5
 212 003e FFF7FEFF 		bl	__aeabi_uidivmod
 213 0042 0B1C     		mov	r3, r1
 214 0044 2370     		strb	r3, [r4]
 118:.\Generated_Source\PSoC4/LCD_Char_BarGraph.c **** 
 119:.\Generated_Source\PSoC4/LCD_Char_BarGraph.c ****         /* Ensure that the maximum character limit is followed. */
 120:.\Generated_Source\PSoC4/LCD_Char_BarGraph.c ****         if(fullChars >= maxCharacters)
 215              		.loc 1 120 0
 216 0046 3A1C     		mov	r2, r7
 217 0048 0E32     		add	r2, r2, #14
 218 004a 7B1D     		add	r3, r7, #5
 219 004c 1278     		ldrb	r2, [r2]
 220 004e 1B78     		ldrb	r3, [r3]
ARM GAS  C:\Users\Doel\AppData\Local\Temp\ccv1eoA4.s 			page 7


 221 0050 9A42     		cmp	r2, r3
 222 0052 04D3     		bcc	.L5
 121:.\Generated_Source\PSoC4/LCD_Char_BarGraph.c ****         {
 122:.\Generated_Source\PSoC4/LCD_Char_BarGraph.c ****             fullChars = maxCharacters;
 223              		.loc 1 122 0
 224 0054 3B1C     		mov	r3, r7
 225 0056 0E33     		add	r3, r3, #14
 226 0058 7A1D     		add	r2, r7, #5
 227 005a 1278     		ldrb	r2, [r2]
 228 005c 1A70     		strb	r2, [r3]
 229              	.L5:
 123:.\Generated_Source\PSoC4/LCD_Char_BarGraph.c ****         }
 124:.\Generated_Source\PSoC4/LCD_Char_BarGraph.c **** 
 125:.\Generated_Source\PSoC4/LCD_Char_BarGraph.c ****         /* Put Cursor at start position */
 126:.\Generated_Source\PSoC4/LCD_Char_BarGraph.c ****         LCD_Char_Position(row, column);
 230              		.loc 1 126 0
 231 005e FB1D     		add	r3, r7, #7
 232 0060 1A78     		ldrb	r2, [r3]
 233 0062 BB1D     		add	r3, r7, #6
 234 0064 1B78     		ldrb	r3, [r3]
 235 0066 101C     		mov	r0, r2
 236 0068 191C     		mov	r1, r3
 237 006a FFF7FEFF 		bl	LCD_Char_Position
 127:.\Generated_Source\PSoC4/LCD_Char_BarGraph.c **** 
 128:.\Generated_Source\PSoC4/LCD_Char_BarGraph.c ****         /* Write full characters */
 129:.\Generated_Source\PSoC4/LCD_Char_BarGraph.c ****         for(count8 = 0u; count8 < fullChars; count8++)
 238              		.loc 1 129 0
 239 006e 3B1C     		mov	r3, r7
 240 0070 0F33     		add	r3, r3, #15
 241 0072 0022     		mov	r2, #0
 242 0074 1A70     		strb	r2, [r3]
 243 0076 09E0     		b	.L6
 244              	.L7:
 130:.\Generated_Source\PSoC4/LCD_Char_BarGraph.c ****         {
 131:.\Generated_Source\PSoC4/LCD_Char_BarGraph.c ****             LCD_Char_WriteData(LCD_Char_CUSTOM_5);
 245              		.loc 1 131 0 discriminator 2
 246 0078 0520     		mov	r0, #5
 247 007a FFF7FEFF 		bl	LCD_Char_WriteData
 129:.\Generated_Source\PSoC4/LCD_Char_BarGraph.c ****         for(count8 = 0u; count8 < fullChars; count8++)
 248              		.loc 1 129 0 discriminator 2
 249 007e 3B1C     		mov	r3, r7
 250 0080 0F33     		add	r3, r3, #15
 251 0082 3A1C     		mov	r2, r7
 252 0084 0F32     		add	r2, r2, #15
 253 0086 1278     		ldrb	r2, [r2]
 254 0088 0132     		add	r2, r2, #1
 255 008a 1A70     		strb	r2, [r3]
 256              	.L6:
 129:.\Generated_Source\PSoC4/LCD_Char_BarGraph.c ****         for(count8 = 0u; count8 < fullChars; count8++)
 257              		.loc 1 129 0 is_stmt 0 discriminator 1
 258 008c 3A1C     		mov	r2, r7
 259 008e 0F32     		add	r2, r2, #15
 260 0090 3B1C     		mov	r3, r7
 261 0092 0E33     		add	r3, r3, #14
 262 0094 1278     		ldrb	r2, [r2]
 263 0096 1B78     		ldrb	r3, [r3]
 264 0098 9A42     		cmp	r2, r3
ARM GAS  C:\Users\Doel\AppData\Local\Temp\ccv1eoA4.s 			page 8


 265 009a EDD3     		bcc	.L7
 132:.\Generated_Source\PSoC4/LCD_Char_BarGraph.c ****         }
 133:.\Generated_Source\PSoC4/LCD_Char_BarGraph.c **** 
 134:.\Generated_Source\PSoC4/LCD_Char_BarGraph.c ****         if(fullChars < maxCharacters)
 266              		.loc 1 134 0 is_stmt 1
 267 009c 3A1C     		mov	r2, r7
 268 009e 0E32     		add	r2, r2, #14
 269 00a0 7B1D     		add	r3, r7, #5
 270 00a2 1278     		ldrb	r2, [r2]
 271 00a4 1B78     		ldrb	r3, [r3]
 272 00a6 9A42     		cmp	r2, r3
 273 00a8 28D2     		bcs	.L4
 135:.\Generated_Source\PSoC4/LCD_Char_BarGraph.c ****         {
 136:.\Generated_Source\PSoC4/LCD_Char_BarGraph.c ****             /* Write remaining pixels */
 137:.\Generated_Source\PSoC4/LCD_Char_BarGraph.c ****             LCD_Char_WriteData(remainingPixels);
 274              		.loc 1 137 0
 275 00aa 3B1C     		mov	r3, r7
 276 00ac 0D33     		add	r3, r3, #13
 277 00ae 1B78     		ldrb	r3, [r3]
 278 00b0 181C     		mov	r0, r3
 279 00b2 FFF7FEFF 		bl	LCD_Char_WriteData
 138:.\Generated_Source\PSoC4/LCD_Char_BarGraph.c **** 
 139:.\Generated_Source\PSoC4/LCD_Char_BarGraph.c ****             if(fullChars < (maxCharacters - 1u))
 280              		.loc 1 139 0
 281 00b6 3B1C     		mov	r3, r7
 282 00b8 0E33     		add	r3, r3, #14
 283 00ba 1A78     		ldrb	r2, [r3]
 284 00bc 7B1D     		add	r3, r7, #5
 285 00be 1B78     		ldrb	r3, [r3]
 286 00c0 013B     		sub	r3, r3, #1
 287 00c2 9A42     		cmp	r2, r3
 288 00c4 1AD2     		bcs	.L4
 140:.\Generated_Source\PSoC4/LCD_Char_BarGraph.c ****             {
 141:.\Generated_Source\PSoC4/LCD_Char_BarGraph.c ****                 /* Fill with whitespace to end of bar graph */
 142:.\Generated_Source\PSoC4/LCD_Char_BarGraph.c ****                 for(count8 = 0u; count8 < (maxCharacters - fullChars - 1u); count8++)
 289              		.loc 1 142 0
 290 00c6 3B1C     		mov	r3, r7
 291 00c8 0F33     		add	r3, r3, #15
 292 00ca 0022     		mov	r2, #0
 293 00cc 1A70     		strb	r2, [r3]
 294 00ce 09E0     		b	.L9
 295              	.L10:
 143:.\Generated_Source\PSoC4/LCD_Char_BarGraph.c ****                 {
 144:.\Generated_Source\PSoC4/LCD_Char_BarGraph.c ****                     LCD_Char_WriteData(LCD_Char_CUSTOM_0);
 296              		.loc 1 144 0 discriminator 2
 297 00d0 0020     		mov	r0, #0
 298 00d2 FFF7FEFF 		bl	LCD_Char_WriteData
 142:.\Generated_Source\PSoC4/LCD_Char_BarGraph.c ****                 for(count8 = 0u; count8 < (maxCharacters - fullChars - 1u); count8++)
 299              		.loc 1 142 0 discriminator 2
 300 00d6 3B1C     		mov	r3, r7
 301 00d8 0F33     		add	r3, r3, #15
 302 00da 3A1C     		mov	r2, r7
 303 00dc 0F32     		add	r2, r2, #15
 304 00de 1278     		ldrb	r2, [r2]
 305 00e0 0132     		add	r2, r2, #1
 306 00e2 1A70     		strb	r2, [r3]
 307              	.L9:
ARM GAS  C:\Users\Doel\AppData\Local\Temp\ccv1eoA4.s 			page 9


 142:.\Generated_Source\PSoC4/LCD_Char_BarGraph.c ****                 for(count8 = 0u; count8 < (maxCharacters - fullChars - 1u); count8++)
 308              		.loc 1 142 0 is_stmt 0 discriminator 1
 309 00e4 3B1C     		mov	r3, r7
 310 00e6 0F33     		add	r3, r3, #15
 311 00e8 1A78     		ldrb	r2, [r3]
 312 00ea 7B1D     		add	r3, r7, #5
 313 00ec 1978     		ldrb	r1, [r3]
 314 00ee 3B1C     		mov	r3, r7
 315 00f0 0E33     		add	r3, r3, #14
 316 00f2 1B78     		ldrb	r3, [r3]
 317 00f4 CB1A     		sub	r3, r1, r3
 318 00f6 013B     		sub	r3, r3, #1
 319 00f8 9A42     		cmp	r2, r3
 320 00fa E9D3     		bcc	.L10
 321              	.L4:
 145:.\Generated_Source\PSoC4/LCD_Char_BarGraph.c ****                 }
 146:.\Generated_Source\PSoC4/LCD_Char_BarGraph.c ****             }
 147:.\Generated_Source\PSoC4/LCD_Char_BarGraph.c ****         }
 148:.\Generated_Source\PSoC4/LCD_Char_BarGraph.c ****     }
 322              		.loc 1 148 0 is_stmt 1
 323 00fc BD46     		mov	sp, r7
 324 00fe 05B0     		add	sp, sp, #20
 325              		@ sp needed for prologue
 326 0100 90BD     		pop	{r4, r7, pc}
 327              		.cfi_endproc
 328              	.LFE1:
 329              		.size	LCD_Char_DrawHorizontalBG, .-LCD_Char_DrawHorizontalBG
 330 0102 C046     		.text
 331              	.Letext0:
 332              		.file 2 ".\\Generated_Source\\PSoC4\\cytypes.h"
 333              		.section	.debug_info,"",%progbits
 334              	.Ldebug_info0:
 335 0000 79010000 		.4byte	0x179
 336 0004 0200     		.2byte	0x2
 337 0006 00000000 		.4byte	.Ldebug_abbrev0
 338 000a 04       		.byte	0x4
 339 000b 01       		.uleb128 0x1
 340 000c 89010000 		.4byte	.LASF23
 341 0010 01       		.byte	0x1
 342 0011 8A000000 		.4byte	.LASF24
 343 0015 0E010000 		.4byte	.LASF25
 344 0019 00000000 		.4byte	.Ldebug_ranges0+0
 345 001d 00000000 		.4byte	0
 346 0021 00000000 		.4byte	0
 347 0025 00000000 		.4byte	.Ldebug_line0
 348 0029 02       		.uleb128 0x2
 349 002a 01       		.byte	0x1
 350 002b 06       		.byte	0x6
 351 002c DB010000 		.4byte	.LASF0
 352 0030 02       		.uleb128 0x2
 353 0031 01       		.byte	0x1
 354 0032 08       		.byte	0x8
 355 0033 50000000 		.4byte	.LASF1
 356 0037 02       		.uleb128 0x2
 357 0038 02       		.byte	0x2
 358 0039 05       		.byte	0x5
 359 003a 79010000 		.4byte	.LASF2
ARM GAS  C:\Users\Doel\AppData\Local\Temp\ccv1eoA4.s 			page 10


 360 003e 02       		.uleb128 0x2
 361 003f 02       		.byte	0x2
 362 0040 07       		.byte	0x7
 363 0041 70000000 		.4byte	.LASF3
 364 0045 02       		.uleb128 0x2
 365 0046 04       		.byte	0x4
 366 0047 05       		.byte	0x5
 367 0048 D2010000 		.4byte	.LASF4
 368 004c 02       		.uleb128 0x2
 369 004d 04       		.byte	0x4
 370 004e 07       		.byte	0x7
 371 004f 5E000000 		.4byte	.LASF5
 372 0053 02       		.uleb128 0x2
 373 0054 08       		.byte	0x8
 374 0055 05       		.byte	0x5
 375 0056 00000000 		.4byte	.LASF6
 376 005a 02       		.uleb128 0x2
 377 005b 08       		.byte	0x8
 378 005c 07       		.byte	0x7
 379 005d C4000000 		.4byte	.LASF7
 380 0061 03       		.uleb128 0x3
 381 0062 04       		.byte	0x4
 382 0063 05       		.byte	0x5
 383 0064 696E7400 		.ascii	"int\000"
 384 0068 02       		.uleb128 0x2
 385 0069 04       		.byte	0x4
 386 006a 07       		.byte	0x7
 387 006b B7000000 		.4byte	.LASF8
 388 006f 04       		.uleb128 0x4
 389 0070 83010000 		.4byte	.LASF26
 390 0074 02       		.byte	0x2
 391 0075 5B       		.byte	0x5b
 392 0076 30000000 		.4byte	0x30
 393 007a 02       		.uleb128 0x2
 394 007b 04       		.byte	0x4
 395 007c 04       		.byte	0x4
 396 007d 4A000000 		.4byte	.LASF9
 397 0081 02       		.uleb128 0x2
 398 0082 08       		.byte	0x8
 399 0083 04       		.byte	0x4
 400 0084 83000000 		.4byte	.LASF10
 401 0088 02       		.uleb128 0x2
 402 0089 01       		.byte	0x1
 403 008a 08       		.byte	0x8
 404 008b 4D010000 		.4byte	.LASF11
 405 008f 05       		.uleb128 0x5
 406 0090 01       		.byte	0x1
 407 0091 60010000 		.4byte	.LASF12
 408 0095 01       		.byte	0x1
 409 0096 41       		.byte	0x41
 410 0097 01       		.byte	0x1
 411 0098 00000000 		.4byte	.LFB0
 412 009c 56000000 		.4byte	.LFE0
 413 00a0 00000000 		.4byte	.LLST0
 414 00a4 01       		.byte	0x1
 415 00a5 C6000000 		.4byte	0xc6
 416 00a9 06       		.uleb128 0x6
ARM GAS  C:\Users\Doel\AppData\Local\Temp\ccv1eoA4.s 			page 11


 417 00aa 38000000 		.4byte	.LASF14
 418 00ae 01       		.byte	0x1
 419 00af 41       		.byte	0x41
 420 00b0 C6000000 		.4byte	0xc6
 421 00b4 02       		.byte	0x2
 422 00b5 91       		.byte	0x91
 423 00b6 6C       		.sleb128 -20
 424 00b7 07       		.uleb128 0x7
 425 00b8 30000000 		.4byte	.LASF18
 426 00bc 01       		.byte	0x1
 427 00bd 43       		.byte	0x43
 428 00be 6F000000 		.4byte	0x6f
 429 00c2 02       		.byte	0x2
 430 00c3 91       		.byte	0x91
 431 00c4 77       		.sleb128 -9
 432 00c5 00       		.byte	0
 433 00c6 08       		.uleb128 0x8
 434 00c7 04       		.byte	0x4
 435 00c8 CC000000 		.4byte	0xcc
 436 00cc 09       		.uleb128 0x9
 437 00cd 6F000000 		.4byte	0x6f
 438 00d1 05       		.uleb128 0x5
 439 00d2 01       		.byte	0x1
 440 00d3 DB000000 		.4byte	.LASF13
 441 00d7 01       		.byte	0x1
 442 00d8 69       		.byte	0x69
 443 00d9 01       		.byte	0x1
 444 00da 00000000 		.4byte	.LFB1
 445 00de 02010000 		.4byte	.LFE1
 446 00e2 38000000 		.4byte	.LLST1
 447 00e6 01       		.byte	0x1
 448 00e7 4E010000 		.4byte	0x14e
 449 00eb 0A       		.uleb128 0xa
 450 00ec 726F7700 		.ascii	"row\000"
 451 00f0 01       		.byte	0x1
 452 00f1 69       		.byte	0x69
 453 00f2 6F000000 		.4byte	0x6f
 454 00f6 02       		.byte	0x2
 455 00f7 91       		.byte	0x91
 456 00f8 67       		.sleb128 -25
 457 00f9 06       		.uleb128 0x6
 458 00fa 43000000 		.4byte	.LASF15
 459 00fe 01       		.byte	0x1
 460 00ff 69       		.byte	0x69
 461 0100 6F000000 		.4byte	0x6f
 462 0104 02       		.byte	0x2
 463 0105 91       		.byte	0x91
 464 0106 66       		.sleb128 -26
 465 0107 06       		.uleb128 0x6
 466 0108 52010000 		.4byte	.LASF16
 467 010c 01       		.byte	0x1
 468 010d 69       		.byte	0x69
 469 010e 6F000000 		.4byte	0x6f
 470 0112 02       		.byte	0x2
 471 0113 91       		.byte	0x91
 472 0114 65       		.sleb128 -27
 473 0115 06       		.uleb128 0x6
ARM GAS  C:\Users\Doel\AppData\Local\Temp\ccv1eoA4.s 			page 12


 474 0116 0E000000 		.4byte	.LASF17
 475 011a 01       		.byte	0x1
 476 011b 69       		.byte	0x69
 477 011c 6F000000 		.4byte	0x6f
 478 0120 02       		.byte	0x2
 479 0121 91       		.byte	0x91
 480 0122 64       		.sleb128 -28
 481 0123 07       		.uleb128 0x7
 482 0124 14000000 		.4byte	.LASF19
 483 0128 01       		.byte	0x1
 484 0129 6D       		.byte	0x6d
 485 012a 6F000000 		.4byte	0x6f
 486 012e 02       		.byte	0x2
 487 012f 91       		.byte	0x91
 488 0130 6F       		.sleb128 -17
 489 0131 07       		.uleb128 0x7
 490 0132 E7010000 		.4byte	.LASF20
 491 0136 01       		.byte	0x1
 492 0137 6E       		.byte	0x6e
 493 0138 6F000000 		.4byte	0x6f
 494 013c 02       		.byte	0x2
 495 013d 91       		.byte	0x91
 496 013e 6E       		.sleb128 -18
 497 013f 07       		.uleb128 0x7
 498 0140 F5000000 		.4byte	.LASF21
 499 0144 01       		.byte	0x1
 500 0145 6F       		.byte	0x6f
 501 0146 6F000000 		.4byte	0x6f
 502 014a 02       		.byte	0x2
 503 014b 91       		.byte	0x91
 504 014c 6D       		.sleb128 -19
 505 014d 00       		.byte	0
 506 014e 0B       		.uleb128 0xb
 507 014f 6F000000 		.4byte	0x6f
 508 0153 5E010000 		.4byte	0x15e
 509 0157 0C       		.uleb128 0xc
 510 0158 5E010000 		.4byte	0x15e
 511 015c 3F       		.byte	0x3f
 512 015d 00       		.byte	0
 513 015e 02       		.uleb128 0x2
 514 015f 04       		.byte	0x4
 515 0160 07       		.byte	0x7
 516 0161 05010000 		.4byte	.LASF22
 517 0165 0D       		.uleb128 0xd
 518 0166 1B000000 		.4byte	.LASF27
 519 016a 01       		.byte	0x1
 520 016b 15       		.byte	0x15
 521 016c 77010000 		.4byte	0x177
 522 0170 01       		.byte	0x1
 523 0171 05       		.byte	0x5
 524 0172 03       		.byte	0x3
 525 0173 00000000 		.4byte	LCD_Char_customFonts
 526 0177 09       		.uleb128 0x9
 527 0178 4E010000 		.4byte	0x14e
 528 017c 00       		.byte	0
 529              		.section	.debug_abbrev,"",%progbits
 530              	.Ldebug_abbrev0:
ARM GAS  C:\Users\Doel\AppData\Local\Temp\ccv1eoA4.s 			page 13


 531 0000 01       		.uleb128 0x1
 532 0001 11       		.uleb128 0x11
 533 0002 01       		.byte	0x1
 534 0003 25       		.uleb128 0x25
 535 0004 0E       		.uleb128 0xe
 536 0005 13       		.uleb128 0x13
 537 0006 0B       		.uleb128 0xb
 538 0007 03       		.uleb128 0x3
 539 0008 0E       		.uleb128 0xe
 540 0009 1B       		.uleb128 0x1b
 541 000a 0E       		.uleb128 0xe
 542 000b 55       		.uleb128 0x55
 543 000c 06       		.uleb128 0x6
 544 000d 11       		.uleb128 0x11
 545 000e 01       		.uleb128 0x1
 546 000f 52       		.uleb128 0x52
 547 0010 01       		.uleb128 0x1
 548 0011 10       		.uleb128 0x10
 549 0012 06       		.uleb128 0x6
 550 0013 00       		.byte	0
 551 0014 00       		.byte	0
 552 0015 02       		.uleb128 0x2
 553 0016 24       		.uleb128 0x24
 554 0017 00       		.byte	0
 555 0018 0B       		.uleb128 0xb
 556 0019 0B       		.uleb128 0xb
 557 001a 3E       		.uleb128 0x3e
 558 001b 0B       		.uleb128 0xb
 559 001c 03       		.uleb128 0x3
 560 001d 0E       		.uleb128 0xe
 561 001e 00       		.byte	0
 562 001f 00       		.byte	0
 563 0020 03       		.uleb128 0x3
 564 0021 24       		.uleb128 0x24
 565 0022 00       		.byte	0
 566 0023 0B       		.uleb128 0xb
 567 0024 0B       		.uleb128 0xb
 568 0025 3E       		.uleb128 0x3e
 569 0026 0B       		.uleb128 0xb
 570 0027 03       		.uleb128 0x3
 571 0028 08       		.uleb128 0x8
 572 0029 00       		.byte	0
 573 002a 00       		.byte	0
 574 002b 04       		.uleb128 0x4
 575 002c 16       		.uleb128 0x16
 576 002d 00       		.byte	0
 577 002e 03       		.uleb128 0x3
 578 002f 0E       		.uleb128 0xe
 579 0030 3A       		.uleb128 0x3a
 580 0031 0B       		.uleb128 0xb
 581 0032 3B       		.uleb128 0x3b
 582 0033 0B       		.uleb128 0xb
 583 0034 49       		.uleb128 0x49
 584 0035 13       		.uleb128 0x13
 585 0036 00       		.byte	0
 586 0037 00       		.byte	0
 587 0038 05       		.uleb128 0x5
ARM GAS  C:\Users\Doel\AppData\Local\Temp\ccv1eoA4.s 			page 14


 588 0039 2E       		.uleb128 0x2e
 589 003a 01       		.byte	0x1
 590 003b 3F       		.uleb128 0x3f
 591 003c 0C       		.uleb128 0xc
 592 003d 03       		.uleb128 0x3
 593 003e 0E       		.uleb128 0xe
 594 003f 3A       		.uleb128 0x3a
 595 0040 0B       		.uleb128 0xb
 596 0041 3B       		.uleb128 0x3b
 597 0042 0B       		.uleb128 0xb
 598 0043 27       		.uleb128 0x27
 599 0044 0C       		.uleb128 0xc
 600 0045 11       		.uleb128 0x11
 601 0046 01       		.uleb128 0x1
 602 0047 12       		.uleb128 0x12
 603 0048 01       		.uleb128 0x1
 604 0049 40       		.uleb128 0x40
 605 004a 06       		.uleb128 0x6
 606 004b 9642     		.uleb128 0x2116
 607 004d 0C       		.uleb128 0xc
 608 004e 01       		.uleb128 0x1
 609 004f 13       		.uleb128 0x13
 610 0050 00       		.byte	0
 611 0051 00       		.byte	0
 612 0052 06       		.uleb128 0x6
 613 0053 05       		.uleb128 0x5
 614 0054 00       		.byte	0
 615 0055 03       		.uleb128 0x3
 616 0056 0E       		.uleb128 0xe
 617 0057 3A       		.uleb128 0x3a
 618 0058 0B       		.uleb128 0xb
 619 0059 3B       		.uleb128 0x3b
 620 005a 0B       		.uleb128 0xb
 621 005b 49       		.uleb128 0x49
 622 005c 13       		.uleb128 0x13
 623 005d 02       		.uleb128 0x2
 624 005e 0A       		.uleb128 0xa
 625 005f 00       		.byte	0
 626 0060 00       		.byte	0
 627 0061 07       		.uleb128 0x7
 628 0062 34       		.uleb128 0x34
 629 0063 00       		.byte	0
 630 0064 03       		.uleb128 0x3
 631 0065 0E       		.uleb128 0xe
 632 0066 3A       		.uleb128 0x3a
 633 0067 0B       		.uleb128 0xb
 634 0068 3B       		.uleb128 0x3b
 635 0069 0B       		.uleb128 0xb
 636 006a 49       		.uleb128 0x49
 637 006b 13       		.uleb128 0x13
 638 006c 02       		.uleb128 0x2
 639 006d 0A       		.uleb128 0xa
 640 006e 00       		.byte	0
 641 006f 00       		.byte	0
 642 0070 08       		.uleb128 0x8
 643 0071 0F       		.uleb128 0xf
 644 0072 00       		.byte	0
ARM GAS  C:\Users\Doel\AppData\Local\Temp\ccv1eoA4.s 			page 15


 645 0073 0B       		.uleb128 0xb
 646 0074 0B       		.uleb128 0xb
 647 0075 49       		.uleb128 0x49
 648 0076 13       		.uleb128 0x13
 649 0077 00       		.byte	0
 650 0078 00       		.byte	0
 651 0079 09       		.uleb128 0x9
 652 007a 26       		.uleb128 0x26
 653 007b 00       		.byte	0
 654 007c 49       		.uleb128 0x49
 655 007d 13       		.uleb128 0x13
 656 007e 00       		.byte	0
 657 007f 00       		.byte	0
 658 0080 0A       		.uleb128 0xa
 659 0081 05       		.uleb128 0x5
 660 0082 00       		.byte	0
 661 0083 03       		.uleb128 0x3
 662 0084 08       		.uleb128 0x8
 663 0085 3A       		.uleb128 0x3a
 664 0086 0B       		.uleb128 0xb
 665 0087 3B       		.uleb128 0x3b
 666 0088 0B       		.uleb128 0xb
 667 0089 49       		.uleb128 0x49
 668 008a 13       		.uleb128 0x13
 669 008b 02       		.uleb128 0x2
 670 008c 0A       		.uleb128 0xa
 671 008d 00       		.byte	0
 672 008e 00       		.byte	0
 673 008f 0B       		.uleb128 0xb
 674 0090 01       		.uleb128 0x1
 675 0091 01       		.byte	0x1
 676 0092 49       		.uleb128 0x49
 677 0093 13       		.uleb128 0x13
 678 0094 01       		.uleb128 0x1
 679 0095 13       		.uleb128 0x13
 680 0096 00       		.byte	0
 681 0097 00       		.byte	0
 682 0098 0C       		.uleb128 0xc
 683 0099 21       		.uleb128 0x21
 684 009a 00       		.byte	0
 685 009b 49       		.uleb128 0x49
 686 009c 13       		.uleb128 0x13
 687 009d 2F       		.uleb128 0x2f
 688 009e 0B       		.uleb128 0xb
 689 009f 00       		.byte	0
 690 00a0 00       		.byte	0
 691 00a1 0D       		.uleb128 0xd
 692 00a2 34       		.uleb128 0x34
 693 00a3 00       		.byte	0
 694 00a4 03       		.uleb128 0x3
 695 00a5 0E       		.uleb128 0xe
 696 00a6 3A       		.uleb128 0x3a
 697 00a7 0B       		.uleb128 0xb
 698 00a8 3B       		.uleb128 0x3b
 699 00a9 0B       		.uleb128 0xb
 700 00aa 49       		.uleb128 0x49
 701 00ab 13       		.uleb128 0x13
ARM GAS  C:\Users\Doel\AppData\Local\Temp\ccv1eoA4.s 			page 16


 702 00ac 3F       		.uleb128 0x3f
 703 00ad 0C       		.uleb128 0xc
 704 00ae 02       		.uleb128 0x2
 705 00af 0A       		.uleb128 0xa
 706 00b0 00       		.byte	0
 707 00b1 00       		.byte	0
 708 00b2 00       		.byte	0
 709              		.section	.debug_loc,"",%progbits
 710              	.Ldebug_loc0:
 711              	.LLST0:
 712 0000 00000000 		.4byte	.LFB0
 713 0004 02000000 		.4byte	.LCFI0
 714 0008 0200     		.2byte	0x2
 715 000a 7D       		.byte	0x7d
 716 000b 00       		.sleb128 0
 717 000c 02000000 		.4byte	.LCFI0
 718 0010 04000000 		.4byte	.LCFI1
 719 0014 0200     		.2byte	0x2
 720 0016 7D       		.byte	0x7d
 721 0017 08       		.sleb128 8
 722 0018 04000000 		.4byte	.LCFI1
 723 001c 06000000 		.4byte	.LCFI2
 724 0020 0200     		.2byte	0x2
 725 0022 7D       		.byte	0x7d
 726 0023 18       		.sleb128 24
 727 0024 06000000 		.4byte	.LCFI2
 728 0028 56000000 		.4byte	.LFE0
 729 002c 0200     		.2byte	0x2
 730 002e 77       		.byte	0x77
 731 002f 18       		.sleb128 24
 732 0030 00000000 		.4byte	0
 733 0034 00000000 		.4byte	0
 734              	.LLST1:
 735 0038 00000000 		.4byte	.LFB1
 736 003c 02000000 		.4byte	.LCFI3
 737 0040 0200     		.2byte	0x2
 738 0042 7D       		.byte	0x7d
 739 0043 00       		.sleb128 0
 740 0044 02000000 		.4byte	.LCFI3
 741 0048 04000000 		.4byte	.LCFI4
 742 004c 0200     		.2byte	0x2
 743 004e 7D       		.byte	0x7d
 744 004f 0C       		.sleb128 12
 745 0050 04000000 		.4byte	.LCFI4
 746 0054 06000000 		.4byte	.LCFI5
 747 0058 0200     		.2byte	0x2
 748 005a 7D       		.byte	0x7d
 749 005b 20       		.sleb128 32
 750 005c 06000000 		.4byte	.LCFI5
 751 0060 02010000 		.4byte	.LFE1
 752 0064 0200     		.2byte	0x2
 753 0066 77       		.byte	0x77
 754 0067 20       		.sleb128 32
 755 0068 00000000 		.4byte	0
 756 006c 00000000 		.4byte	0
 757              		.section	.debug_aranges,"",%progbits
 758 0000 24000000 		.4byte	0x24
ARM GAS  C:\Users\Doel\AppData\Local\Temp\ccv1eoA4.s 			page 17


 759 0004 0200     		.2byte	0x2
 760 0006 00000000 		.4byte	.Ldebug_info0
 761 000a 04       		.byte	0x4
 762 000b 00       		.byte	0
 763 000c 0000     		.2byte	0
 764 000e 0000     		.2byte	0
 765 0010 00000000 		.4byte	.LFB0
 766 0014 56000000 		.4byte	.LFE0-.LFB0
 767 0018 00000000 		.4byte	.LFB1
 768 001c 02010000 		.4byte	.LFE1-.LFB1
 769 0020 00000000 		.4byte	0
 770 0024 00000000 		.4byte	0
 771              		.section	.debug_ranges,"",%progbits
 772              	.Ldebug_ranges0:
 773 0000 00000000 		.4byte	.LFB0
 774 0004 56000000 		.4byte	.LFE0
 775 0008 00000000 		.4byte	.LFB1
 776 000c 02010000 		.4byte	.LFE1
 777 0010 00000000 		.4byte	0
 778 0014 00000000 		.4byte	0
 779              		.section	.debug_line,"",%progbits
 780              	.Ldebug_line0:
 781 0000 BA000000 		.section	.debug_str,"MS",%progbits,1
 781      02005000 
 781      00000201 
 781      FB0E0D00 
 781      01010101 
 782              	.LASF6:
 783 0000 6C6F6E67 		.ascii	"long long int\000"
 783      206C6F6E 
 783      6720696E 
 783      7400
 784              	.LASF17:
 785 000e 76616C75 		.ascii	"value\000"
 785      6500
 786              	.LASF19:
 787 0014 636F756E 		.ascii	"count8\000"
 787      743800
 788              	.LASF27:
 789 001b 4C43445F 		.ascii	"LCD_Char_customFonts\000"
 789      43686172 
 789      5F637573 
 789      746F6D46 
 789      6F6E7473 
 790              	.LASF18:
 791 0030 696E6465 		.ascii	"indexU8\000"
 791      78553800 
 792              	.LASF14:
 793 0038 63757374 		.ascii	"customData\000"
 793      6F6D4461 
 793      746100
 794              	.LASF15:
 795 0043 636F6C75 		.ascii	"column\000"
 795      6D6E00
 796              	.LASF9:
 797 004a 666C6F61 		.ascii	"float\000"
 797      7400
ARM GAS  C:\Users\Doel\AppData\Local\Temp\ccv1eoA4.s 			page 18


 798              	.LASF1:
 799 0050 756E7369 		.ascii	"unsigned char\000"
 799      676E6564 
 799      20636861 
 799      7200
 800              	.LASF5:
 801 005e 6C6F6E67 		.ascii	"long unsigned int\000"
 801      20756E73 
 801      69676E65 
 801      6420696E 
 801      7400
 802              	.LASF3:
 803 0070 73686F72 		.ascii	"short unsigned int\000"
 803      7420756E 
 803      7369676E 
 803      65642069 
 803      6E7400
 804              	.LASF10:
 805 0083 646F7562 		.ascii	"double\000"
 805      6C6500
 806              	.LASF24:
 807 008a 2E5C4765 		.ascii	".\\Generated_Source\\PSoC4\\LCD_Char_BarGraph.c\000"
 807      6E657261 
 807      7465645F 
 807      536F7572 
 807      63655C50 
 808              	.LASF8:
 809 00b7 756E7369 		.ascii	"unsigned int\000"
 809      676E6564 
 809      20696E74 
 809      00
 810              	.LASF7:
 811 00c4 6C6F6E67 		.ascii	"long long unsigned int\000"
 811      206C6F6E 
 811      6720756E 
 811      7369676E 
 811      65642069 
 812              	.LASF13:
 813 00db 4C43445F 		.ascii	"LCD_Char_DrawHorizontalBG\000"
 813      43686172 
 813      5F447261 
 813      77486F72 
 813      697A6F6E 
 814              	.LASF21:
 815 00f5 72656D61 		.ascii	"remainingPixels\000"
 815      696E696E 
 815      67506978 
 815      656C7300 
 816              	.LASF22:
 817 0105 73697A65 		.ascii	"sizetype\000"
 817      74797065 
 817      00
 818              	.LASF25:
 819 010e 473A5C43 		.ascii	"G:\\Cypress PSoC\\Liquid Crystal Display\\Ultrasoni"
 819      79707265 
 819      73732050 
 819      536F435C 
ARM GAS  C:\Users\Doel\AppData\Local\Temp\ccv1eoA4.s 			page 19


 819      4C697175 
 820 013e 63205261 		.ascii	"c Ranger.cydsn\000"
 820      6E676572 
 820      2E637964 
 820      736E00
 821              	.LASF11:
 822 014d 63686172 		.ascii	"char\000"
 822      00
 823              	.LASF16:
 824 0152 6D617843 		.ascii	"maxCharacters\000"
 824      68617261 
 824      63746572 
 824      7300
 825              	.LASF12:
 826 0160 4C43445F 		.ascii	"LCD_Char_LoadCustomFonts\000"
 826      43686172 
 826      5F4C6F61 
 826      64437573 
 826      746F6D46 
 827              	.LASF2:
 828 0179 73686F72 		.ascii	"short int\000"
 828      7420696E 
 828      7400
 829              	.LASF26:
 830 0183 75696E74 		.ascii	"uint8\000"
 830      3800
 831              	.LASF23:
 832 0189 474E5520 		.ascii	"GNU C 4.7.3 20130312 (release) [ARM/embedded-4_7-br"
 832      4320342E 
 832      372E3320 
 832      32303133 
 832      30333132 
 833 01bc 616E6368 		.ascii	"anch revision 196615]\000"
 833      20726576 
 833      6973696F 
 833      6E203139 
 833      36363135 
 834              	.LASF4:
 835 01d2 6C6F6E67 		.ascii	"long int\000"
 835      20696E74 
 835      00
 836              	.LASF0:
 837 01db 7369676E 		.ascii	"signed char\000"
 837      65642063 
 837      68617200 
 838              	.LASF20:
 839 01e7 66756C6C 		.ascii	"fullChars\000"
 839      43686172 
 839      7300
 840              		.ident	"GCC: (GNU Tools for ARM Embedded Processors) 4.7.3 20130312 (release) [ARM/embedded-4_7-br
