ARM GAS  C:\Users\quint\AppData\Local\Temp\ccHe3yPb.s 			page 1


   1              		.syntax unified
   2              		.cpu cortex-m0plus
   3              		.fpu softvfp
   4              		.eabi_attribute 20, 1
   5              		.eabi_attribute 21, 1
   6              		.eabi_attribute 23, 3
   7              		.eabi_attribute 24, 1
   8              		.eabi_attribute 25, 1
   9              		.eabi_attribute 26, 1
  10              		.eabi_attribute 30, 1
  11              		.eabi_attribute 34, 0
  12              		.eabi_attribute 18, 4
  13              		.thumb
  14              		.syntax unified
  15              		.file	"main_cm0p.c"
  16              		.text
  17              	.Ltext0:
  18              		.cfi_sections	.debug_frame
  19              		.section	.text.main,"ax",%progbits
  20              		.align	2
  21              		.global	main
  22              		.code	16
  23              		.thumb_func
  24              		.type	main, %function
  25              	main:
  26              	.LFB562:
  27              		.file 1 "main_cm0p.c"
   1:main_cm0p.c   **** /* ========================================
   2:main_cm0p.c   ****  *
   3:main_cm0p.c   ****  * Copyright YOUR COMPANY, THE YEAR
   4:main_cm0p.c   ****  * All Rights Reserved
   5:main_cm0p.c   ****  * UNPUBLISHED, LICENSED SOFTWARE.
   6:main_cm0p.c   ****  *
   7:main_cm0p.c   ****  * CONFIDENTIAL AND PROPRIETARY INFORMATION
   8:main_cm0p.c   ****  * WHICH IS THE PROPERTY OF your company.
   9:main_cm0p.c   ****  *
  10:main_cm0p.c   ****  * ========================================
  11:main_cm0p.c   **** */
  12:main_cm0p.c   **** #include "project.h"
  13:main_cm0p.c   **** 
  14:main_cm0p.c   **** int main(void)
  15:main_cm0p.c   **** {
  28              		.loc 1 15 0
  29              		.cfi_startproc
  30              		@ Volatile: function does not return.
  31              		@ args = 0, pretend = 0, frame = 0
  32              		@ frame_needed = 0, uses_anonymous_args = 0
  33 0000 10B5     		push	{r4, lr}
  34              		.cfi_def_cfa_offset 8
  35              		.cfi_offset 4, -8
  36              		.cfi_offset 14, -4
  37              	.LBB4:
  38              	.LBB5:
  39              		.file 2 "Generated_Source\\PSoC6\\pdl\\cmsis/include/cmsis_gcc.h"
   1:Generated_Source\PSoC6\pdl\cmsis/include/cmsis_gcc.h **** /**************************************************************************//**
   2:Generated_Source\PSoC6\pdl\cmsis/include/cmsis_gcc.h ****  * @file     cmsis_gcc.h
   3:Generated_Source\PSoC6\pdl\cmsis/include/cmsis_gcc.h ****  * @brief    CMSIS compiler GCC header file
ARM GAS  C:\Users\quint\AppData\Local\Temp\ccHe3yPb.s 			page 2


   4:Generated_Source\PSoC6\pdl\cmsis/include/cmsis_gcc.h ****  * @version  V5.0.3
   5:Generated_Source\PSoC6\pdl\cmsis/include/cmsis_gcc.h ****  * @date     16. January 2018
   6:Generated_Source\PSoC6\pdl\cmsis/include/cmsis_gcc.h ****  ******************************************************************************/
   7:Generated_Source\PSoC6\pdl\cmsis/include/cmsis_gcc.h **** /*
   8:Generated_Source\PSoC6\pdl\cmsis/include/cmsis_gcc.h ****  * Copyright (c) 2009-2017 ARM Limited. All rights reserved.
   9:Generated_Source\PSoC6\pdl\cmsis/include/cmsis_gcc.h ****  *
  10:Generated_Source\PSoC6\pdl\cmsis/include/cmsis_gcc.h ****  * SPDX-License-Identifier: Apache-2.0
  11:Generated_Source\PSoC6\pdl\cmsis/include/cmsis_gcc.h ****  *
  12:Generated_Source\PSoC6\pdl\cmsis/include/cmsis_gcc.h ****  * Licensed under the Apache License, Version 2.0 (the License); you may
  13:Generated_Source\PSoC6\pdl\cmsis/include/cmsis_gcc.h ****  * not use this file except in compliance with the License.
  14:Generated_Source\PSoC6\pdl\cmsis/include/cmsis_gcc.h ****  * You may obtain a copy of the License at
  15:Generated_Source\PSoC6\pdl\cmsis/include/cmsis_gcc.h ****  *
  16:Generated_Source\PSoC6\pdl\cmsis/include/cmsis_gcc.h ****  * www.apache.org/licenses/LICENSE-2.0
  17:Generated_Source\PSoC6\pdl\cmsis/include/cmsis_gcc.h ****  *
  18:Generated_Source\PSoC6\pdl\cmsis/include/cmsis_gcc.h ****  * Unless required by applicable law or agreed to in writing, software
  19:Generated_Source\PSoC6\pdl\cmsis/include/cmsis_gcc.h ****  * distributed under the License is distributed on an AS IS BASIS, WITHOUT
  20:Generated_Source\PSoC6\pdl\cmsis/include/cmsis_gcc.h ****  * WARRANTIES OR CONDITIONS OF ANY KIND, either express or implied.
  21:Generated_Source\PSoC6\pdl\cmsis/include/cmsis_gcc.h ****  * See the License for the specific language governing permissions and
  22:Generated_Source\PSoC6\pdl\cmsis/include/cmsis_gcc.h ****  * limitations under the License.
  23:Generated_Source\PSoC6\pdl\cmsis/include/cmsis_gcc.h ****  */
  24:Generated_Source\PSoC6\pdl\cmsis/include/cmsis_gcc.h **** 
  25:Generated_Source\PSoC6\pdl\cmsis/include/cmsis_gcc.h **** #ifndef __CMSIS_GCC_H
  26:Generated_Source\PSoC6\pdl\cmsis/include/cmsis_gcc.h **** #define __CMSIS_GCC_H
  27:Generated_Source\PSoC6\pdl\cmsis/include/cmsis_gcc.h **** 
  28:Generated_Source\PSoC6\pdl\cmsis/include/cmsis_gcc.h **** /* ignore some GCC warnings */
  29:Generated_Source\PSoC6\pdl\cmsis/include/cmsis_gcc.h **** #pragma GCC diagnostic push
  30:Generated_Source\PSoC6\pdl\cmsis/include/cmsis_gcc.h **** #pragma GCC diagnostic ignored "-Wsign-conversion"
  31:Generated_Source\PSoC6\pdl\cmsis/include/cmsis_gcc.h **** #pragma GCC diagnostic ignored "-Wconversion"
  32:Generated_Source\PSoC6\pdl\cmsis/include/cmsis_gcc.h **** #pragma GCC diagnostic ignored "-Wunused-parameter"
  33:Generated_Source\PSoC6\pdl\cmsis/include/cmsis_gcc.h **** 
  34:Generated_Source\PSoC6\pdl\cmsis/include/cmsis_gcc.h **** /* Fallback for __has_builtin */
  35:Generated_Source\PSoC6\pdl\cmsis/include/cmsis_gcc.h **** #ifndef __has_builtin
  36:Generated_Source\PSoC6\pdl\cmsis/include/cmsis_gcc.h ****   #define __has_builtin(x) (0)
  37:Generated_Source\PSoC6\pdl\cmsis/include/cmsis_gcc.h **** #endif
  38:Generated_Source\PSoC6\pdl\cmsis/include/cmsis_gcc.h **** 
  39:Generated_Source\PSoC6\pdl\cmsis/include/cmsis_gcc.h **** /* CMSIS compiler specific defines */
  40:Generated_Source\PSoC6\pdl\cmsis/include/cmsis_gcc.h **** #ifndef   __ASM
  41:Generated_Source\PSoC6\pdl\cmsis/include/cmsis_gcc.h ****   #define __ASM                                  __asm
  42:Generated_Source\PSoC6\pdl\cmsis/include/cmsis_gcc.h **** #endif
  43:Generated_Source\PSoC6\pdl\cmsis/include/cmsis_gcc.h **** #ifndef   __INLINE
  44:Generated_Source\PSoC6\pdl\cmsis/include/cmsis_gcc.h ****   #define __INLINE                               inline
  45:Generated_Source\PSoC6\pdl\cmsis/include/cmsis_gcc.h **** #endif
  46:Generated_Source\PSoC6\pdl\cmsis/include/cmsis_gcc.h **** #ifndef   __STATIC_INLINE
  47:Generated_Source\PSoC6\pdl\cmsis/include/cmsis_gcc.h ****   #define __STATIC_INLINE                        static inline
  48:Generated_Source\PSoC6\pdl\cmsis/include/cmsis_gcc.h **** #endif
  49:Generated_Source\PSoC6\pdl\cmsis/include/cmsis_gcc.h **** #ifndef   __STATIC_FORCEINLINE                 
  50:Generated_Source\PSoC6\pdl\cmsis/include/cmsis_gcc.h ****   #define __STATIC_FORCEINLINE                   __attribute__((always_inline)) static inline
  51:Generated_Source\PSoC6\pdl\cmsis/include/cmsis_gcc.h **** #endif                                           
  52:Generated_Source\PSoC6\pdl\cmsis/include/cmsis_gcc.h **** #ifndef   __NO_RETURN
  53:Generated_Source\PSoC6\pdl\cmsis/include/cmsis_gcc.h ****   #define __NO_RETURN                            __attribute__((__noreturn__))
  54:Generated_Source\PSoC6\pdl\cmsis/include/cmsis_gcc.h **** #endif
  55:Generated_Source\PSoC6\pdl\cmsis/include/cmsis_gcc.h **** #ifndef   __USED
  56:Generated_Source\PSoC6\pdl\cmsis/include/cmsis_gcc.h ****   #define __USED                                 __attribute__((used))
  57:Generated_Source\PSoC6\pdl\cmsis/include/cmsis_gcc.h **** #endif
  58:Generated_Source\PSoC6\pdl\cmsis/include/cmsis_gcc.h **** #ifndef   __WEAK
  59:Generated_Source\PSoC6\pdl\cmsis/include/cmsis_gcc.h ****   #define __WEAK                                 __attribute__((weak))
  60:Generated_Source\PSoC6\pdl\cmsis/include/cmsis_gcc.h **** #endif
ARM GAS  C:\Users\quint\AppData\Local\Temp\ccHe3yPb.s 			page 3


  61:Generated_Source\PSoC6\pdl\cmsis/include/cmsis_gcc.h **** #ifndef   __PACKED
  62:Generated_Source\PSoC6\pdl\cmsis/include/cmsis_gcc.h ****   #define __PACKED                               __attribute__((packed, aligned(1)))
  63:Generated_Source\PSoC6\pdl\cmsis/include/cmsis_gcc.h **** #endif
  64:Generated_Source\PSoC6\pdl\cmsis/include/cmsis_gcc.h **** #ifndef   __PACKED_STRUCT
  65:Generated_Source\PSoC6\pdl\cmsis/include/cmsis_gcc.h ****   #define __PACKED_STRUCT                        struct __attribute__((packed, aligned(1)))
  66:Generated_Source\PSoC6\pdl\cmsis/include/cmsis_gcc.h **** #endif
  67:Generated_Source\PSoC6\pdl\cmsis/include/cmsis_gcc.h **** #ifndef   __PACKED_UNION
  68:Generated_Source\PSoC6\pdl\cmsis/include/cmsis_gcc.h ****   #define __PACKED_UNION                         union __attribute__((packed, aligned(1)))
  69:Generated_Source\PSoC6\pdl\cmsis/include/cmsis_gcc.h **** #endif
  70:Generated_Source\PSoC6\pdl\cmsis/include/cmsis_gcc.h **** #ifndef   __UNALIGNED_UINT32        /* deprecated */
  71:Generated_Source\PSoC6\pdl\cmsis/include/cmsis_gcc.h ****   #pragma GCC diagnostic push
  72:Generated_Source\PSoC6\pdl\cmsis/include/cmsis_gcc.h ****   #pragma GCC diagnostic ignored "-Wpacked"
  73:Generated_Source\PSoC6\pdl\cmsis/include/cmsis_gcc.h ****   #pragma GCC diagnostic ignored "-Wattributes"
  74:Generated_Source\PSoC6\pdl\cmsis/include/cmsis_gcc.h ****   struct __attribute__((packed)) T_UINT32 { uint32_t v; };
  75:Generated_Source\PSoC6\pdl\cmsis/include/cmsis_gcc.h ****   #pragma GCC diagnostic pop
  76:Generated_Source\PSoC6\pdl\cmsis/include/cmsis_gcc.h ****   #define __UNALIGNED_UINT32(x)                  (((struct T_UINT32 *)(x))->v)
  77:Generated_Source\PSoC6\pdl\cmsis/include/cmsis_gcc.h **** #endif
  78:Generated_Source\PSoC6\pdl\cmsis/include/cmsis_gcc.h **** #ifndef   __UNALIGNED_UINT16_WRITE
  79:Generated_Source\PSoC6\pdl\cmsis/include/cmsis_gcc.h ****   #pragma GCC diagnostic push
  80:Generated_Source\PSoC6\pdl\cmsis/include/cmsis_gcc.h ****   #pragma GCC diagnostic ignored "-Wpacked"
  81:Generated_Source\PSoC6\pdl\cmsis/include/cmsis_gcc.h ****   #pragma GCC diagnostic ignored "-Wattributes"
  82:Generated_Source\PSoC6\pdl\cmsis/include/cmsis_gcc.h ****   __PACKED_STRUCT T_UINT16_WRITE { uint16_t v; };
  83:Generated_Source\PSoC6\pdl\cmsis/include/cmsis_gcc.h ****   #pragma GCC diagnostic pop
  84:Generated_Source\PSoC6\pdl\cmsis/include/cmsis_gcc.h ****   #define __UNALIGNED_UINT16_WRITE(addr, val)    (void)((((struct T_UINT16_WRITE *)(void *)(addr))-
  85:Generated_Source\PSoC6\pdl\cmsis/include/cmsis_gcc.h **** #endif
  86:Generated_Source\PSoC6\pdl\cmsis/include/cmsis_gcc.h **** #ifndef   __UNALIGNED_UINT16_READ
  87:Generated_Source\PSoC6\pdl\cmsis/include/cmsis_gcc.h ****   #pragma GCC diagnostic push
  88:Generated_Source\PSoC6\pdl\cmsis/include/cmsis_gcc.h ****   #pragma GCC diagnostic ignored "-Wpacked"
  89:Generated_Source\PSoC6\pdl\cmsis/include/cmsis_gcc.h ****   #pragma GCC diagnostic ignored "-Wattributes"
  90:Generated_Source\PSoC6\pdl\cmsis/include/cmsis_gcc.h ****   __PACKED_STRUCT T_UINT16_READ { uint16_t v; };
  91:Generated_Source\PSoC6\pdl\cmsis/include/cmsis_gcc.h ****   #pragma GCC diagnostic pop
  92:Generated_Source\PSoC6\pdl\cmsis/include/cmsis_gcc.h ****   #define __UNALIGNED_UINT16_READ(addr)          (((const struct T_UINT16_READ *)(const void *)(add
  93:Generated_Source\PSoC6\pdl\cmsis/include/cmsis_gcc.h **** #endif
  94:Generated_Source\PSoC6\pdl\cmsis/include/cmsis_gcc.h **** #ifndef   __UNALIGNED_UINT32_WRITE
  95:Generated_Source\PSoC6\pdl\cmsis/include/cmsis_gcc.h ****   #pragma GCC diagnostic push
  96:Generated_Source\PSoC6\pdl\cmsis/include/cmsis_gcc.h ****   #pragma GCC diagnostic ignored "-Wpacked"
  97:Generated_Source\PSoC6\pdl\cmsis/include/cmsis_gcc.h ****   #pragma GCC diagnostic ignored "-Wattributes"
  98:Generated_Source\PSoC6\pdl\cmsis/include/cmsis_gcc.h ****   __PACKED_STRUCT T_UINT32_WRITE { uint32_t v; };
  99:Generated_Source\PSoC6\pdl\cmsis/include/cmsis_gcc.h ****   #pragma GCC diagnostic pop
 100:Generated_Source\PSoC6\pdl\cmsis/include/cmsis_gcc.h ****   #define __UNALIGNED_UINT32_WRITE(addr, val)    (void)((((struct T_UINT32_WRITE *)(void *)(addr))-
 101:Generated_Source\PSoC6\pdl\cmsis/include/cmsis_gcc.h **** #endif
 102:Generated_Source\PSoC6\pdl\cmsis/include/cmsis_gcc.h **** #ifndef   __UNALIGNED_UINT32_READ
 103:Generated_Source\PSoC6\pdl\cmsis/include/cmsis_gcc.h ****   #pragma GCC diagnostic push
 104:Generated_Source\PSoC6\pdl\cmsis/include/cmsis_gcc.h ****   #pragma GCC diagnostic ignored "-Wpacked"
 105:Generated_Source\PSoC6\pdl\cmsis/include/cmsis_gcc.h ****   #pragma GCC diagnostic ignored "-Wattributes"
 106:Generated_Source\PSoC6\pdl\cmsis/include/cmsis_gcc.h ****   __PACKED_STRUCT T_UINT32_READ { uint32_t v; };
 107:Generated_Source\PSoC6\pdl\cmsis/include/cmsis_gcc.h ****   #pragma GCC diagnostic pop
 108:Generated_Source\PSoC6\pdl\cmsis/include/cmsis_gcc.h ****   #define __UNALIGNED_UINT32_READ(addr)          (((const struct T_UINT32_READ *)(const void *)(add
 109:Generated_Source\PSoC6\pdl\cmsis/include/cmsis_gcc.h **** #endif
 110:Generated_Source\PSoC6\pdl\cmsis/include/cmsis_gcc.h **** #ifndef   __ALIGNED
 111:Generated_Source\PSoC6\pdl\cmsis/include/cmsis_gcc.h ****   #define __ALIGNED(x)                           __attribute__((aligned(x)))
 112:Generated_Source\PSoC6\pdl\cmsis/include/cmsis_gcc.h **** #endif
 113:Generated_Source\PSoC6\pdl\cmsis/include/cmsis_gcc.h **** #ifndef   __RESTRICT
 114:Generated_Source\PSoC6\pdl\cmsis/include/cmsis_gcc.h ****   #define __RESTRICT                             __restrict
 115:Generated_Source\PSoC6\pdl\cmsis/include/cmsis_gcc.h **** #endif
 116:Generated_Source\PSoC6\pdl\cmsis/include/cmsis_gcc.h **** 
 117:Generated_Source\PSoC6\pdl\cmsis/include/cmsis_gcc.h **** 
ARM GAS  C:\Users\quint\AppData\Local\Temp\ccHe3yPb.s 			page 4


 118:Generated_Source\PSoC6\pdl\cmsis/include/cmsis_gcc.h **** /* ###########################  Core Function Access  ########################### */
 119:Generated_Source\PSoC6\pdl\cmsis/include/cmsis_gcc.h **** /** \ingroup  CMSIS_Core_FunctionInterface
 120:Generated_Source\PSoC6\pdl\cmsis/include/cmsis_gcc.h ****     \defgroup CMSIS_Core_RegAccFunctions CMSIS Core Register Access Functions
 121:Generated_Source\PSoC6\pdl\cmsis/include/cmsis_gcc.h ****   @{
 122:Generated_Source\PSoC6\pdl\cmsis/include/cmsis_gcc.h ****  */
 123:Generated_Source\PSoC6\pdl\cmsis/include/cmsis_gcc.h **** 
 124:Generated_Source\PSoC6\pdl\cmsis/include/cmsis_gcc.h **** /**
 125:Generated_Source\PSoC6\pdl\cmsis/include/cmsis_gcc.h ****   \brief   Enable IRQ Interrupts
 126:Generated_Source\PSoC6\pdl\cmsis/include/cmsis_gcc.h ****   \details Enables IRQ interrupts by clearing the I-bit in the CPSR.
 127:Generated_Source\PSoC6\pdl\cmsis/include/cmsis_gcc.h ****            Can only be executed in Privileged modes.
 128:Generated_Source\PSoC6\pdl\cmsis/include/cmsis_gcc.h ****  */
 129:Generated_Source\PSoC6\pdl\cmsis/include/cmsis_gcc.h **** __STATIC_FORCEINLINE void __enable_irq(void)
 130:Generated_Source\PSoC6\pdl\cmsis/include/cmsis_gcc.h **** {
 131:Generated_Source\PSoC6\pdl\cmsis/include/cmsis_gcc.h ****   __ASM volatile ("cpsie i" : : : "memory");
  40              		.loc 2 131 0
  41              		.syntax divided
  42              	@ 131 "Generated_Source\PSoC6\pdl\cmsis/include/cmsis_gcc.h" 1
  43 0002 62B6     		cpsie i
  44              	@ 0 "" 2
  45              		.thumb
  46              		.syntax unified
  47              	.LBE5:
  48              	.LBE4:
  16:main_cm0p.c   ****     __enable_irq(); /* Enable global interrupts. */
  17:main_cm0p.c   ****     /* Enable CM4.  CY_CORTEX_M4_APPL_ADDR must be updated if CM4 memory layout is changed. */
  18:main_cm0p.c   ****     Cy_SysEnableCM4(CY_CORTEX_M4_APPL_ADDR); 
  49              		.loc 1 18 0
  50 0004 0148     		ldr	r0, .L3
  51 0006 FFF7FEFF 		bl	Cy_SysEnableCM4
  52              	.LVL0:
  53              	.L2:
  54 000a FEE7     		b	.L2
  55              	.L4:
  56              		.align	2
  57              	.L3:
  58 000c 00000810 		.word	268959744
  59              		.cfi_endproc
  60              	.LFE562:
  61              		.size	main, .-main
  62              		.text
  63              	.Letext0:
  64              		.file 3 "c:\\program files (x86)\\cypress\\psoc creator\\4.2\\psoc creator\\import\\gnu\\arm\\5.4.
  65              		.file 4 "c:\\program files (x86)\\cypress\\psoc creator\\4.2\\psoc creator\\import\\gnu\\arm\\5.4.
  66              		.file 5 "Generated_Source\\PSoC6\\pdl\\drivers/peripheral/device/cy_device.h"
  67              		.file 6 "Generated_Source\\PSoC6\\pdl\\drivers/peripheral/scb/cy_scb_spi.h"
  68              		.file 7 "Generated_Source\\PSoC6\\pdl\\drivers/peripheral/scb/cy_scb_uart.h"
  69              		.file 8 "Generated_Source\\PSoC6\\pdl\\drivers/peripheral/tcpwm/cy_tcpwm_counter.h"
  70              		.file 9 "Generated_Source\\PSoC6\\pdl\\drivers/peripheral/tcpwm/cy_tcpwm_pwm.h"
  71              		.file 10 "Generated_Source\\PSoC6/PWM_Motor1.h"
  72              		.file 11 "Generated_Source\\PSoC6/PWM_Motor2.h"
  73              		.file 12 "Generated_Source\\PSoC6/UART_1.h"
  74              		.file 13 "Generated_Source\\PSoC6/SPI_1.h"
  75              		.file 14 "Generated_Source\\PSoC6/Counter_1.h"
  76              		.file 15 "./system_psoc6.h"
  77              		.section	.debug_info,"",%progbits
  78              	.Ldebug_info0:
  79 0000 7C090000 		.4byte	0x97c
ARM GAS  C:\Users\quint\AppData\Local\Temp\ccHe3yPb.s 			page 5


  80 0004 0400     		.2byte	0x4
  81 0006 00000000 		.4byte	.Ldebug_abbrev0
  82 000a 04       		.byte	0x4
  83 000b 01       		.uleb128 0x1
  84 000c E1070000 		.4byte	.LASF174
  85 0010 0C       		.byte	0xc
  86 0011 8F000000 		.4byte	.LASF175
  87 0015 81010000 		.4byte	.LASF176
  88 0019 00000000 		.4byte	.Ldebug_ranges0+0
  89 001d 00000000 		.4byte	0
  90 0021 00000000 		.4byte	.Ldebug_line0
  91 0025 02       		.uleb128 0x2
  92 0026 02       		.byte	0x2
  93 0027 05       		.byte	0x5
  94 0028 40070000 		.4byte	.LASF0
  95 002c 02       		.uleb128 0x2
  96 002d 01       		.byte	0x1
  97 002e 08       		.byte	0x8
  98 002f 1E070000 		.4byte	.LASF1
  99 0033 02       		.uleb128 0x2
 100 0034 01       		.byte	0x1
 101 0035 06       		.byte	0x6
 102 0036 A8090000 		.4byte	.LASF2
 103 003a 03       		.uleb128 0x3
 104 003b B6000000 		.4byte	.LASF3
 105 003f 03       		.byte	0x3
 106 0040 1D       		.byte	0x1d
 107 0041 2C000000 		.4byte	0x2c
 108 0045 03       		.uleb128 0x3
 109 0046 E0030000 		.4byte	.LASF4
 110 004a 03       		.byte	0x3
 111 004b 29       		.byte	0x29
 112 004c 25000000 		.4byte	0x25
 113 0050 03       		.uleb128 0x3
 114 0051 B2080000 		.4byte	.LASF5
 115 0055 03       		.byte	0x3
 116 0056 2B       		.byte	0x2b
 117 0057 5B000000 		.4byte	0x5b
 118 005b 02       		.uleb128 0x2
 119 005c 02       		.byte	0x2
 120 005d 07       		.byte	0x7
 121 005e 09090000 		.4byte	.LASF6
 122 0062 02       		.uleb128 0x2
 123 0063 04       		.byte	0x4
 124 0064 05       		.byte	0x5
 125 0065 FA020000 		.4byte	.LASF7
 126 0069 03       		.uleb128 0x3
 127 006a C5030000 		.4byte	.LASF8
 128 006e 03       		.byte	0x3
 129 006f 41       		.byte	0x41
 130 0070 74000000 		.4byte	0x74
 131 0074 02       		.uleb128 0x2
 132 0075 04       		.byte	0x4
 133 0076 07       		.byte	0x7
 134 0077 7F040000 		.4byte	.LASF9
 135 007b 02       		.uleb128 0x2
 136 007c 08       		.byte	0x8
ARM GAS  C:\Users\quint\AppData\Local\Temp\ccHe3yPb.s 			page 6


 137 007d 05       		.byte	0x5
 138 007e 19020000 		.4byte	.LASF10
 139 0082 02       		.uleb128 0x2
 140 0083 08       		.byte	0x8
 141 0084 07       		.byte	0x7
 142 0085 33010000 		.4byte	.LASF11
 143 0089 04       		.uleb128 0x4
 144 008a 04       		.byte	0x4
 145 008b 05       		.byte	0x5
 146 008c 696E7400 		.ascii	"int\000"
 147 0090 02       		.uleb128 0x2
 148 0091 04       		.byte	0x4
 149 0092 07       		.byte	0x7
 150 0093 43040000 		.4byte	.LASF12
 151 0097 03       		.uleb128 0x3
 152 0098 080A0000 		.4byte	.LASF13
 153 009c 04       		.byte	0x4
 154 009d 18       		.byte	0x18
 155 009e 3A000000 		.4byte	0x3a
 156 00a2 03       		.uleb128 0x3
 157 00a3 11020000 		.4byte	.LASF14
 158 00a7 04       		.byte	0x4
 159 00a8 20       		.byte	0x20
 160 00a9 45000000 		.4byte	0x45
 161 00ad 03       		.uleb128 0x3
 162 00ae 50040000 		.4byte	.LASF15
 163 00b2 04       		.byte	0x4
 164 00b3 24       		.byte	0x24
 165 00b4 50000000 		.4byte	0x50
 166 00b8 03       		.uleb128 0x3
 167 00b9 C3070000 		.4byte	.LASF16
 168 00bd 04       		.byte	0x4
 169 00be 30       		.byte	0x30
 170 00bf 69000000 		.4byte	0x69
 171 00c3 02       		.uleb128 0x2
 172 00c4 04       		.byte	0x4
 173 00c5 07       		.byte	0x7
 174 00c6 1A060000 		.4byte	.LASF17
 175 00ca 05       		.uleb128 0x5
 176 00cb B8000000 		.4byte	0xb8
 177 00cf 02       		.uleb128 0x2
 178 00d0 08       		.byte	0x8
 179 00d1 04       		.byte	0x4
 180 00d2 7C080000 		.4byte	.LASF18
 181 00d6 06       		.uleb128 0x6
 182 00d7 B8       		.byte	0xb8
 183 00d8 05       		.byte	0x5
 184 00d9 34       		.byte	0x34
 185 00da E7040000 		.4byte	0x4e7
 186 00de 07       		.uleb128 0x7
 187 00df 09010000 		.4byte	.LASF19
 188 00e3 05       		.byte	0x5
 189 00e4 37       		.byte	0x37
 190 00e5 B8000000 		.4byte	0xb8
 191 00e9 00       		.byte	0
 192 00ea 07       		.uleb128 0x7
 193 00eb BA030000 		.4byte	.LASF20
ARM GAS  C:\Users\quint\AppData\Local\Temp\ccHe3yPb.s 			page 7


 194 00ef 05       		.byte	0x5
 195 00f0 38       		.byte	0x38
 196 00f1 B8000000 		.4byte	0xb8
 197 00f5 04       		.byte	0x4
 198 00f6 07       		.uleb128 0x7
 199 00f7 32030000 		.4byte	.LASF21
 200 00fb 05       		.byte	0x5
 201 00fc 39       		.byte	0x39
 202 00fd B8000000 		.4byte	0xb8
 203 0101 08       		.byte	0x8
 204 0102 07       		.uleb128 0x7
 205 0103 10070000 		.4byte	.LASF22
 206 0107 05       		.byte	0x5
 207 0108 3A       		.byte	0x3a
 208 0109 B8000000 		.4byte	0xb8
 209 010d 0C       		.byte	0xc
 210 010e 07       		.uleb128 0x7
 211 010f 82020000 		.4byte	.LASF23
 212 0113 05       		.byte	0x5
 213 0114 3B       		.byte	0x3b
 214 0115 B8000000 		.4byte	0xb8
 215 0119 10       		.byte	0x10
 216 011a 07       		.uleb128 0x7
 217 011b D8020000 		.4byte	.LASF24
 218 011f 05       		.byte	0x5
 219 0120 3C       		.byte	0x3c
 220 0121 B8000000 		.4byte	0xb8
 221 0125 14       		.byte	0x14
 222 0126 07       		.uleb128 0x7
 223 0127 CD040000 		.4byte	.LASF25
 224 012b 05       		.byte	0x5
 225 012c 3D       		.byte	0x3d
 226 012d B8000000 		.4byte	0xb8
 227 0131 18       		.byte	0x18
 228 0132 07       		.uleb128 0x7
 229 0133 86000000 		.4byte	.LASF26
 230 0137 05       		.byte	0x5
 231 0138 3E       		.byte	0x3e
 232 0139 B8000000 		.4byte	0xb8
 233 013d 1C       		.byte	0x1c
 234 013e 07       		.uleb128 0x7
 235 013f B30A0000 		.4byte	.LASF27
 236 0143 05       		.byte	0x5
 237 0144 3F       		.byte	0x3f
 238 0145 B8000000 		.4byte	0xb8
 239 0149 20       		.byte	0x20
 240 014a 07       		.uleb128 0x7
 241 014b 97060000 		.4byte	.LASF28
 242 014f 05       		.byte	0x5
 243 0150 40       		.byte	0x40
 244 0151 B8000000 		.4byte	0xb8
 245 0155 24       		.byte	0x24
 246 0156 07       		.uleb128 0x7
 247 0157 D0050000 		.4byte	.LASF29
 248 015b 05       		.byte	0x5
 249 015c 43       		.byte	0x43
 250 015d 97000000 		.4byte	0x97
ARM GAS  C:\Users\quint\AppData\Local\Temp\ccHe3yPb.s 			page 8


 251 0161 28       		.byte	0x28
 252 0162 07       		.uleb128 0x7
 253 0163 69000000 		.4byte	.LASF30
 254 0167 05       		.byte	0x5
 255 0168 44       		.byte	0x44
 256 0169 97000000 		.4byte	0x97
 257 016d 29       		.byte	0x29
 258 016e 07       		.uleb128 0x7
 259 016f A90A0000 		.4byte	.LASF31
 260 0173 05       		.byte	0x5
 261 0174 45       		.byte	0x45
 262 0175 97000000 		.4byte	0x97
 263 0179 2A       		.byte	0x2a
 264 017a 07       		.uleb128 0x7
 265 017b 89060000 		.4byte	.LASF32
 266 017f 05       		.byte	0x5
 267 0180 46       		.byte	0x46
 268 0181 97000000 		.4byte	0x97
 269 0185 2B       		.byte	0x2b
 270 0186 07       		.uleb128 0x7
 271 0187 4A050000 		.4byte	.LASF33
 272 018b 05       		.byte	0x5
 273 018c 47       		.byte	0x47
 274 018d 97000000 		.4byte	0x97
 275 0191 2C       		.byte	0x2c
 276 0192 07       		.uleb128 0x7
 277 0193 D0080000 		.4byte	.LASF34
 278 0197 05       		.byte	0x5
 279 0198 48       		.byte	0x48
 280 0199 97000000 		.4byte	0x97
 281 019d 2D       		.byte	0x2d
 282 019e 07       		.uleb128 0x7
 283 019f 8B020000 		.4byte	.LASF35
 284 01a3 05       		.byte	0x5
 285 01a4 49       		.byte	0x49
 286 01a5 97000000 		.4byte	0x97
 287 01a9 2E       		.byte	0x2e
 288 01aa 07       		.uleb128 0x7
 289 01ab DD050000 		.4byte	.LASF36
 290 01af 05       		.byte	0x5
 291 01b0 4A       		.byte	0x4a
 292 01b1 97000000 		.4byte	0x97
 293 01b5 2F       		.byte	0x2f
 294 01b6 07       		.uleb128 0x7
 295 01b7 98080000 		.4byte	.LASF37
 296 01bb 05       		.byte	0x5
 297 01bc 4B       		.byte	0x4b
 298 01bd 97000000 		.4byte	0x97
 299 01c1 30       		.byte	0x30
 300 01c2 07       		.uleb128 0x7
 301 01c3 C2040000 		.4byte	.LASF38
 302 01c7 05       		.byte	0x5
 303 01c8 4E       		.byte	0x4e
 304 01c9 97000000 		.4byte	0x97
 305 01cd 31       		.byte	0x31
 306 01ce 07       		.uleb128 0x7
 307 01cf A8000000 		.4byte	.LASF39
ARM GAS  C:\Users\quint\AppData\Local\Temp\ccHe3yPb.s 			page 9


 308 01d3 05       		.byte	0x5
 309 01d4 4F       		.byte	0x4f
 310 01d5 97000000 		.4byte	0x97
 311 01d9 32       		.byte	0x32
 312 01da 07       		.uleb128 0x7
 313 01db 37040000 		.4byte	.LASF40
 314 01df 05       		.byte	0x5
 315 01e0 50       		.byte	0x50
 316 01e1 97000000 		.4byte	0x97
 317 01e5 33       		.byte	0x33
 318 01e6 07       		.uleb128 0x7
 319 01e7 2E060000 		.4byte	.LASF41
 320 01eb 05       		.byte	0x5
 321 01ec 51       		.byte	0x51
 322 01ed 97000000 		.4byte	0x97
 323 01f1 34       		.byte	0x34
 324 01f2 07       		.uleb128 0x7
 325 01f3 4C090000 		.4byte	.LASF42
 326 01f7 05       		.byte	0x5
 327 01f8 52       		.byte	0x52
 328 01f9 A2000000 		.4byte	0xa2
 329 01fd 36       		.byte	0x36
 330 01fe 07       		.uleb128 0x7
 331 01ff 4C030000 		.4byte	.LASF43
 332 0203 05       		.byte	0x5
 333 0204 53       		.byte	0x53
 334 0205 A2000000 		.4byte	0xa2
 335 0209 38       		.byte	0x38
 336 020a 07       		.uleb128 0x7
 337 020b D5090000 		.4byte	.LASF44
 338 020f 05       		.byte	0x5
 339 0210 54       		.byte	0x54
 340 0211 A2000000 		.4byte	0xa2
 341 0215 3A       		.byte	0x3a
 342 0216 07       		.uleb128 0x7
 343 0217 C9020000 		.4byte	.LASF45
 344 021b 05       		.byte	0x5
 345 021c 55       		.byte	0x55
 346 021d 97000000 		.4byte	0x97
 347 0221 3C       		.byte	0x3c
 348 0222 07       		.uleb128 0x7
 349 0223 73030000 		.4byte	.LASF46
 350 0227 05       		.byte	0x5
 351 0228 56       		.byte	0x56
 352 0229 97000000 		.4byte	0x97
 353 022d 3D       		.byte	0x3d
 354 022e 07       		.uleb128 0x7
 355 022f A5070000 		.4byte	.LASF47
 356 0233 05       		.byte	0x5
 357 0234 57       		.byte	0x57
 358 0235 97000000 		.4byte	0x97
 359 0239 3E       		.byte	0x3e
 360 023a 07       		.uleb128 0x7
 361 023b 1A010000 		.4byte	.LASF48
 362 023f 05       		.byte	0x5
 363 0240 58       		.byte	0x58
 364 0241 97000000 		.4byte	0x97
ARM GAS  C:\Users\quint\AppData\Local\Temp\ccHe3yPb.s 			page 10


 365 0245 3F       		.byte	0x3f
 366 0246 07       		.uleb128 0x7
 367 0247 A2060000 		.4byte	.LASF49
 368 024b 05       		.byte	0x5
 369 024c 59       		.byte	0x59
 370 024d 97000000 		.4byte	0x97
 371 0251 40       		.byte	0x40
 372 0252 07       		.uleb128 0x7
 373 0253 D0030000 		.4byte	.LASF50
 374 0257 05       		.byte	0x5
 375 0258 5A       		.byte	0x5a
 376 0259 97000000 		.4byte	0x97
 377 025d 41       		.byte	0x41
 378 025e 07       		.uleb128 0x7
 379 025f D6040000 		.4byte	.LASF51
 380 0263 05       		.byte	0x5
 381 0264 5B       		.byte	0x5b
 382 0265 97000000 		.4byte	0x97
 383 0269 42       		.byte	0x42
 384 026a 07       		.uleb128 0x7
 385 026b 75060000 		.4byte	.LASF52
 386 026f 05       		.byte	0x5
 387 0270 5C       		.byte	0x5c
 388 0271 97000000 		.4byte	0x97
 389 0275 43       		.byte	0x43
 390 0276 07       		.uleb128 0x7
 391 0277 3B030000 		.4byte	.LASF53
 392 027b 05       		.byte	0x5
 393 027c 5D       		.byte	0x5d
 394 027d 97000000 		.4byte	0x97
 395 0281 44       		.byte	0x44
 396 0282 07       		.uleb128 0x7
 397 0283 00000000 		.4byte	.LASF54
 398 0287 05       		.byte	0x5
 399 0288 5E       		.byte	0x5e
 400 0289 B8000000 		.4byte	0xb8
 401 028d 48       		.byte	0x48
 402 028e 07       		.uleb128 0x7
 403 028f 12030000 		.4byte	.LASF55
 404 0293 05       		.byte	0x5
 405 0294 5F       		.byte	0x5f
 406 0295 B8000000 		.4byte	0xb8
 407 0299 4C       		.byte	0x4c
 408 029a 07       		.uleb128 0x7
 409 029b E90A0000 		.4byte	.LASF56
 410 029f 05       		.byte	0x5
 411 02a0 60       		.byte	0x60
 412 02a1 97000000 		.4byte	0x97
 413 02a5 50       		.byte	0x50
 414 02a6 07       		.uleb128 0x7
 415 02a7 EB010000 		.4byte	.LASF57
 416 02ab 05       		.byte	0x5
 417 02ac 61       		.byte	0x61
 418 02ad 97000000 		.4byte	0x97
 419 02b1 51       		.byte	0x51
 420 02b2 07       		.uleb128 0x7
 421 02b3 F8090000 		.4byte	.LASF58
ARM GAS  C:\Users\quint\AppData\Local\Temp\ccHe3yPb.s 			page 11


 422 02b7 05       		.byte	0x5
 423 02b8 62       		.byte	0x62
 424 02b9 97000000 		.4byte	0x97
 425 02bd 52       		.byte	0x52
 426 02be 07       		.uleb128 0x7
 427 02bf DD080000 		.4byte	.LASF59
 428 02c3 05       		.byte	0x5
 429 02c4 63       		.byte	0x63
 430 02c5 97000000 		.4byte	0x97
 431 02c9 53       		.byte	0x53
 432 02ca 07       		.uleb128 0x7
 433 02cb B3070000 		.4byte	.LASF60
 434 02cf 05       		.byte	0x5
 435 02d0 64       		.byte	0x64
 436 02d1 97000000 		.4byte	0x97
 437 02d5 54       		.byte	0x54
 438 02d6 07       		.uleb128 0x7
 439 02d7 FD010000 		.4byte	.LASF61
 440 02db 05       		.byte	0x5
 441 02dc 65       		.byte	0x65
 442 02dd 97000000 		.4byte	0x97
 443 02e1 55       		.byte	0x55
 444 02e2 07       		.uleb128 0x7
 445 02e3 6B040000 		.4byte	.LASF62
 446 02e7 05       		.byte	0x5
 447 02e8 66       		.byte	0x66
 448 02e9 97000000 		.4byte	0x97
 449 02ed 56       		.byte	0x56
 450 02ee 07       		.uleb128 0x7
 451 02ef 6F070000 		.4byte	.LASF63
 452 02f3 05       		.byte	0x5
 453 02f4 67       		.byte	0x67
 454 02f5 97000000 		.4byte	0x97
 455 02f9 57       		.byte	0x57
 456 02fa 07       		.uleb128 0x7
 457 02fb 24000000 		.4byte	.LASF64
 458 02ff 05       		.byte	0x5
 459 0300 68       		.byte	0x68
 460 0301 97000000 		.4byte	0x97
 461 0305 58       		.byte	0x58
 462 0306 07       		.uleb128 0x7
 463 0307 2C070000 		.4byte	.LASF65
 464 030b 05       		.byte	0x5
 465 030c 69       		.byte	0x69
 466 030d 97000000 		.4byte	0x97
 467 0311 59       		.byte	0x59
 468 0312 07       		.uleb128 0x7
 469 0313 23060000 		.4byte	.LASF66
 470 0317 05       		.byte	0x5
 471 0318 6E       		.byte	0x6e
 472 0319 AD000000 		.4byte	0xad
 473 031d 5A       		.byte	0x5a
 474 031e 07       		.uleb128 0x7
 475 031f 1C090000 		.4byte	.LASF67
 476 0323 05       		.byte	0x5
 477 0324 6F       		.byte	0x6f
 478 0325 AD000000 		.4byte	0xad
ARM GAS  C:\Users\quint\AppData\Local\Temp\ccHe3yPb.s 			page 12


 479 0329 5C       		.byte	0x5c
 480 032a 07       		.uleb128 0x7
 481 032b 77000000 		.4byte	.LASF68
 482 032f 05       		.byte	0x5
 483 0330 70       		.byte	0x70
 484 0331 97000000 		.4byte	0x97
 485 0335 5E       		.byte	0x5e
 486 0336 07       		.uleb128 0x7
 487 0337 F1060000 		.4byte	.LASF69
 488 033b 05       		.byte	0x5
 489 033c 71       		.byte	0x71
 490 033d 97000000 		.4byte	0x97
 491 0341 5F       		.byte	0x5f
 492 0342 07       		.uleb128 0x7
 493 0343 64060000 		.4byte	.LASF70
 494 0347 05       		.byte	0x5
 495 0348 72       		.byte	0x72
 496 0349 97000000 		.4byte	0x97
 497 034d 60       		.byte	0x60
 498 034e 07       		.uleb128 0x7
 499 034f CA060000 		.4byte	.LASF71
 500 0353 05       		.byte	0x5
 501 0354 73       		.byte	0x73
 502 0355 B8000000 		.4byte	0xb8
 503 0359 64       		.byte	0x64
 504 035a 07       		.uleb128 0x7
 505 035b 67010000 		.4byte	.LASF72
 506 035f 05       		.byte	0x5
 507 0360 76       		.byte	0x76
 508 0361 AD000000 		.4byte	0xad
 509 0365 68       		.byte	0x68
 510 0366 07       		.uleb128 0x7
 511 0367 59040000 		.4byte	.LASF73
 512 036b 05       		.byte	0x5
 513 036c 77       		.byte	0x77
 514 036d AD000000 		.4byte	0xad
 515 0371 6A       		.byte	0x6a
 516 0372 07       		.uleb128 0x7
 517 0373 F9040000 		.4byte	.LASF74
 518 0377 05       		.byte	0x5
 519 0378 78       		.byte	0x78
 520 0379 AD000000 		.4byte	0xad
 521 037d 6C       		.byte	0x6c
 522 037e 07       		.uleb128 0x7
 523 037f 2D050000 		.4byte	.LASF75
 524 0383 05       		.byte	0x5
 525 0384 79       		.byte	0x79
 526 0385 AD000000 		.4byte	0xad
 527 0389 6E       		.byte	0x6e
 528 038a 07       		.uleb128 0x7
 529 038b 5B070000 		.4byte	.LASF76
 530 038f 05       		.byte	0x5
 531 0390 7B       		.byte	0x7b
 532 0391 97000000 		.4byte	0x97
 533 0395 70       		.byte	0x70
 534 0396 07       		.uleb128 0x7
 535 0397 5C020000 		.4byte	.LASF77
ARM GAS  C:\Users\quint\AppData\Local\Temp\ccHe3yPb.s 			page 13


 536 039b 05       		.byte	0x5
 537 039c 7C       		.byte	0x7c
 538 039d 97000000 		.4byte	0x97
 539 03a1 71       		.byte	0x71
 540 03a2 07       		.uleb128 0x7
 541 03a3 BB0A0000 		.4byte	.LASF78
 542 03a7 05       		.byte	0x5
 543 03a8 7D       		.byte	0x7d
 544 03a9 97000000 		.4byte	0x97
 545 03ad 72       		.byte	0x72
 546 03ae 07       		.uleb128 0x7
 547 03af 3F060000 		.4byte	.LASF79
 548 03b3 05       		.byte	0x5
 549 03b4 7E       		.byte	0x7e
 550 03b5 97000000 		.4byte	0x97
 551 03b9 73       		.byte	0x73
 552 03ba 07       		.uleb128 0x7
 553 03bb 94030000 		.4byte	.LASF80
 554 03bf 05       		.byte	0x5
 555 03c0 80       		.byte	0x80
 556 03c1 AD000000 		.4byte	0xad
 557 03c5 74       		.byte	0x74
 558 03c6 07       		.uleb128 0x7
 559 03c7 BD080000 		.4byte	.LASF81
 560 03cb 05       		.byte	0x5
 561 03cc 81       		.byte	0x81
 562 03cd AD000000 		.4byte	0xad
 563 03d1 76       		.byte	0x76
 564 03d2 07       		.uleb128 0x7
 565 03d3 5E030000 		.4byte	.LASF82
 566 03d7 05       		.byte	0x5
 567 03d8 82       		.byte	0x82
 568 03d9 AD000000 		.4byte	0xad
 569 03dd 78       		.byte	0x78
 570 03de 07       		.uleb128 0x7
 571 03df C0000000 		.4byte	.LASF83
 572 03e3 05       		.byte	0x5
 573 03e4 83       		.byte	0x83
 574 03e5 AD000000 		.4byte	0xad
 575 03e9 7A       		.byte	0x7a
 576 03ea 07       		.uleb128 0x7
 577 03eb 370A0000 		.4byte	.LASF84
 578 03ef 05       		.byte	0x5
 579 03f0 86       		.byte	0x86
 580 03f1 97000000 		.4byte	0x97
 581 03f5 7C       		.byte	0x7c
 582 03f6 07       		.uleb128 0x7
 583 03f7 89090000 		.4byte	.LASF85
 584 03fb 05       		.byte	0x5
 585 03fc 87       		.byte	0x87
 586 03fd 97000000 		.4byte	0x97
 587 0401 7D       		.byte	0x7d
 588 0402 07       		.uleb128 0x7
 589 0403 38000000 		.4byte	.LASF86
 590 0407 05       		.byte	0x5
 591 0408 88       		.byte	0x88
 592 0409 97000000 		.4byte	0x97
ARM GAS  C:\Users\quint\AppData\Local\Temp\ccHe3yPb.s 			page 14


 593 040d 7E       		.byte	0x7e
 594 040e 07       		.uleb128 0x7
 595 040f A6030000 		.4byte	.LASF87
 596 0413 05       		.byte	0x5
 597 0414 89       		.byte	0x89
 598 0415 97000000 		.4byte	0x97
 599 0419 7F       		.byte	0x7f
 600 041a 07       		.uleb128 0x7
 601 041b 23040000 		.4byte	.LASF88
 602 041f 05       		.byte	0x5
 603 0420 8A       		.byte	0x8a
 604 0421 97000000 		.4byte	0x97
 605 0425 80       		.byte	0x80
 606 0426 07       		.uleb128 0x7
 607 0427 72090000 		.4byte	.LASF89
 608 042b 05       		.byte	0x5
 609 042c 8D       		.byte	0x8d
 610 042d B8000000 		.4byte	0xb8
 611 0431 84       		.byte	0x84
 612 0432 07       		.uleb128 0x7
 613 0433 D5000000 		.4byte	.LASF90
 614 0437 05       		.byte	0x5
 615 0438 8E       		.byte	0x8e
 616 0439 B8000000 		.4byte	0xb8
 617 043d 88       		.byte	0x88
 618 043e 07       		.uleb128 0x7
 619 043f 220A0000 		.4byte	.LASF91
 620 0443 05       		.byte	0x5
 621 0444 8F       		.byte	0x8f
 622 0445 B8000000 		.4byte	0xb8
 623 0449 8C       		.byte	0x8c
 624 044a 07       		.uleb128 0x7
 625 044b E9050000 		.4byte	.LASF92
 626 044f 05       		.byte	0x5
 627 0450 90       		.byte	0x90
 628 0451 B8000000 		.4byte	0xb8
 629 0455 90       		.byte	0x90
 630 0456 07       		.uleb128 0x7
 631 0457 F3030000 		.4byte	.LASF93
 632 045b 05       		.byte	0x5
 633 045c 91       		.byte	0x91
 634 045d B8000000 		.4byte	0xb8
 635 0461 94       		.byte	0x94
 636 0462 07       		.uleb128 0x7
 637 0463 AF050000 		.4byte	.LASF94
 638 0467 05       		.byte	0x5
 639 0468 92       		.byte	0x92
 640 0469 B8000000 		.4byte	0xb8
 641 046d 98       		.byte	0x98
 642 046e 07       		.uleb128 0x7
 643 046f 840A0000 		.4byte	.LASF95
 644 0473 05       		.byte	0x5
 645 0474 93       		.byte	0x93
 646 0475 B8000000 		.4byte	0xb8
 647 0479 9C       		.byte	0x9c
 648 047a 07       		.uleb128 0x7
 649 047b CB010000 		.4byte	.LASF96
ARM GAS  C:\Users\quint\AppData\Local\Temp\ccHe3yPb.s 			page 15


 650 047f 05       		.byte	0x5
 651 0480 94       		.byte	0x94
 652 0481 B8000000 		.4byte	0xb8
 653 0485 A0       		.byte	0xa0
 654 0486 07       		.uleb128 0x7
 655 0487 96020000 		.4byte	.LASF97
 656 048b 05       		.byte	0x5
 657 048c 95       		.byte	0x95
 658 048d AD000000 		.4byte	0xad
 659 0491 A4       		.byte	0xa4
 660 0492 07       		.uleb128 0x7
 661 0493 CC070000 		.4byte	.LASF98
 662 0497 05       		.byte	0x5
 663 0498 96       		.byte	0x96
 664 0499 AD000000 		.4byte	0xad
 665 049d A6       		.byte	0xa6
 666 049e 07       		.uleb128 0x7
 667 049f E5060000 		.4byte	.LASF99
 668 04a3 05       		.byte	0x5
 669 04a4 97       		.byte	0x97
 670 04a5 AD000000 		.4byte	0xad
 671 04a9 A8       		.byte	0xa8
 672 04aa 07       		.uleb128 0x7
 673 04ab A4080000 		.4byte	.LASF100
 674 04af 05       		.byte	0x5
 675 04b0 98       		.byte	0x98
 676 04b1 AD000000 		.4byte	0xad
 677 04b5 AA       		.byte	0xaa
 678 04b6 07       		.uleb128 0x7
 679 04b7 08050000 		.4byte	.LASF101
 680 04bb 05       		.byte	0x5
 681 04bc 99       		.byte	0x99
 682 04bd AD000000 		.4byte	0xad
 683 04c1 AC       		.byte	0xac
 684 04c2 07       		.uleb128 0x7
 685 04c3 56060000 		.4byte	.LASF102
 686 04c7 05       		.byte	0x5
 687 04c8 9A       		.byte	0x9a
 688 04c9 AD000000 		.4byte	0xad
 689 04cd AE       		.byte	0xae
 690 04ce 07       		.uleb128 0x7
 691 04cf 2F090000 		.4byte	.LASF103
 692 04d3 05       		.byte	0x5
 693 04d4 9D       		.byte	0x9d
 694 04d5 AD000000 		.4byte	0xad
 695 04d9 B0       		.byte	0xb0
 696 04da 07       		.uleb128 0x7
 697 04db 55000000 		.4byte	.LASF104
 698 04df 05       		.byte	0x5
 699 04e0 9E       		.byte	0x9e
 700 04e1 B8000000 		.4byte	0xb8
 701 04e5 B4       		.byte	0xb4
 702 04e6 00       		.byte	0
 703 04e7 03       		.uleb128 0x3
 704 04e8 5C050000 		.4byte	.LASF105
 705 04ec 05       		.byte	0x5
 706 04ed 9F       		.byte	0x9f
ARM GAS  C:\Users\quint\AppData\Local\Temp\ccHe3yPb.s 			page 16


 707 04ee D6000000 		.4byte	0xd6
 708 04f2 02       		.uleb128 0x2
 709 04f3 01       		.byte	0x1
 710 04f4 08       		.byte	0x8
 711 04f5 88080000 		.4byte	.LASF106
 712 04f9 02       		.uleb128 0x2
 713 04fa 04       		.byte	0x4
 714 04fb 04       		.byte	0x4
 715 04fc C4060000 		.4byte	.LASF107
 716 0500 02       		.uleb128 0x2
 717 0501 08       		.byte	0x8
 718 0502 04       		.byte	0x4
 719 0503 57030000 		.4byte	.LASF108
 720 0507 08       		.uleb128 0x8
 721 0508 04       		.byte	0x4
 722 0509 02       		.uleb128 0x2
 723 050a 01       		.byte	0x1
 724 050b 02       		.byte	0x2
 725 050c 18070000 		.4byte	.LASF109
 726 0510 09       		.uleb128 0x9
 727 0511 04       		.byte	0x4
 728 0512 16050000 		.4byte	0x516
 729 0516 0A       		.uleb128 0xa
 730 0517 21050000 		.4byte	0x521
 731 051b 0B       		.uleb128 0xb
 732 051c B8000000 		.4byte	0xb8
 733 0520 00       		.byte	0
 734 0521 0C       		.uleb128 0xc
 735 0522 AB020000 		.4byte	.LASF110
 736 0526 06       		.byte	0x6
 737 0527 F201     		.2byte	0x1f2
 738 0529 10050000 		.4byte	0x510
 739 052d 0D       		.uleb128 0xd
 740 052e 45020000 		.4byte	.LASF122
 741 0532 24       		.byte	0x24
 742 0533 06       		.byte	0x6
 743 0534 7402     		.2byte	0x274
 744 0536 B0050000 		.4byte	0x5b0
 745 053a 0E       		.uleb128 0xe
 746 053b CE090000 		.4byte	.LASF111
 747 053f 06       		.byte	0x6
 748 0540 7702     		.2byte	0x277
 749 0542 CA000000 		.4byte	0xca
 750 0546 00       		.byte	0
 751 0547 0E       		.uleb128 0xe
 752 0548 A2090000 		.4byte	.LASF112
 753 054c 06       		.byte	0x6
 754 054d 7902     		.2byte	0x279
 755 054f 07050000 		.4byte	0x507
 756 0553 04       		.byte	0x4
 757 0554 0E       		.uleb128 0xe
 758 0555 1A000000 		.4byte	.LASF113
 759 0559 06       		.byte	0x6
 760 055a 7A02     		.2byte	0x27a
 761 055c B8000000 		.4byte	0xb8
 762 0560 08       		.byte	0x8
 763 0561 0E       		.uleb128 0xe
ARM GAS  C:\Users\quint\AppData\Local\Temp\ccHe3yPb.s 			page 17


 764 0562 EA030000 		.4byte	.LASF114
 765 0566 06       		.byte	0x6
 766 0567 7B02     		.2byte	0x27b
 767 0569 CA000000 		.4byte	0xca
 768 056d 0C       		.byte	0xc
 769 056e 0E       		.uleb128 0xe
 770 056f 56050000 		.4byte	.LASF115
 771 0573 06       		.byte	0x6
 772 0574 7D02     		.2byte	0x27d
 773 0576 07050000 		.4byte	0x507
 774 057a 10       		.byte	0x10
 775 057b 0E       		.uleb128 0xe
 776 057c 08040000 		.4byte	.LASF116
 777 0580 06       		.byte	0x6
 778 0581 7E02     		.2byte	0x27e
 779 0583 B8000000 		.4byte	0xb8
 780 0587 14       		.byte	0x14
 781 0588 0E       		.uleb128 0xe
 782 0589 FA0A0000 		.4byte	.LASF117
 783 058d 06       		.byte	0x6
 784 058e 7F02     		.2byte	0x27f
 785 0590 CA000000 		.4byte	0xca
 786 0594 18       		.byte	0x18
 787 0595 0E       		.uleb128 0xe
 788 0596 24050000 		.4byte	.LASF118
 789 059a 06       		.byte	0x6
 790 059b 8502     		.2byte	0x285
 791 059d 21050000 		.4byte	0x521
 792 05a1 1C       		.byte	0x1c
 793 05a2 0E       		.uleb128 0xe
 794 05a3 9A090000 		.4byte	.LASF119
 795 05a7 06       		.byte	0x6
 796 05a8 8802     		.2byte	0x288
 797 05aa B8000000 		.4byte	0xb8
 798 05ae 20       		.byte	0x20
 799 05af 00       		.byte	0
 800 05b0 0C       		.uleb128 0xc
 801 05b1 6C050000 		.4byte	.LASF120
 802 05b5 06       		.byte	0x6
 803 05b6 8B02     		.2byte	0x28b
 804 05b8 2D050000 		.4byte	0x52d
 805 05bc 0C       		.uleb128 0xc
 806 05bd A3040000 		.4byte	.LASF121
 807 05c1 07       		.byte	0x7
 808 05c2 D901     		.2byte	0x1d9
 809 05c4 10050000 		.4byte	0x510
 810 05c8 0D       		.uleb128 0xd
 811 05c9 D10A0000 		.4byte	.LASF123
 812 05cd 38       		.byte	0x38
 813 05ce 07       		.byte	0x7
 814 05cf 7502     		.2byte	0x275
 815 05d1 8C060000 		.4byte	0x68c
 816 05d5 0E       		.uleb128 0xe
 817 05d6 E2040000 		.4byte	.LASF124
 818 05da 07       		.byte	0x7
 819 05db 7802     		.2byte	0x278
 820 05dd CA000000 		.4byte	0xca
ARM GAS  C:\Users\quint\AppData\Local\Temp\ccHe3yPb.s 			page 18


 821 05e1 00       		.byte	0
 822 05e2 0E       		.uleb128 0xe
 823 05e3 80060000 		.4byte	.LASF125
 824 05e7 07       		.byte	0x7
 825 05e8 7902     		.2byte	0x279
 826 05ea CA000000 		.4byte	0xca
 827 05ee 04       		.byte	0x4
 828 05ef 0E       		.uleb128 0xe
 829 05f0 77010000 		.4byte	.LASF126
 830 05f4 07       		.byte	0x7
 831 05f5 7B02     		.2byte	0x27b
 832 05f7 07050000 		.4byte	0x507
 833 05fb 08       		.byte	0x8
 834 05fc 0E       		.uleb128 0xe
 835 05fd EF080000 		.4byte	.LASF127
 836 0601 07       		.byte	0x7
 837 0602 7C02     		.2byte	0x27c
 838 0604 B8000000 		.4byte	0xb8
 839 0608 0C       		.byte	0xc
 840 0609 0E       		.uleb128 0xe
 841 060a A1050000 		.4byte	.LASF128
 842 060e 07       		.byte	0x7
 843 060f 7D02     		.2byte	0x27d
 844 0611 CA000000 		.4byte	0xca
 845 0615 10       		.byte	0x10
 846 0616 0E       		.uleb128 0xe
 847 0617 760A0000 		.4byte	.LASF129
 848 061b 07       		.byte	0x7
 849 061c 7E02     		.2byte	0x27e
 850 061e CA000000 		.4byte	0xca
 851 0622 14       		.byte	0x14
 852 0623 0E       		.uleb128 0xe
 853 0624 A2090000 		.4byte	.LASF112
 854 0628 07       		.byte	0x7
 855 0629 8002     		.2byte	0x280
 856 062b 07050000 		.4byte	0x507
 857 062f 18       		.byte	0x18
 858 0630 0E       		.uleb128 0xe
 859 0631 1A000000 		.4byte	.LASF113
 860 0635 07       		.byte	0x7
 861 0636 8102     		.2byte	0x281
 862 0638 B8000000 		.4byte	0xb8
 863 063c 1C       		.byte	0x1c
 864 063d 0E       		.uleb128 0xe
 865 063e EA030000 		.4byte	.LASF114
 866 0642 07       		.byte	0x7
 867 0643 8202     		.2byte	0x282
 868 0645 CA000000 		.4byte	0xca
 869 0649 20       		.byte	0x20
 870 064a 0E       		.uleb128 0xe
 871 064b 56050000 		.4byte	.LASF115
 872 064f 07       		.byte	0x7
 873 0650 8402     		.2byte	0x284
 874 0652 07050000 		.4byte	0x507
 875 0656 24       		.byte	0x24
 876 0657 0E       		.uleb128 0xe
 877 0658 08040000 		.4byte	.LASF116
ARM GAS  C:\Users\quint\AppData\Local\Temp\ccHe3yPb.s 			page 19


 878 065c 07       		.byte	0x7
 879 065d 8502     		.2byte	0x285
 880 065f B8000000 		.4byte	0xb8
 881 0663 28       		.byte	0x28
 882 0664 0E       		.uleb128 0xe
 883 0665 71020000 		.4byte	.LASF130
 884 0669 07       		.byte	0x7
 885 066a 8602     		.2byte	0x286
 886 066c CA000000 		.4byte	0xca
 887 0670 2C       		.byte	0x2c
 888 0671 0E       		.uleb128 0xe
 889 0672 24050000 		.4byte	.LASF118
 890 0676 07       		.byte	0x7
 891 0677 8B02     		.2byte	0x28b
 892 0679 BC050000 		.4byte	0x5bc
 893 067d 30       		.byte	0x30
 894 067e 0E       		.uleb128 0xe
 895 067f 9A090000 		.4byte	.LASF119
 896 0683 07       		.byte	0x7
 897 0684 8E02     		.2byte	0x28e
 898 0686 B8000000 		.4byte	0xb8
 899 068a 34       		.byte	0x34
 900 068b 00       		.byte	0
 901 068c 0C       		.uleb128 0xc
 902 068d B4090000 		.4byte	.LASF131
 903 0691 07       		.byte	0x7
 904 0692 9102     		.2byte	0x291
 905 0694 C8050000 		.4byte	0x5c8
 906 0698 0F       		.uleb128 0xf
 907 0699 FE050000 		.4byte	.LASF132
 908 069d 4C       		.byte	0x4c
 909 069e 08       		.byte	0x8
 910 069f 2F       		.byte	0x2f
 911 06a0 89070000 		.4byte	0x789
 912 06a4 07       		.uleb128 0x7
 913 06a5 13010000 		.4byte	.LASF133
 914 06a9 08       		.byte	0x8
 915 06aa 31       		.byte	0x31
 916 06ab B8000000 		.4byte	0xb8
 917 06af 00       		.byte	0
 918 06b0 07       		.uleb128 0x7
 919 06b1 4A010000 		.4byte	.LASF134
 920 06b5 08       		.byte	0x8
 921 06b6 33       		.byte	0x33
 922 06b7 B8000000 		.4byte	0xb8
 923 06bb 04       		.byte	0x4
 924 06bc 07       		.uleb128 0x7
 925 06bd 12000000 		.4byte	.LASF135
 926 06c1 08       		.byte	0x8
 927 06c2 34       		.byte	0x34
 928 06c3 B8000000 		.4byte	0xb8
 929 06c7 08       		.byte	0x8
 930 06c8 07       		.uleb128 0x7
 931 06c9 EC000000 		.4byte	.LASF136
 932 06cd 08       		.byte	0x8
 933 06ce 35       		.byte	0x35
 934 06cf B8000000 		.4byte	0xb8
ARM GAS  C:\Users\quint\AppData\Local\Temp\ccHe3yPb.s 			page 20


 935 06d3 0C       		.byte	0xc
 936 06d4 07       		.uleb128 0x7
 937 06d5 94070000 		.4byte	.LASF137
 938 06d9 08       		.byte	0x8
 939 06da 37       		.byte	0x37
 940 06db B8000000 		.4byte	0xb8
 941 06df 10       		.byte	0x10
 942 06e0 07       		.uleb128 0x7
 943 06e1 73080000 		.4byte	.LASF138
 944 06e5 08       		.byte	0x8
 945 06e6 38       		.byte	0x38
 946 06e7 B8000000 		.4byte	0xb8
 947 06eb 14       		.byte	0x14
 948 06ec 07       		.uleb128 0x7
 949 06ed 69090000 		.4byte	.LASF139
 950 06f1 08       		.byte	0x8
 951 06f2 39       		.byte	0x39
 952 06f3 B8000000 		.4byte	0xb8
 953 06f7 18       		.byte	0x18
 954 06f8 07       		.uleb128 0x7
 955 06f9 91040000 		.4byte	.LASF140
 956 06fd 08       		.byte	0x8
 957 06fe 3A       		.byte	0x3a
 958 06ff 09050000 		.4byte	0x509
 959 0703 1C       		.byte	0x1c
 960 0704 07       		.uleb128 0x7
 961 0705 12040000 		.4byte	.LASF141
 962 0709 08       		.byte	0x8
 963 070a 3C       		.byte	0x3c
 964 070b B8000000 		.4byte	0xb8
 965 070f 20       		.byte	0x20
 966 0710 07       		.uleb128 0x7
 967 0711 83030000 		.4byte	.LASF142
 968 0715 08       		.byte	0x8
 969 0716 3D       		.byte	0x3d
 970 0717 B8000000 		.4byte	0xb8
 971 071b 24       		.byte	0x24
 972 071c 07       		.uleb128 0x7
 973 071d 26010000 		.4byte	.LASF143
 974 0721 08       		.byte	0x8
 975 0722 3F       		.byte	0x3f
 976 0723 B8000000 		.4byte	0xb8
 977 0727 28       		.byte	0x28
 978 0728 07       		.uleb128 0x7
 979 0729 660A0000 		.4byte	.LASF144
 980 072d 08       		.byte	0x8
 981 072e 40       		.byte	0x40
 982 072f B8000000 		.4byte	0xb8
 983 0733 2C       		.byte	0x2c
 984 0734 07       		.uleb128 0x7
 985 0735 FD080000 		.4byte	.LASF145
 986 0739 08       		.byte	0x8
 987 073a 42       		.byte	0x42
 988 073b B8000000 		.4byte	0xb8
 989 073f 30       		.byte	0x30
 990 0740 07       		.uleb128 0x7
 991 0741 3D090000 		.4byte	.LASF146
ARM GAS  C:\Users\quint\AppData\Local\Temp\ccHe3yPb.s 			page 21


 992 0745 08       		.byte	0x8
 993 0746 43       		.byte	0x43
 994 0747 B8000000 		.4byte	0xb8
 995 074b 34       		.byte	0x34
 996 074c 07       		.uleb128 0x7
 997 074d C5050000 		.4byte	.LASF147
 998 0751 08       		.byte	0x8
 999 0752 45       		.byte	0x45
 1000 0753 B8000000 		.4byte	0xb8
 1001 0757 38       		.byte	0x38
 1002 0758 07       		.uleb128 0x7
 1003 0759 FB000000 		.4byte	.LASF148
 1004 075d 08       		.byte	0x8
 1005 075e 46       		.byte	0x46
 1006 075f B8000000 		.4byte	0xb8
 1007 0763 3C       		.byte	0x3c
 1008 0764 07       		.uleb128 0x7
 1009 0765 25090000 		.4byte	.LASF149
 1010 0769 08       		.byte	0x8
 1011 076a 48       		.byte	0x48
 1012 076b B8000000 		.4byte	0xb8
 1013 076f 40       		.byte	0x40
 1014 0770 07       		.uleb128 0x7
 1015 0771 9A0A0000 		.4byte	.LASF150
 1016 0775 08       		.byte	0x8
 1017 0776 49       		.byte	0x49
 1018 0777 B8000000 		.4byte	0xb8
 1019 077b 44       		.byte	0x44
 1020 077c 07       		.uleb128 0x7
 1021 077d 8D080000 		.4byte	.LASF151
 1022 0781 08       		.byte	0x8
 1023 0782 4B       		.byte	0x4b
 1024 0783 B8000000 		.4byte	0xb8
 1025 0787 48       		.byte	0x48
 1026 0788 00       		.byte	0
 1027 0789 03       		.uleb128 0x3
 1028 078a 27020000 		.4byte	.LASF152
 1029 078e 08       		.byte	0x8
 1030 078f 4C       		.byte	0x4c
 1031 0790 98060000 		.4byte	0x698
 1032 0794 0F       		.uleb128 0xf
 1033 0795 E2020000 		.4byte	.LASF153
 1034 0799 64       		.byte	0x64
 1035 079a 09       		.byte	0x9
 1036 079b 2F       		.byte	0x2f
 1037 079c CD080000 		.4byte	0x8cd
 1038 07a0 07       		.uleb128 0x7
 1039 07a1 BC060000 		.4byte	.LASF154
 1040 07a5 09       		.byte	0x9
 1041 07a6 31       		.byte	0x31
 1042 07a7 B8000000 		.4byte	0xb8
 1043 07ab 00       		.byte	0
 1044 07ac 07       		.uleb128 0x7
 1045 07ad 4A010000 		.4byte	.LASF134
 1046 07b1 09       		.byte	0x9
 1047 07b2 33       		.byte	0x33
 1048 07b3 B8000000 		.4byte	0xb8
ARM GAS  C:\Users\quint\AppData\Local\Temp\ccHe3yPb.s 			page 22


 1049 07b7 04       		.byte	0x4
 1050 07b8 07       		.uleb128 0x7
 1051 07b9 9B000000 		.4byte	.LASF155
 1052 07bd 09       		.byte	0x9
 1053 07be 34       		.byte	0x34
 1054 07bf B8000000 		.4byte	0xb8
 1055 07c3 08       		.byte	0x8
 1056 07c4 07       		.uleb128 0x7
 1057 07c5 92050000 		.4byte	.LASF156
 1058 07c9 09       		.byte	0x9
 1059 07ca 35       		.byte	0x35
 1060 07cb B8000000 		.4byte	0xb8
 1061 07cf 0C       		.byte	0xc
 1062 07d0 07       		.uleb128 0x7
 1063 07d1 12000000 		.4byte	.LASF135
 1064 07d5 09       		.byte	0x9
 1065 07d6 36       		.byte	0x36
 1066 07d7 B8000000 		.4byte	0xb8
 1067 07db 10       		.byte	0x10
 1068 07dc 07       		.uleb128 0x7
 1069 07dd 59090000 		.4byte	.LASF157
 1070 07e1 09       		.byte	0x9
 1071 07e2 37       		.byte	0x37
 1072 07e3 B8000000 		.4byte	0xb8
 1073 07e7 14       		.byte	0x14
 1074 07e8 07       		.uleb128 0x7
 1075 07e9 61090000 		.4byte	.LASF158
 1076 07ed 09       		.byte	0x9
 1077 07ee 38       		.byte	0x38
 1078 07ef B8000000 		.4byte	0xb8
 1079 07f3 18       		.byte	0x18
 1080 07f4 07       		.uleb128 0x7
 1081 07f5 83070000 		.4byte	.LASF159
 1082 07f9 09       		.byte	0x9
 1083 07fa 39       		.byte	0x39
 1084 07fb 09050000 		.4byte	0x509
 1085 07ff 1C       		.byte	0x1c
 1086 0800 07       		.uleb128 0x7
 1087 0801 73080000 		.4byte	.LASF138
 1088 0805 09       		.byte	0x9
 1089 0806 3A       		.byte	0x3a
 1090 0807 B8000000 		.4byte	0xb8
 1091 080b 20       		.byte	0x20
 1092 080c 07       		.uleb128 0x7
 1093 080d 69090000 		.4byte	.LASF139
 1094 0811 09       		.byte	0x9
 1095 0812 3B       		.byte	0x3b
 1096 0813 B8000000 		.4byte	0xb8
 1097 0817 24       		.byte	0x24
 1098 0818 07       		.uleb128 0x7
 1099 0819 91040000 		.4byte	.LASF140
 1100 081d 09       		.byte	0x9
 1101 081e 3C       		.byte	0x3c
 1102 081f 09050000 		.4byte	0x509
 1103 0823 28       		.byte	0x28
 1104 0824 07       		.uleb128 0x7
 1105 0825 12040000 		.4byte	.LASF141
ARM GAS  C:\Users\quint\AppData\Local\Temp\ccHe3yPb.s 			page 23


 1106 0829 09       		.byte	0x9
 1107 082a 3E       		.byte	0x3e
 1108 082b B8000000 		.4byte	0xb8
 1109 082f 2C       		.byte	0x2c
 1110 0830 07       		.uleb128 0x7
 1111 0831 85050000 		.4byte	.LASF160
 1112 0835 09       		.byte	0x9
 1113 0836 3F       		.byte	0x3f
 1114 0837 B8000000 		.4byte	0xb8
 1115 083b 30       		.byte	0x30
 1116 083c 07       		.uleb128 0x7
 1117 083d EA090000 		.4byte	.LASF161
 1118 0841 09       		.byte	0x9
 1119 0842 40       		.byte	0x40
 1120 0843 B8000000 		.4byte	0xb8
 1121 0847 34       		.byte	0x34
 1122 0848 07       		.uleb128 0x7
 1123 0849 07070000 		.4byte	.LASF162
 1124 084d 09       		.byte	0x9
 1125 084e 41       		.byte	0x41
 1126 084f B8000000 		.4byte	0xb8
 1127 0853 38       		.byte	0x38
 1128 0854 07       		.uleb128 0x7
 1129 0855 EB040000 		.4byte	.LASF163
 1130 0859 09       		.byte	0x9
 1131 085a 42       		.byte	0x42
 1132 085b B8000000 		.4byte	0xb8
 1133 085f 3C       		.byte	0x3c
 1134 0860 07       		.uleb128 0x7
 1135 0861 E1010000 		.4byte	.LASF164
 1136 0865 09       		.byte	0x9
 1137 0866 44       		.byte	0x44
 1138 0867 B8000000 		.4byte	0xb8
 1139 086b 40       		.byte	0x40
 1140 086c 07       		.uleb128 0x7
 1141 086d 660A0000 		.4byte	.LASF144
 1142 0871 09       		.byte	0x9
 1143 0872 45       		.byte	0x45
 1144 0873 B8000000 		.4byte	0xb8
 1145 0877 44       		.byte	0x44
 1146 0878 07       		.uleb128 0x7
 1147 0879 FD080000 		.4byte	.LASF145
 1148 087d 09       		.byte	0x9
 1149 087e 47       		.byte	0x47
 1150 087f B8000000 		.4byte	0xb8
 1151 0883 48       		.byte	0x48
 1152 0884 07       		.uleb128 0x7
 1153 0885 3D090000 		.4byte	.LASF146
 1154 0889 09       		.byte	0x9
 1155 088a 48       		.byte	0x48
 1156 088b B8000000 		.4byte	0xb8
 1157 088f 4C       		.byte	0x4c
 1158 0890 07       		.uleb128 0x7
 1159 0891 C5050000 		.4byte	.LASF147
 1160 0895 09       		.byte	0x9
 1161 0896 4A       		.byte	0x4a
 1162 0897 B8000000 		.4byte	0xb8
ARM GAS  C:\Users\quint\AppData\Local\Temp\ccHe3yPb.s 			page 24


 1163 089b 50       		.byte	0x50
 1164 089c 07       		.uleb128 0x7
 1165 089d 16050000 		.4byte	.LASF165
 1166 08a1 09       		.byte	0x9
 1167 08a2 4B       		.byte	0x4b
 1168 08a3 B8000000 		.4byte	0xb8
 1169 08a7 54       		.byte	0x54
 1170 08a8 07       		.uleb128 0x7
 1171 08a9 4B000000 		.4byte	.LASF166
 1172 08ad 09       		.byte	0x9
 1173 08ae 4D       		.byte	0x4d
 1174 08af B8000000 		.4byte	0xb8
 1175 08b3 58       		.byte	0x58
 1176 08b4 07       		.uleb128 0x7
 1177 08b5 9A0A0000 		.4byte	.LASF150
 1178 08b9 09       		.byte	0x9
 1179 08ba 4E       		.byte	0x4e
 1180 08bb B8000000 		.4byte	0xb8
 1181 08bf 5C       		.byte	0x5c
 1182 08c0 07       		.uleb128 0x7
 1183 08c1 8D080000 		.4byte	.LASF151
 1184 08c5 09       		.byte	0x9
 1185 08c6 50       		.byte	0x50
 1186 08c7 B8000000 		.4byte	0xb8
 1187 08cb 60       		.byte	0x60
 1188 08cc 00       		.byte	0
 1189 08cd 03       		.uleb128 0x3
 1190 08ce 4C0A0000 		.4byte	.LASF167
 1191 08d2 09       		.byte	0x9
 1192 08d3 51       		.byte	0x51
 1193 08d4 94070000 		.4byte	0x794
 1194 08d8 10       		.uleb128 0x10
 1195 08d9 AF060000 		.4byte	.LASF177
 1196 08dd 02       		.byte	0x2
 1197 08de 81       		.byte	0x81
 1198 08df 03       		.byte	0x3
 1199 08e0 11       		.uleb128 0x11
 1200 08e1 7E030000 		.4byte	.LASF178
 1201 08e5 01       		.byte	0x1
 1202 08e6 0E       		.byte	0xe
 1203 08e7 89000000 		.4byte	0x89
 1204 08eb 00000000 		.4byte	.LFB562
 1205 08ef 10000000 		.4byte	.LFE562-.LFB562
 1206 08f3 01       		.uleb128 0x1
 1207 08f4 9C       		.byte	0x9c
 1208 08f5 1C090000 		.4byte	0x91c
 1209 08f9 12       		.uleb128 0x12
 1210 08fa D8080000 		.4byte	0x8d8
 1211 08fe 02000000 		.4byte	.LBB4
 1212 0902 02000000 		.4byte	.LBE4-.LBB4
 1213 0906 01       		.byte	0x1
 1214 0907 10       		.byte	0x10
 1215 0908 13       		.uleb128 0x13
 1216 0909 0A000000 		.4byte	.LVL0
 1217 090d 73090000 		.4byte	0x973
 1218 0911 14       		.uleb128 0x14
 1219 0912 01       		.uleb128 0x1
ARM GAS  C:\Users\quint\AppData\Local\Temp\ccHe3yPb.s 			page 25


 1220 0913 50       		.byte	0x50
 1221 0914 05       		.uleb128 0x5
 1222 0915 0C       		.byte	0xc
 1223 0916 00000810 		.4byte	0x10080000
 1224 091a 00       		.byte	0
 1225 091b 00       		.byte	0
 1226 091c 15       		.uleb128 0x15
 1227 091d DB060000 		.4byte	.LASF168
 1228 0921 05       		.byte	0x5
 1229 0922 A7       		.byte	0xa7
 1230 0923 27090000 		.4byte	0x927
 1231 0927 09       		.uleb128 0x9
 1232 0928 04       		.byte	0x4
 1233 0929 2D090000 		.4byte	0x92d
 1234 092d 16       		.uleb128 0x16
 1235 092e E7040000 		.4byte	0x4e7
 1236 0932 15       		.uleb128 0x15
 1237 0933 20030000 		.4byte	.LASF169
 1238 0937 0A       		.byte	0xa
 1239 0938 1F       		.byte	0x1f
 1240 0939 3D090000 		.4byte	0x93d
 1241 093d 16       		.uleb128 0x16
 1242 093e CD080000 		.4byte	0x8cd
 1243 0942 15       		.uleb128 0x15
 1244 0943 100A0000 		.4byte	.LASF170
 1245 0947 0B       		.byte	0xb
 1246 0948 1F       		.byte	0x1f
 1247 0949 3D090000 		.4byte	0x93d
 1248 094d 15       		.uleb128 0x15
 1249 094e 03030000 		.4byte	.LASF171
 1250 0952 0C       		.byte	0xc
 1251 0953 87       		.byte	0x87
 1252 0954 8C060000 		.4byte	0x68c
 1253 0958 15       		.uleb128 0x15
 1254 0959 59010000 		.4byte	.LASF172
 1255 095d 0D       		.byte	0xd
 1256 095e 5E       		.byte	0x5e
 1257 095f B0050000 		.4byte	0x5b0
 1258 0963 15       		.uleb128 0x15
 1259 0964 4A070000 		.4byte	.LASF173
 1260 0968 0E       		.byte	0xe
 1261 0969 1F       		.byte	0x1f
 1262 096a 6E090000 		.4byte	0x96e
 1263 096e 16       		.uleb128 0x16
 1264 096f 89070000 		.4byte	0x789
 1265 0973 17       		.uleb128 0x17
 1266 0974 3A050000 		.4byte	.LASF179
 1267 0978 3A050000 		.4byte	.LASF179
 1268 097c 0F       		.byte	0xf
 1269 097d 1802     		.2byte	0x218
 1270 097f 00       		.byte	0
 1271              		.section	.debug_abbrev,"",%progbits
 1272              	.Ldebug_abbrev0:
 1273 0000 01       		.uleb128 0x1
 1274 0001 11       		.uleb128 0x11
 1275 0002 01       		.byte	0x1
 1276 0003 25       		.uleb128 0x25
ARM GAS  C:\Users\quint\AppData\Local\Temp\ccHe3yPb.s 			page 26


 1277 0004 0E       		.uleb128 0xe
 1278 0005 13       		.uleb128 0x13
 1279 0006 0B       		.uleb128 0xb
 1280 0007 03       		.uleb128 0x3
 1281 0008 0E       		.uleb128 0xe
 1282 0009 1B       		.uleb128 0x1b
 1283 000a 0E       		.uleb128 0xe
 1284 000b 55       		.uleb128 0x55
 1285 000c 17       		.uleb128 0x17
 1286 000d 11       		.uleb128 0x11
 1287 000e 01       		.uleb128 0x1
 1288 000f 10       		.uleb128 0x10
 1289 0010 17       		.uleb128 0x17
 1290 0011 00       		.byte	0
 1291 0012 00       		.byte	0
 1292 0013 02       		.uleb128 0x2
 1293 0014 24       		.uleb128 0x24
 1294 0015 00       		.byte	0
 1295 0016 0B       		.uleb128 0xb
 1296 0017 0B       		.uleb128 0xb
 1297 0018 3E       		.uleb128 0x3e
 1298 0019 0B       		.uleb128 0xb
 1299 001a 03       		.uleb128 0x3
 1300 001b 0E       		.uleb128 0xe
 1301 001c 00       		.byte	0
 1302 001d 00       		.byte	0
 1303 001e 03       		.uleb128 0x3
 1304 001f 16       		.uleb128 0x16
 1305 0020 00       		.byte	0
 1306 0021 03       		.uleb128 0x3
 1307 0022 0E       		.uleb128 0xe
 1308 0023 3A       		.uleb128 0x3a
 1309 0024 0B       		.uleb128 0xb
 1310 0025 3B       		.uleb128 0x3b
 1311 0026 0B       		.uleb128 0xb
 1312 0027 49       		.uleb128 0x49
 1313 0028 13       		.uleb128 0x13
 1314 0029 00       		.byte	0
 1315 002a 00       		.byte	0
 1316 002b 04       		.uleb128 0x4
 1317 002c 24       		.uleb128 0x24
 1318 002d 00       		.byte	0
 1319 002e 0B       		.uleb128 0xb
 1320 002f 0B       		.uleb128 0xb
 1321 0030 3E       		.uleb128 0x3e
 1322 0031 0B       		.uleb128 0xb
 1323 0032 03       		.uleb128 0x3
 1324 0033 08       		.uleb128 0x8
 1325 0034 00       		.byte	0
 1326 0035 00       		.byte	0
 1327 0036 05       		.uleb128 0x5
 1328 0037 35       		.uleb128 0x35
 1329 0038 00       		.byte	0
 1330 0039 49       		.uleb128 0x49
 1331 003a 13       		.uleb128 0x13
 1332 003b 00       		.byte	0
 1333 003c 00       		.byte	0
ARM GAS  C:\Users\quint\AppData\Local\Temp\ccHe3yPb.s 			page 27


 1334 003d 06       		.uleb128 0x6
 1335 003e 13       		.uleb128 0x13
 1336 003f 01       		.byte	0x1
 1337 0040 0B       		.uleb128 0xb
 1338 0041 0B       		.uleb128 0xb
 1339 0042 3A       		.uleb128 0x3a
 1340 0043 0B       		.uleb128 0xb
 1341 0044 3B       		.uleb128 0x3b
 1342 0045 0B       		.uleb128 0xb
 1343 0046 01       		.uleb128 0x1
 1344 0047 13       		.uleb128 0x13
 1345 0048 00       		.byte	0
 1346 0049 00       		.byte	0
 1347 004a 07       		.uleb128 0x7
 1348 004b 0D       		.uleb128 0xd
 1349 004c 00       		.byte	0
 1350 004d 03       		.uleb128 0x3
 1351 004e 0E       		.uleb128 0xe
 1352 004f 3A       		.uleb128 0x3a
 1353 0050 0B       		.uleb128 0xb
 1354 0051 3B       		.uleb128 0x3b
 1355 0052 0B       		.uleb128 0xb
 1356 0053 49       		.uleb128 0x49
 1357 0054 13       		.uleb128 0x13
 1358 0055 38       		.uleb128 0x38
 1359 0056 0B       		.uleb128 0xb
 1360 0057 00       		.byte	0
 1361 0058 00       		.byte	0
 1362 0059 08       		.uleb128 0x8
 1363 005a 0F       		.uleb128 0xf
 1364 005b 00       		.byte	0
 1365 005c 0B       		.uleb128 0xb
 1366 005d 0B       		.uleb128 0xb
 1367 005e 00       		.byte	0
 1368 005f 00       		.byte	0
 1369 0060 09       		.uleb128 0x9
 1370 0061 0F       		.uleb128 0xf
 1371 0062 00       		.byte	0
 1372 0063 0B       		.uleb128 0xb
 1373 0064 0B       		.uleb128 0xb
 1374 0065 49       		.uleb128 0x49
 1375 0066 13       		.uleb128 0x13
 1376 0067 00       		.byte	0
 1377 0068 00       		.byte	0
 1378 0069 0A       		.uleb128 0xa
 1379 006a 15       		.uleb128 0x15
 1380 006b 01       		.byte	0x1
 1381 006c 27       		.uleb128 0x27
 1382 006d 19       		.uleb128 0x19
 1383 006e 01       		.uleb128 0x1
 1384 006f 13       		.uleb128 0x13
 1385 0070 00       		.byte	0
 1386 0071 00       		.byte	0
 1387 0072 0B       		.uleb128 0xb
 1388 0073 05       		.uleb128 0x5
 1389 0074 00       		.byte	0
 1390 0075 49       		.uleb128 0x49
ARM GAS  C:\Users\quint\AppData\Local\Temp\ccHe3yPb.s 			page 28


 1391 0076 13       		.uleb128 0x13
 1392 0077 00       		.byte	0
 1393 0078 00       		.byte	0
 1394 0079 0C       		.uleb128 0xc
 1395 007a 16       		.uleb128 0x16
 1396 007b 00       		.byte	0
 1397 007c 03       		.uleb128 0x3
 1398 007d 0E       		.uleb128 0xe
 1399 007e 3A       		.uleb128 0x3a
 1400 007f 0B       		.uleb128 0xb
 1401 0080 3B       		.uleb128 0x3b
 1402 0081 05       		.uleb128 0x5
 1403 0082 49       		.uleb128 0x49
 1404 0083 13       		.uleb128 0x13
 1405 0084 00       		.byte	0
 1406 0085 00       		.byte	0
 1407 0086 0D       		.uleb128 0xd
 1408 0087 13       		.uleb128 0x13
 1409 0088 01       		.byte	0x1
 1410 0089 03       		.uleb128 0x3
 1411 008a 0E       		.uleb128 0xe
 1412 008b 0B       		.uleb128 0xb
 1413 008c 0B       		.uleb128 0xb
 1414 008d 3A       		.uleb128 0x3a
 1415 008e 0B       		.uleb128 0xb
 1416 008f 3B       		.uleb128 0x3b
 1417 0090 05       		.uleb128 0x5
 1418 0091 01       		.uleb128 0x1
 1419 0092 13       		.uleb128 0x13
 1420 0093 00       		.byte	0
 1421 0094 00       		.byte	0
 1422 0095 0E       		.uleb128 0xe
 1423 0096 0D       		.uleb128 0xd
 1424 0097 00       		.byte	0
 1425 0098 03       		.uleb128 0x3
 1426 0099 0E       		.uleb128 0xe
 1427 009a 3A       		.uleb128 0x3a
 1428 009b 0B       		.uleb128 0xb
 1429 009c 3B       		.uleb128 0x3b
 1430 009d 05       		.uleb128 0x5
 1431 009e 49       		.uleb128 0x49
 1432 009f 13       		.uleb128 0x13
 1433 00a0 38       		.uleb128 0x38
 1434 00a1 0B       		.uleb128 0xb
 1435 00a2 00       		.byte	0
 1436 00a3 00       		.byte	0
 1437 00a4 0F       		.uleb128 0xf
 1438 00a5 13       		.uleb128 0x13
 1439 00a6 01       		.byte	0x1
 1440 00a7 03       		.uleb128 0x3
 1441 00a8 0E       		.uleb128 0xe
 1442 00a9 0B       		.uleb128 0xb
 1443 00aa 0B       		.uleb128 0xb
 1444 00ab 3A       		.uleb128 0x3a
 1445 00ac 0B       		.uleb128 0xb
 1446 00ad 3B       		.uleb128 0x3b
 1447 00ae 0B       		.uleb128 0xb
ARM GAS  C:\Users\quint\AppData\Local\Temp\ccHe3yPb.s 			page 29


 1448 00af 01       		.uleb128 0x1
 1449 00b0 13       		.uleb128 0x13
 1450 00b1 00       		.byte	0
 1451 00b2 00       		.byte	0
 1452 00b3 10       		.uleb128 0x10
 1453 00b4 2E       		.uleb128 0x2e
 1454 00b5 00       		.byte	0
 1455 00b6 03       		.uleb128 0x3
 1456 00b7 0E       		.uleb128 0xe
 1457 00b8 3A       		.uleb128 0x3a
 1458 00b9 0B       		.uleb128 0xb
 1459 00ba 3B       		.uleb128 0x3b
 1460 00bb 0B       		.uleb128 0xb
 1461 00bc 27       		.uleb128 0x27
 1462 00bd 19       		.uleb128 0x19
 1463 00be 20       		.uleb128 0x20
 1464 00bf 0B       		.uleb128 0xb
 1465 00c0 00       		.byte	0
 1466 00c1 00       		.byte	0
 1467 00c2 11       		.uleb128 0x11
 1468 00c3 2E       		.uleb128 0x2e
 1469 00c4 01       		.byte	0x1
 1470 00c5 3F       		.uleb128 0x3f
 1471 00c6 19       		.uleb128 0x19
 1472 00c7 03       		.uleb128 0x3
 1473 00c8 0E       		.uleb128 0xe
 1474 00c9 3A       		.uleb128 0x3a
 1475 00ca 0B       		.uleb128 0xb
 1476 00cb 3B       		.uleb128 0x3b
 1477 00cc 0B       		.uleb128 0xb
 1478 00cd 27       		.uleb128 0x27
 1479 00ce 19       		.uleb128 0x19
 1480 00cf 49       		.uleb128 0x49
 1481 00d0 13       		.uleb128 0x13
 1482 00d1 8701     		.uleb128 0x87
 1483 00d3 19       		.uleb128 0x19
 1484 00d4 11       		.uleb128 0x11
 1485 00d5 01       		.uleb128 0x1
 1486 00d6 12       		.uleb128 0x12
 1487 00d7 06       		.uleb128 0x6
 1488 00d8 40       		.uleb128 0x40
 1489 00d9 18       		.uleb128 0x18
 1490 00da 9742     		.uleb128 0x2117
 1491 00dc 19       		.uleb128 0x19
 1492 00dd 01       		.uleb128 0x1
 1493 00de 13       		.uleb128 0x13
 1494 00df 00       		.byte	0
 1495 00e0 00       		.byte	0
 1496 00e1 12       		.uleb128 0x12
 1497 00e2 1D       		.uleb128 0x1d
 1498 00e3 00       		.byte	0
 1499 00e4 31       		.uleb128 0x31
 1500 00e5 13       		.uleb128 0x13
 1501 00e6 11       		.uleb128 0x11
 1502 00e7 01       		.uleb128 0x1
 1503 00e8 12       		.uleb128 0x12
 1504 00e9 06       		.uleb128 0x6
ARM GAS  C:\Users\quint\AppData\Local\Temp\ccHe3yPb.s 			page 30


 1505 00ea 58       		.uleb128 0x58
 1506 00eb 0B       		.uleb128 0xb
 1507 00ec 59       		.uleb128 0x59
 1508 00ed 0B       		.uleb128 0xb
 1509 00ee 00       		.byte	0
 1510 00ef 00       		.byte	0
 1511 00f0 13       		.uleb128 0x13
 1512 00f1 898201   		.uleb128 0x4109
 1513 00f4 01       		.byte	0x1
 1514 00f5 11       		.uleb128 0x11
 1515 00f6 01       		.uleb128 0x1
 1516 00f7 31       		.uleb128 0x31
 1517 00f8 13       		.uleb128 0x13
 1518 00f9 00       		.byte	0
 1519 00fa 00       		.byte	0
 1520 00fb 14       		.uleb128 0x14
 1521 00fc 8A8201   		.uleb128 0x410a
 1522 00ff 00       		.byte	0
 1523 0100 02       		.uleb128 0x2
 1524 0101 18       		.uleb128 0x18
 1525 0102 9142     		.uleb128 0x2111
 1526 0104 18       		.uleb128 0x18
 1527 0105 00       		.byte	0
 1528 0106 00       		.byte	0
 1529 0107 15       		.uleb128 0x15
 1530 0108 34       		.uleb128 0x34
 1531 0109 00       		.byte	0
 1532 010a 03       		.uleb128 0x3
 1533 010b 0E       		.uleb128 0xe
 1534 010c 3A       		.uleb128 0x3a
 1535 010d 0B       		.uleb128 0xb
 1536 010e 3B       		.uleb128 0x3b
 1537 010f 0B       		.uleb128 0xb
 1538 0110 49       		.uleb128 0x49
 1539 0111 13       		.uleb128 0x13
 1540 0112 3F       		.uleb128 0x3f
 1541 0113 19       		.uleb128 0x19
 1542 0114 3C       		.uleb128 0x3c
 1543 0115 19       		.uleb128 0x19
 1544 0116 00       		.byte	0
 1545 0117 00       		.byte	0
 1546 0118 16       		.uleb128 0x16
 1547 0119 26       		.uleb128 0x26
 1548 011a 00       		.byte	0
 1549 011b 49       		.uleb128 0x49
 1550 011c 13       		.uleb128 0x13
 1551 011d 00       		.byte	0
 1552 011e 00       		.byte	0
 1553 011f 17       		.uleb128 0x17
 1554 0120 2E       		.uleb128 0x2e
 1555 0121 00       		.byte	0
 1556 0122 3F       		.uleb128 0x3f
 1557 0123 19       		.uleb128 0x19
 1558 0124 3C       		.uleb128 0x3c
 1559 0125 19       		.uleb128 0x19
 1560 0126 6E       		.uleb128 0x6e
 1561 0127 0E       		.uleb128 0xe
ARM GAS  C:\Users\quint\AppData\Local\Temp\ccHe3yPb.s 			page 31


 1562 0128 03       		.uleb128 0x3
 1563 0129 0E       		.uleb128 0xe
 1564 012a 3A       		.uleb128 0x3a
 1565 012b 0B       		.uleb128 0xb
 1566 012c 3B       		.uleb128 0x3b
 1567 012d 05       		.uleb128 0x5
 1568 012e 00       		.byte	0
 1569 012f 00       		.byte	0
 1570 0130 00       		.byte	0
 1571              		.section	.debug_aranges,"",%progbits
 1572 0000 1C000000 		.4byte	0x1c
 1573 0004 0200     		.2byte	0x2
 1574 0006 00000000 		.4byte	.Ldebug_info0
 1575 000a 04       		.byte	0x4
 1576 000b 00       		.byte	0
 1577 000c 0000     		.2byte	0
 1578 000e 0000     		.2byte	0
 1579 0010 00000000 		.4byte	.LFB562
 1580 0014 10000000 		.4byte	.LFE562-.LFB562
 1581 0018 00000000 		.4byte	0
 1582 001c 00000000 		.4byte	0
 1583              		.section	.debug_ranges,"",%progbits
 1584              	.Ldebug_ranges0:
 1585 0000 00000000 		.4byte	.LFB562
 1586 0004 10000000 		.4byte	.LFE562
 1587 0008 00000000 		.4byte	0
 1588 000c 00000000 		.4byte	0
 1589              		.section	.debug_line,"",%progbits
 1590              	.Ldebug_line0:
 1591 0000 DC020000 		.section	.debug_str,"MS",%progbits,1
 1591      0200BB02 
 1591      00000201 
 1591      FB0E0D00 
 1591      01010101 
 1592              	.LASF54:
 1593 0000 70726F74 		.ascii	"protBusMasterMask\000"
 1593      4275734D 
 1593      61737465 
 1593      724D6173 
 1593      6B00
 1594              	.LASF135:
 1595 0012 72756E4D 		.ascii	"runMode\000"
 1595      6F646500 
 1596              	.LASF113:
 1597 001a 72784275 		.ascii	"rxBufSize\000"
 1597      6653697A 
 1597      6500
 1598              	.LASF64:
 1599 0024 666C6173 		.ascii	"flashCtlMainWs3Freq\000"
 1599      6843746C 
 1599      4D61696E 
 1599      57733346 
 1599      72657100 
 1600              	.LASF86:
 1601 0038 6770696F 		.ascii	"gpioPrtCfgInOffset\000"
 1601      50727443 
 1601      6667496E 
ARM GAS  C:\Users\quint\AppData\Local\Temp\ccHe3yPb.s 			page 32


 1601      4F666673 
 1601      657400
 1602              	.LASF166:
 1603 004b 6B696C6C 		.ascii	"killInput\000"
 1603      496E7075 
 1603      7400
 1604              	.LASF104:
 1605 0055 6970634C 		.ascii	"ipcLockStatusOffset\000"
 1605      6F636B53 
 1605      74617475 
 1605      734F6666 
 1605      73657400 
 1606              	.LASF30:
 1607 0069 63727970 		.ascii	"cryptoVersion\000"
 1607      746F5665 
 1607      7273696F 
 1607      6E00
 1608              	.LASF68:
 1609 0077 64774368 		.ascii	"dwChCtlPrioPos\000"
 1609      43746C50 
 1609      72696F50 
 1609      6F7300
 1610              	.LASF26:
 1611 0086 70617373 		.ascii	"passBase\000"
 1611      42617365 
 1611      00
 1612              	.LASF175:
 1613 008f 6D61696E 		.ascii	"main_cm0p.c\000"
 1613      5F636D30 
 1613      702E6300 
 1614              	.LASF155:
 1615 009b 70776D41 		.ascii	"pwmAlignment\000"
 1615      6C69676E 
 1615      6D656E74 
 1615      00
 1616              	.LASF39:
 1617 00a8 63707573 		.ascii	"cpussIpcIrqNr\000"
 1617      73497063 
 1617      4972714E 
 1617      7200
 1618              	.LASF3:
 1619 00b6 5F5F7569 		.ascii	"__uint8_t\000"
 1619      6E74385F 
 1619      7400
 1620              	.LASF83:
 1621 00c0 70657269 		.ascii	"periDiv24_5CtlOffset\000"
 1621      44697632 
 1621      345F3543 
 1621      746C4F66 
 1621      66736574 
 1622              	.LASF90:
 1623 00d5 63707573 		.ascii	"cpussCm4ClockCtlOffset\000"
 1623      73436D34 
 1623      436C6F63 
 1623      6B43746C 
 1623      4F666673 
 1624              	.LASF136:
ARM GAS  C:\Users\quint\AppData\Local\Temp\ccHe3yPb.s 			page 33


 1625 00ec 636F756E 		.ascii	"countDirection\000"
 1625      74446972 
 1625      65637469 
 1625      6F6E00
 1626              	.LASF148:
 1627 00fb 73746F70 		.ascii	"stopInputMode\000"
 1627      496E7075 
 1627      744D6F64 
 1627      6500
 1628              	.LASF19:
 1629 0109 63707573 		.ascii	"cpussBase\000"
 1629      73426173 
 1629      6500
 1630              	.LASF133:
 1631 0113 70657269 		.ascii	"period\000"
 1631      6F6400
 1632              	.LASF48:
 1633 011a 70657269 		.ascii	"periClockNr\000"
 1633      436C6F63 
 1633      6B4E7200 
 1634              	.LASF143:
 1635 0126 63617074 		.ascii	"captureInput\000"
 1635      75726549 
 1635      6E707574 
 1635      00
 1636              	.LASF11:
 1637 0133 6C6F6E67 		.ascii	"long long unsigned int\000"
 1637      206C6F6E 
 1637      6720756E 
 1637      7369676E 
 1637      65642069 
 1638              	.LASF134:
 1639 014a 636C6F63 		.ascii	"clockPrescaler\000"
 1639      6B507265 
 1639      7363616C 
 1639      657200
 1640              	.LASF172:
 1641 0159 5350495F 		.ascii	"SPI_1_context\000"
 1641      315F636F 
 1641      6E746578 
 1641      7400
 1642              	.LASF72:
 1643 0167 70657269 		.ascii	"periTrCmdOffset\000"
 1643      5472436D 
 1643      644F6666 
 1643      73657400 
 1644              	.LASF126:
 1645 0177 72785269 		.ascii	"rxRingBuf\000"
 1645      6E674275 
 1645      6600
 1646              	.LASF176:
 1647 0181 443A5C47 		.ascii	"D:\\GIT\\Knight Guard\\PSoC6_PWM_MotorControll\\PSo"
 1647      49545C4B 
 1647      6E696768 
 1647      74204775 
 1647      6172645C 
 1648 01b0 43365F50 		.ascii	"C6_PWM_MotorControll.cydsn\000"
ARM GAS  C:\Users\quint\AppData\Local\Temp\ccHe3yPb.s 			page 34


 1648      574D5F4D 
 1648      6F746F72 
 1648      436F6E74 
 1648      726F6C6C 
 1649              	.LASF96:
 1650 01cb 63707573 		.ascii	"cpussSysTickCtlOffset\000"
 1650      73537973 
 1650      5469636B 
 1650      43746C4F 
 1650      66667365 
 1651              	.LASF164:
 1652 01e1 73776170 		.ascii	"swapInput\000"
 1652      496E7075 
 1652      7400
 1653              	.LASF57:
 1654 01eb 666C6173 		.ascii	"flashPipeRequired\000"
 1654      68506970 
 1654      65526571 
 1654      75697265 
 1654      6400
 1655              	.LASF61:
 1656 01fd 666C6173 		.ascii	"flashCtlMainWs0Freq\000"
 1656      6843746C 
 1656      4D61696E 
 1656      57733046 
 1656      72657100 
 1657              	.LASF14:
 1658 0211 696E7431 		.ascii	"int16_t\000"
 1658      365F7400 
 1659              	.LASF10:
 1660 0219 6C6F6E67 		.ascii	"long long int\000"
 1660      206C6F6E 
 1660      6720696E 
 1660      7400
 1661              	.LASF152:
 1662 0227 63795F73 		.ascii	"cy_stc_tcpwm_counter_config_t\000"
 1662      74635F74 
 1662      6370776D 
 1662      5F636F75 
 1662      6E746572 
 1663              	.LASF122:
 1664 0245 63795F73 		.ascii	"cy_stc_scb_spi_context\000"
 1664      74635F73 
 1664      63625F73 
 1664      70695F63 
 1664      6F6E7465 
 1665              	.LASF77:
 1666 025c 70657269 		.ascii	"periDivCmdTypeSelPos\000"
 1666      44697643 
 1666      6D645479 
 1666      70655365 
 1666      6C506F73 
 1667              	.LASF130:
 1668 0271 74784C65 		.ascii	"txLeftToTransmit\000"
 1668      6674546F 
 1668      5472616E 
 1668      736D6974 
ARM GAS  C:\Users\quint\AppData\Local\Temp\ccHe3yPb.s 			page 35


 1668      00
 1669              	.LASF23:
 1670 0282 70726F74 		.ascii	"protBase\000"
 1670      42617365 
 1670      00
 1671              	.LASF35:
 1672 028b 69706356 		.ascii	"ipcVersion\000"
 1672      65727369 
 1672      6F6E00
 1673              	.LASF97:
 1674 0296 63707573 		.ascii	"cpussCm0NmiCtlOffset\000"
 1674      73436D30 
 1674      4E6D6943 
 1674      746C4F66 
 1674      66736574 
 1675              	.LASF110:
 1676 02ab 63795F63 		.ascii	"cy_cb_scb_spi_handle_events_t\000"
 1676      625F7363 
 1676      625F7370 
 1676      695F6861 
 1676      6E646C65 
 1677              	.LASF45:
 1678 02c9 73727373 		.ascii	"srssNumClkpath\000"
 1678      4E756D43 
 1678      6C6B7061 
 1678      746800
 1679              	.LASF24:
 1680 02d8 6873696F 		.ascii	"hsiomBase\000"
 1680      6D426173 
 1680      6500
 1681              	.LASF153:
 1682 02e2 63795F73 		.ascii	"cy_stc_tcpwm_pwm_config\000"
 1682      74635F74 
 1682      6370776D 
 1682      5F70776D 
 1682      5F636F6E 
 1683              	.LASF7:
 1684 02fa 6C6F6E67 		.ascii	"long int\000"
 1684      20696E74 
 1684      00
 1685              	.LASF171:
 1686 0303 55415254 		.ascii	"UART_1_context\000"
 1686      5F315F63 
 1686      6F6E7465 
 1686      787400
 1687              	.LASF55:
 1688 0312 63727970 		.ascii	"cryptoMemSize\000"
 1688      746F4D65 
 1688      6D53697A 
 1688      6500
 1689              	.LASF169:
 1690 0320 50574D5F 		.ascii	"PWM_Motor1_config\000"
 1690      4D6F746F 
 1690      72315F63 
 1690      6F6E6669 
 1690      6700
 1691              	.LASF21:
ARM GAS  C:\Users\quint\AppData\Local\Temp\ccHe3yPb.s 			page 36


 1692 0332 70657269 		.ascii	"periBase\000"
 1692      42617365 
 1692      00
 1693              	.LASF53:
 1694 033b 73797350 		.ascii	"sysPmSimoPresent\000"
 1694      6D53696D 
 1694      6F507265 
 1694      73656E74 
 1694      00
 1695              	.LASF43:
 1696 034c 63707573 		.ascii	"cpussFmIrq\000"
 1696      73466D49 
 1696      727100
 1697              	.LASF108:
 1698 0357 646F7562 		.ascii	"double\000"
 1698      6C6500
 1699              	.LASF82:
 1700 035e 70657269 		.ascii	"periDiv16_5CtlOffset\000"
 1700      44697631 
 1700      365F3543 
 1700      746C4F66 
 1700      66736574 
 1701              	.LASF46:
 1702 0373 73727373 		.ascii	"srssNumPll\000"
 1702      4E756D50 
 1702      6C6C00
 1703              	.LASF178:
 1704 037e 6D61696E 		.ascii	"main\000"
 1704      00
 1705              	.LASF142:
 1706 0383 63617074 		.ascii	"captureInputMode\000"
 1706      75726549 
 1706      6E707574 
 1706      4D6F6465 
 1706      00
 1707              	.LASF80:
 1708 0394 70657269 		.ascii	"periDiv8CtlOffset\000"
 1708      44697638 
 1708      43746C4F 
 1708      66667365 
 1708      7400
 1709              	.LASF87:
 1710 03a6 6770696F 		.ascii	"gpioPrtCfgOutOffset\000"
 1710      50727443 
 1710      66674F75 
 1710      744F6666 
 1710      73657400 
 1711              	.LASF20:
 1712 03ba 666C6173 		.ascii	"flashcBase\000"
 1712      68634261 
 1712      736500
 1713              	.LASF8:
 1714 03c5 5F5F7569 		.ascii	"__uint32_t\000"
 1714      6E743332 
 1714      5F7400
 1715              	.LASF50:
 1716 03d0 70617373 		.ascii	"passSarChannels\000"
ARM GAS  C:\Users\quint\AppData\Local\Temp\ccHe3yPb.s 			page 37


 1716      53617243 
 1716      68616E6E 
 1716      656C7300 
 1717              	.LASF4:
 1718 03e0 5F5F696E 		.ascii	"__int16_t\000"
 1718      7431365F 
 1718      7400
 1719              	.LASF114:
 1720 03ea 72784275 		.ascii	"rxBufIdx\000"
 1720      66496478 
 1720      00
 1721              	.LASF93:
 1722 03f3 63707573 		.ascii	"cpussCm4PwrCtlOffset\000"
 1722      73436D34 
 1722      50777243 
 1722      746C4F66 
 1722      66736574 
 1723              	.LASF116:
 1724 0408 74784275 		.ascii	"txBufSize\000"
 1724      6653697A 
 1724      6500
 1725              	.LASF141:
 1726 0412 696E7465 		.ascii	"interruptSources\000"
 1726      72727570 
 1726      74536F75 
 1726      72636573 
 1726      00
 1727              	.LASF88:
 1728 0423 6770696F 		.ascii	"gpioPrtCfgSioOffset\000"
 1728      50727443 
 1728      66675369 
 1728      6F4F6666 
 1728      73657400 
 1729              	.LASF40:
 1730 0437 63707573 		.ascii	"cpussDwChNr\000"
 1730      73447743 
 1730      684E7200 
 1731              	.LASF12:
 1732 0443 756E7369 		.ascii	"unsigned int\000"
 1732      676E6564 
 1732      20696E74 
 1732      00
 1733              	.LASF15:
 1734 0450 75696E74 		.ascii	"uint16_t\000"
 1734      31365F74 
 1734      00
 1735              	.LASF73:
 1736 0459 70657269 		.ascii	"periTrCmdGrSelMsk\000"
 1736      5472436D 
 1736      64477253 
 1736      656C4D73 
 1736      6B00
 1737              	.LASF62:
 1738 046b 666C6173 		.ascii	"flashCtlMainWs1Freq\000"
 1738      6843746C 
 1738      4D61696E 
 1738      57733146 
ARM GAS  C:\Users\quint\AppData\Local\Temp\ccHe3yPb.s 			page 38


 1738      72657100 
 1739              	.LASF9:
 1740 047f 6C6F6E67 		.ascii	"long unsigned int\000"
 1740      20756E73 
 1740      69676E65 
 1740      6420696E 
 1740      7400
 1741              	.LASF140:
 1742 0491 656E6162 		.ascii	"enableCompareSwap\000"
 1742      6C65436F 
 1742      6D706172 
 1742      65537761 
 1742      7000
 1743              	.LASF121:
 1744 04a3 63795F63 		.ascii	"cy_cb_scb_uart_handle_events_t\000"
 1744      625F7363 
 1744      625F7561 
 1744      72745F68 
 1744      616E646C 
 1745              	.LASF38:
 1746 04c2 63707573 		.ascii	"cpussIpcNr\000"
 1746      73497063 
 1746      4E7200
 1747              	.LASF25:
 1748 04cd 6770696F 		.ascii	"gpioBase\000"
 1748      42617365 
 1748      00
 1749              	.LASF51:
 1750 04d6 65704D6F 		.ascii	"epMonitorNr\000"
 1750      6E69746F 
 1750      724E7200 
 1751              	.LASF124:
 1752 04e2 74785374 		.ascii	"txStatus\000"
 1752      61747573 
 1752      00
 1753              	.LASF163:
 1754 04eb 73776170 		.ascii	"swapInputMode\000"
 1754      496E7075 
 1754      744D6F64 
 1754      6500
 1755              	.LASF74:
 1756 04f9 70657269 		.ascii	"periTrGrOffset\000"
 1756      54724772 
 1756      4F666673 
 1756      657400
 1757              	.LASF101:
 1758 0508 63707573 		.ascii	"cpussRam1Ctl0\000"
 1758      7352616D 
 1758      3143746C 
 1758      3000
 1759              	.LASF165:
 1760 0516 6B696C6C 		.ascii	"killInputMode\000"
 1760      496E7075 
 1760      744D6F64 
 1760      6500
 1761              	.LASF118:
 1762 0524 63624576 		.ascii	"cbEvents\000"
ARM GAS  C:\Users\quint\AppData\Local\Temp\ccHe3yPb.s 			page 39


 1762      656E7473 
 1762      00
 1763              	.LASF75:
 1764 052d 70657269 		.ascii	"periTrGrSize\000"
 1764      54724772 
 1764      53697A65 
 1764      00
 1765              	.LASF179:
 1766 053a 43795F53 		.ascii	"Cy_SysEnableCM4\000"
 1766      7973456E 
 1766      61626C65 
 1766      434D3400 
 1767              	.LASF33:
 1768 054a 6770696F 		.ascii	"gpioVersion\000"
 1768      56657273 
 1768      696F6E00 
 1769              	.LASF115:
 1770 0556 74784275 		.ascii	"txBuf\000"
 1770      6600
 1771              	.LASF105:
 1772 055c 63795F73 		.ascii	"cy_stc_device_t\000"
 1772      74635F64 
 1772      65766963 
 1772      655F7400 
 1773              	.LASF120:
 1774 056c 63795F73 		.ascii	"cy_stc_scb_spi_context_t\000"
 1774      74635F73 
 1774      63625F73 
 1774      70695F63 
 1774      6F6E7465 
 1775              	.LASF160:
 1776 0585 696E7665 		.ascii	"invertPWMOut\000"
 1776      72745057 
 1776      4D4F7574 
 1776      00
 1777              	.LASF156:
 1778 0592 64656164 		.ascii	"deadTimeClocks\000"
 1778      54696D65 
 1778      436C6F63 
 1778      6B7300
 1779              	.LASF128:
 1780 05a1 72785269 		.ascii	"rxRingBufHead\000"
 1780      6E674275 
 1780      66486561 
 1780      6400
 1781              	.LASF94:
 1782 05af 63707573 		.ascii	"cpussTrimRamCtlOffset\000"
 1782      73547269 
 1782      6D52616D 
 1782      43746C4F 
 1782      66667365 
 1783              	.LASF147:
 1784 05c5 73746172 		.ascii	"startInput\000"
 1784      74496E70 
 1784      757400
 1785              	.LASF29:
 1786 05d0 63707573 		.ascii	"cpussVersion\000"
ARM GAS  C:\Users\quint\AppData\Local\Temp\ccHe3yPb.s 			page 40


 1786      73566572 
 1786      73696F6E 
 1786      00
 1787              	.LASF36:
 1788 05dd 70657269 		.ascii	"periVersion\000"
 1788      56657273 
 1788      696F6E00 
 1789              	.LASF92:
 1790 05e9 63707573 		.ascii	"cpussCm0StatusOffset\000"
 1790      73436D30 
 1790      53746174 
 1790      75734F66 
 1790      66736574 
 1791              	.LASF132:
 1792 05fe 63795F73 		.ascii	"cy_stc_tcpwm_counter_config\000"
 1792      74635F74 
 1792      6370776D 
 1792      5F636F75 
 1792      6E746572 
 1793              	.LASF17:
 1794 061a 73697A65 		.ascii	"sizetype\000"
 1794      74797065 
 1794      00
 1795              	.LASF66:
 1796 0623 64774368 		.ascii	"dwChOffset\000"
 1796      4F666673 
 1796      657400
 1797              	.LASF41:
 1798 062e 63707573 		.ascii	"cpussFlashPaSize\000"
 1798      73466C61 
 1798      73685061 
 1798      53697A65 
 1798      00
 1799              	.LASF79:
 1800 063f 70657269 		.ascii	"periDivCmdPaTypeSelPos\000"
 1800      44697643 
 1800      6D645061 
 1800      54797065 
 1800      53656C50 
 1801              	.LASF102:
 1802 0656 63707573 		.ascii	"cpussRam2Ctl0\000"
 1802      7352616D 
 1802      3243746C 
 1802      3000
 1803              	.LASF70:
 1804 0664 64775374 		.ascii	"dwStatusChIdxPos\000"
 1804      61747573 
 1804      43684964 
 1804      78506F73 
 1804      00
 1805              	.LASF52:
 1806 0675 75646250 		.ascii	"udbPresent\000"
 1806      72657365 
 1806      6E7400
 1807              	.LASF125:
 1808 0680 72785374 		.ascii	"rxStatus\000"
 1808      61747573 
ARM GAS  C:\Users\quint\AppData\Local\Temp\ccHe3yPb.s 			page 41


 1808      00
 1809              	.LASF32:
 1810 0689 666C6173 		.ascii	"flashcVersion\000"
 1810      68635665 
 1810      7273696F 
 1810      6E00
 1811              	.LASF28:
 1812 0697 63727970 		.ascii	"cryptoBase\000"
 1812      746F4261 
 1812      736500
 1813              	.LASF49:
 1814 06a2 736D6966 		.ascii	"smifDeviceNr\000"
 1814      44657669 
 1814      63654E72 
 1814      00
 1815              	.LASF177:
 1816 06af 5F5F656E 		.ascii	"__enable_irq\000"
 1816      61626C65 
 1816      5F697271 
 1816      00
 1817              	.LASF154:
 1818 06bc 70776D4D 		.ascii	"pwmMode\000"
 1818      6F646500 
 1819              	.LASF107:
 1820 06c4 666C6F61 		.ascii	"float\000"
 1820      7400
 1821              	.LASF71:
 1822 06ca 64775374 		.ascii	"dwStatusChIdxMsk\000"
 1822      61747573 
 1822      43684964 
 1822      784D736B 
 1822      00
 1823              	.LASF168:
 1824 06db 63795F64 		.ascii	"cy_device\000"
 1824      65766963 
 1824      6500
 1825              	.LASF99:
 1826 06e5 63707573 		.ascii	"cpussRomCtl\000"
 1826      73526F6D 
 1826      43746C00 
 1827              	.LASF69:
 1828 06f1 64774368 		.ascii	"dwChCtlPreemptablePos\000"
 1828      43746C50 
 1828      7265656D 
 1828      70746162 
 1828      6C65506F 
 1829              	.LASF162:
 1830 0707 6B696C6C 		.ascii	"killMode\000"
 1830      4D6F6465 
 1830      00
 1831              	.LASF22:
 1832 0710 75646242 		.ascii	"udbBase\000"
 1832      61736500 
 1833              	.LASF109:
 1834 0718 5F426F6F 		.ascii	"_Bool\000"
 1834      6C00
 1835              	.LASF1:
ARM GAS  C:\Users\quint\AppData\Local\Temp\ccHe3yPb.s 			page 42


 1836 071e 756E7369 		.ascii	"unsigned char\000"
 1836      676E6564 
 1836      20636861 
 1836      7200
 1837              	.LASF65:
 1838 072c 666C6173 		.ascii	"flashCtlMainWs4Freq\000"
 1838      6843746C 
 1838      4D61696E 
 1838      57733446 
 1838      72657100 
 1839              	.LASF0:
 1840 0740 73686F72 		.ascii	"short int\000"
 1840      7420696E 
 1840      7400
 1841              	.LASF173:
 1842 074a 436F756E 		.ascii	"Counter_1_config\000"
 1842      7465725F 
 1842      315F636F 
 1842      6E666967 
 1842      00
 1843              	.LASF76:
 1844 075b 70657269 		.ascii	"periDivCmdDivSelMsk\000"
 1844      44697643 
 1844      6D644469 
 1844      7653656C 
 1844      4D736B00 
 1845              	.LASF63:
 1846 076f 666C6173 		.ascii	"flashCtlMainWs2Freq\000"
 1846      6843746C 
 1846      4D61696E 
 1846      57733246 
 1846      72657100 
 1847              	.LASF159:
 1848 0783 656E6162 		.ascii	"enablePeriodSwap\000"
 1848      6C655065 
 1848      72696F64 
 1848      53776170 
 1848      00
 1849              	.LASF137:
 1850 0794 636F6D70 		.ascii	"compareOrCapture\000"
 1850      6172654F 
 1850      72436170 
 1850      74757265 
 1850      00
 1851              	.LASF47:
 1852 07a5 73727373 		.ascii	"srssNumHfroot\000"
 1852      4E756D48 
 1852      66726F6F 
 1852      7400
 1853              	.LASF60:
 1854 07b3 666C6173 		.ascii	"flashEraseDelay\000"
 1854      68457261 
 1854      73654465 
 1854      6C617900 
 1855              	.LASF16:
 1856 07c3 75696E74 		.ascii	"uint32_t\000"
 1856      33325F74 
ARM GAS  C:\Users\quint\AppData\Local\Temp\ccHe3yPb.s 			page 43


 1856      00
 1857              	.LASF98:
 1858 07cc 63707573 		.ascii	"cpussCm4NmiCtlOffset\000"
 1858      73436D34 
 1858      4E6D6943 
 1858      746C4F66 
 1858      66736574 
 1859              	.LASF174:
 1860 07e1 474E5520 		.ascii	"GNU C11 5.4.1 20160609 (release) [ARM/embedded-5-br"
 1860      43313120 
 1860      352E342E 
 1860      31203230 
 1860      31363036 
 1861 0814 616E6368 		.ascii	"anch revision 237715] -mcpu=cortex-m0plus -mthumb -"
 1861      20726576 
 1861      6973696F 
 1861      6E203233 
 1861      37373135 
 1862 0847 67202D4F 		.ascii	"g -Og -ffunction-sections -ffat-lto-objects\000"
 1862      67202D66 
 1862      66756E63 
 1862      74696F6E 
 1862      2D736563 
 1863              	.LASF138:
 1864 0873 636F6D70 		.ascii	"compare0\000"
 1864      61726530 
 1864      00
 1865              	.LASF18:
 1866 087c 6C6F6E67 		.ascii	"long double\000"
 1866      20646F75 
 1866      626C6500 
 1867              	.LASF106:
 1868 0888 63686172 		.ascii	"char\000"
 1868      00
 1869              	.LASF151:
 1870 088d 636F756E 		.ascii	"countInput\000"
 1870      74496E70 
 1870      757400
 1871              	.LASF37:
 1872 0898 70726F74 		.ascii	"protVersion\000"
 1872      56657273 
 1872      696F6E00 
 1873              	.LASF100:
 1874 08a4 63707573 		.ascii	"cpussRam0Ctl0\000"
 1874      7352616D 
 1874      3043746C 
 1874      3000
 1875              	.LASF5:
 1876 08b2 5F5F7569 		.ascii	"__uint16_t\000"
 1876      6E743136 
 1876      5F7400
 1877              	.LASF81:
 1878 08bd 70657269 		.ascii	"periDiv16CtlOffset\000"
 1878      44697631 
 1878      3643746C 
 1878      4F666673 
 1878      657400
ARM GAS  C:\Users\quint\AppData\Local\Temp\ccHe3yPb.s 			page 44


 1879              	.LASF34:
 1880 08d0 6873696F 		.ascii	"hsiomVersion\000"
 1880      6D566572 
 1880      73696F6E 
 1880      00
 1881              	.LASF59:
 1882 08dd 666C6173 		.ascii	"flashProgramDelay\000"
 1882      6850726F 
 1882      6772616D 
 1882      44656C61 
 1882      7900
 1883              	.LASF127:
 1884 08ef 72785269 		.ascii	"rxRingBufSize\000"
 1884      6E674275 
 1884      6653697A 
 1884      6500
 1885              	.LASF145:
 1886 08fd 72656C6F 		.ascii	"reloadInput\000"
 1886      6164496E 
 1886      70757400 
 1887              	.LASF6:
 1888 0909 73686F72 		.ascii	"short unsigned int\000"
 1888      7420756E 
 1888      7369676E 
 1888      65642069 
 1888      6E7400
 1889              	.LASF67:
 1890 091c 64774368 		.ascii	"dwChSize\000"
 1890      53697A65 
 1890      00
 1891              	.LASF149:
 1892 0925 73746F70 		.ascii	"stopInput\000"
 1892      496E7075 
 1892      7400
 1893              	.LASF103:
 1894 092f 69706353 		.ascii	"ipcStructSize\000"
 1894      74727563 
 1894      7453697A 
 1894      6500
 1895              	.LASF146:
 1896 093d 73746172 		.ascii	"startInputMode\000"
 1896      74496E70 
 1896      75744D6F 
 1896      646500
 1897              	.LASF42:
 1898 094c 63707573 		.ascii	"cpussIpc0Irq\000"
 1898      73497063 
 1898      30497271 
 1898      00
 1899              	.LASF157:
 1900 0959 70657269 		.ascii	"period0\000"
 1900      6F643000 
 1901              	.LASF158:
 1902 0961 70657269 		.ascii	"period1\000"
 1902      6F643100 
 1903              	.LASF139:
 1904 0969 636F6D70 		.ascii	"compare1\000"
ARM GAS  C:\Users\quint\AppData\Local\Temp\ccHe3yPb.s 			page 45


 1904      61726531 
 1904      00
 1905              	.LASF89:
 1906 0972 63707573 		.ascii	"cpussCm0ClockCtlOffset\000"
 1906      73436D30 
 1906      436C6F63 
 1906      6B43746C 
 1906      4F666673 
 1907              	.LASF85:
 1908 0989 6770696F 		.ascii	"gpioPrtCfgOffset\000"
 1908      50727443 
 1908      66674F66 
 1908      66736574 
 1908      00
 1909              	.LASF119:
 1910 099a 696E6974 		.ascii	"initKey\000"
 1910      4B657900 
 1911              	.LASF112:
 1912 09a2 72784275 		.ascii	"rxBuf\000"
 1912      6600
 1913              	.LASF2:
 1914 09a8 7369676E 		.ascii	"signed char\000"
 1914      65642063 
 1914      68617200 
 1915              	.LASF131:
 1916 09b4 63795F73 		.ascii	"cy_stc_scb_uart_context_t\000"
 1916      74635F73 
 1916      63625F75 
 1916      6172745F 
 1916      636F6E74 
 1917              	.LASF111:
 1918 09ce 73746174 		.ascii	"status\000"
 1918      757300
 1919              	.LASF44:
 1920 09d5 63707573 		.ascii	"cpussNotConnectedIrq\000"
 1920      734E6F74 
 1920      436F6E6E 
 1920      65637465 
 1920      64497271 
 1921              	.LASF161:
 1922 09ea 696E7665 		.ascii	"invertPWMOutN\000"
 1922      72745057 
 1922      4D4F7574 
 1922      4E00
 1923              	.LASF58:
 1924 09f8 666C6173 		.ascii	"flashWriteDelay\000"
 1924      68577269 
 1924      74654465 
 1924      6C617900 
 1925              	.LASF13:
 1926 0a08 75696E74 		.ascii	"uint8_t\000"
 1926      385F7400 
 1927              	.LASF170:
 1928 0a10 50574D5F 		.ascii	"PWM_Motor2_config\000"
 1928      4D6F746F 
 1928      72325F63 
 1928      6F6E6669 
ARM GAS  C:\Users\quint\AppData\Local\Temp\ccHe3yPb.s 			page 46


 1928      6700
 1929              	.LASF91:
 1930 0a22 63707573 		.ascii	"cpussCm4StatusOffset\000"
 1930      73436D34 
 1930      53746174 
 1930      75734F66 
 1930      66736574 
 1931              	.LASF84:
 1932 0a37 6770696F 		.ascii	"gpioPrtIntrCfgOffset\000"
 1932      50727449 
 1932      6E747243 
 1932      66674F66 
 1932      66736574 
 1933              	.LASF167:
 1934 0a4c 63795F73 		.ascii	"cy_stc_tcpwm_pwm_config_t\000"
 1934      74635F74 
 1934      6370776D 
 1934      5F70776D 
 1934      5F636F6E 
 1935              	.LASF144:
 1936 0a66 72656C6F 		.ascii	"reloadInputMode\000"
 1936      6164496E 
 1936      7075744D 
 1936      6F646500 
 1937              	.LASF129:
 1938 0a76 72785269 		.ascii	"rxRingBufTail\000"
 1938      6E674275 
 1938      66546169 
 1938      6C00
 1939              	.LASF95:
 1940 0a84 63707573 		.ascii	"cpussTrimRomCtlOffset\000"
 1940      73547269 
 1940      6D526F6D 
 1940      43746C4F 
 1940      66667365 
 1941              	.LASF150:
 1942 0a9a 636F756E 		.ascii	"countInputMode\000"
 1942      74496E70 
 1942      75744D6F 
 1942      646500
 1943              	.LASF31:
 1944 0aa9 64775665 		.ascii	"dwVersion\000"
 1944      7273696F 
 1944      6E00
 1945              	.LASF27:
 1946 0ab3 69706342 		.ascii	"ipcBase\000"
 1946      61736500 
 1947              	.LASF78:
 1948 0abb 70657269 		.ascii	"periDivCmdPaDivSelPos\000"
 1948      44697643 
 1948      6D645061 
 1948      44697653 
 1948      656C506F 
 1949              	.LASF123:
 1950 0ad1 63795F73 		.ascii	"cy_stc_scb_uart_context\000"
 1950      74635F73 
 1950      63625F75 
ARM GAS  C:\Users\quint\AppData\Local\Temp\ccHe3yPb.s 			page 47


 1950      6172745F 
 1950      636F6E74 
 1951              	.LASF56:
 1952 0ae9 666C6173 		.ascii	"flashRwwRequired\000"
 1952      68527777 
 1952      52657175 
 1952      69726564 
 1952      00
 1953              	.LASF117:
 1954 0afa 74784275 		.ascii	"txBufIdx\000"
 1954      66496478 
 1954      00
 1955              		.ident	"GCC: (GNU Tools for ARM Embedded Processors) 5.4.1 20160609 (release) [ARM/embedded-5-bran
