ARM GAS  C:\Users\quint\AppData\Local\Temp\cce9E4R3.s 			page 1


   1              		.syntax unified
   2              		.cpu cortex-m0
   3              		.fpu softvfp
   4              		.eabi_attribute 20, 1
   5              		.eabi_attribute 21, 1
   6              		.eabi_attribute 23, 3
   7              		.eabi_attribute 24, 1
   8              		.eabi_attribute 25, 1
   9              		.eabi_attribute 26, 1
  10              		.eabi_attribute 30, 6
  11              		.eabi_attribute 34, 0
  12              		.eabi_attribute 18, 4
  13              		.thumb
  14              		.syntax unified
  15              		.file	"LCD_Char_BarGraph.c"
  16              		.text
  17              	.Ltext0:
  18              		.cfi_sections	.debug_frame
  19              		.global	LCD_Char_customFonts
  20              		.section	.rodata
  21              		.align	2
  22              		.type	LCD_Char_customFonts, %object
  23              		.size	LCD_Char_customFonts, 64
  24              	LCD_Char_customFonts:
  25 0000 00       		.byte	0
  26 0001 00       		.byte	0
  27 0002 00       		.byte	0
  28 0003 00       		.byte	0
  29 0004 00       		.byte	0
  30 0005 00       		.byte	0
  31 0006 00       		.byte	0
  32 0007 00       		.byte	0
  33 0008 10       		.byte	16
  34 0009 10       		.byte	16
  35 000a 10       		.byte	16
  36 000b 10       		.byte	16
  37 000c 10       		.byte	16
  38 000d 10       		.byte	16
  39 000e 10       		.byte	16
  40 000f 10       		.byte	16
  41 0010 18       		.byte	24
  42 0011 18       		.byte	24
  43 0012 18       		.byte	24
  44 0013 18       		.byte	24
  45 0014 18       		.byte	24
  46 0015 18       		.byte	24
  47 0016 18       		.byte	24
  48 0017 18       		.byte	24
  49 0018 1C       		.byte	28
  50 0019 1C       		.byte	28
  51 001a 1C       		.byte	28
  52 001b 1C       		.byte	28
  53 001c 1C       		.byte	28
  54 001d 1C       		.byte	28
  55 001e 1C       		.byte	28
  56 001f 1C       		.byte	28
  57 0020 1E       		.byte	30
ARM GAS  C:\Users\quint\AppData\Local\Temp\cce9E4R3.s 			page 2


  58 0021 1E       		.byte	30
  59 0022 1E       		.byte	30
  60 0023 1E       		.byte	30
  61 0024 1E       		.byte	30
  62 0025 1E       		.byte	30
  63 0026 1E       		.byte	30
  64 0027 1E       		.byte	30
  65 0028 1F       		.byte	31
  66 0029 1F       		.byte	31
  67 002a 1F       		.byte	31
  68 002b 1F       		.byte	31
  69 002c 1F       		.byte	31
  70 002d 1F       		.byte	31
  71 002e 1F       		.byte	31
  72 002f 1F       		.byte	31
  73 0030 00       		.byte	0
  74 0031 00       		.byte	0
  75 0032 00       		.byte	0
  76 0033 00       		.byte	0
  77 0034 00       		.byte	0
  78 0035 00       		.byte	0
  79 0036 00       		.byte	0
  80 0037 00       		.byte	0
  81 0038 00       		.byte	0
  82 0039 00       		.byte	0
  83 003a 00       		.byte	0
  84 003b 00       		.byte	0
  85 003c 00       		.byte	0
  86 003d 00       		.byte	0
  87 003e 00       		.byte	0
  88 003f 00       		.byte	0
  89              		.section	.text.LCD_Char_LoadCustomFonts,"ax",%progbits
  90              		.align	2
  91              		.global	LCD_Char_LoadCustomFonts
  92              		.code	16
  93              		.thumb_func
  94              		.type	LCD_Char_LoadCustomFonts, %function
  95              	LCD_Char_LoadCustomFonts:
  96              	.LFB0:
  97              		.file 1 "Generated_Source\\PSoC4\\LCD_Char_BarGraph.c"
   1:Generated_Source\PSoC4/LCD_Char_BarGraph.c **** /*******************************************************************************
   2:Generated_Source\PSoC4/LCD_Char_BarGraph.c **** * File Name: LCD_Char_BarGraph.c
   3:Generated_Source\PSoC4/LCD_Char_BarGraph.c **** * Version 2.20
   4:Generated_Source\PSoC4/LCD_Char_BarGraph.c **** *
   5:Generated_Source\PSoC4/LCD_Char_BarGraph.c **** * Description:
   6:Generated_Source\PSoC4/LCD_Char_BarGraph.c **** *  This file provides the custom character data and API for creating and using
   7:Generated_Source\PSoC4/LCD_Char_BarGraph.c **** *  bar graphs with the Character LCD component.
   8:Generated_Source\PSoC4/LCD_Char_BarGraph.c **** *
   9:Generated_Source\PSoC4/LCD_Char_BarGraph.c **** * Note:
  10:Generated_Source\PSoC4/LCD_Char_BarGraph.c **** *
  11:Generated_Source\PSoC4/LCD_Char_BarGraph.c **** ********************************************************************************
  12:Generated_Source\PSoC4/LCD_Char_BarGraph.c **** * Copyright 2008-2014, Cypress Semiconductor Corporation.  All rights reserved.
  13:Generated_Source\PSoC4/LCD_Char_BarGraph.c **** * You may use this file only in accordance with the license, terms, conditions,
  14:Generated_Source\PSoC4/LCD_Char_BarGraph.c **** * disclaimers, and limitations in the end user license agreement accompanying
  15:Generated_Source\PSoC4/LCD_Char_BarGraph.c **** * the software package with which this file was provided.
  16:Generated_Source\PSoC4/LCD_Char_BarGraph.c **** *******************************************************************************/
  17:Generated_Source\PSoC4/LCD_Char_BarGraph.c **** 
ARM GAS  C:\Users\quint\AppData\Local\Temp\cce9E4R3.s 			page 3


  18:Generated_Source\PSoC4/LCD_Char_BarGraph.c **** #include "LCD_Char.h"
  19:Generated_Source\PSoC4/LCD_Char_BarGraph.c **** 
  20:Generated_Source\PSoC4/LCD_Char_BarGraph.c **** 
  21:Generated_Source\PSoC4/LCD_Char_BarGraph.c **** uint8 const CYCODE LCD_Char_customFonts[] = \
  22:Generated_Source\PSoC4/LCD_Char_BarGraph.c **** {
  23:Generated_Source\PSoC4/LCD_Char_BarGraph.c ****     /* Character LCD_Char_CUSTOM_0   */
  24:Generated_Source\PSoC4/LCD_Char_BarGraph.c ****     0x00u,    0x00u,    0x00u,    0x00u,    0x00u,    0x00u,    0x00u,    0x00u, \
  25:Generated_Source\PSoC4/LCD_Char_BarGraph.c ****     /* Character LCD_Char_CUSTOM_1   */
  26:Generated_Source\PSoC4/LCD_Char_BarGraph.c ****     0x10u,    0x10u,    0x10u,    0x10u,    0x10u,    0x10u,    0x10u,    0x10u, \
  27:Generated_Source\PSoC4/LCD_Char_BarGraph.c ****     /* Character LCD_Char_CUSTOM_2   */
  28:Generated_Source\PSoC4/LCD_Char_BarGraph.c ****     0x18u,    0x18u,    0x18u,    0x18u,    0x18u,    0x18u,    0x18u,    0x18u, \
  29:Generated_Source\PSoC4/LCD_Char_BarGraph.c ****     /* Character LCD_Char_CUSTOM_3   */
  30:Generated_Source\PSoC4/LCD_Char_BarGraph.c ****     0x1Cu,    0x1Cu,    0x1Cu,    0x1Cu,    0x1Cu,    0x1Cu,    0x1Cu,    0x1Cu, \
  31:Generated_Source\PSoC4/LCD_Char_BarGraph.c ****     /* Character LCD_Char_CUSTOM_4   */
  32:Generated_Source\PSoC4/LCD_Char_BarGraph.c ****     0x1Eu,    0x1Eu,    0x1Eu,    0x1Eu,    0x1Eu,    0x1Eu,    0x1Eu,    0x1Eu, \
  33:Generated_Source\PSoC4/LCD_Char_BarGraph.c ****     /* Character LCD_Char_CUSTOM_5   */
  34:Generated_Source\PSoC4/LCD_Char_BarGraph.c ****     0x1Fu,    0x1Fu,    0x1Fu,    0x1Fu,    0x1Fu,    0x1Fu,    0x1Fu,    0x1Fu, \
  35:Generated_Source\PSoC4/LCD_Char_BarGraph.c ****     /* Character LCD_Char_CUSTOM_6   */
  36:Generated_Source\PSoC4/LCD_Char_BarGraph.c ****     0x00u,    0x00u,    0x00u,    0x00u,    0x00u,    0x00u,    0x00u,    0x00u, \
  37:Generated_Source\PSoC4/LCD_Char_BarGraph.c ****     /* Character LCD_Char_CUSTOM_7   */
  38:Generated_Source\PSoC4/LCD_Char_BarGraph.c ****     0x00u,    0x00u,    0x00u,    0x00u,    0x00u,    0x00u,    0x00u,    0x00u \
  39:Generated_Source\PSoC4/LCD_Char_BarGraph.c **** };
  40:Generated_Source\PSoC4/LCD_Char_BarGraph.c **** 
  41:Generated_Source\PSoC4/LCD_Char_BarGraph.c **** 
  42:Generated_Source\PSoC4/LCD_Char_BarGraph.c **** /*******************************************************************************
  43:Generated_Source\PSoC4/LCD_Char_BarGraph.c **** * Function Name: LCD_Char_LoadCustomFonts
  44:Generated_Source\PSoC4/LCD_Char_BarGraph.c **** ********************************************************************************
  45:Generated_Source\PSoC4/LCD_Char_BarGraph.c **** *
  46:Generated_Source\PSoC4/LCD_Char_BarGraph.c **** * Summary:
  47:Generated_Source\PSoC4/LCD_Char_BarGraph.c **** *  Loads 8 custom font characters into the LCD Module for use.  Cannot use
  48:Generated_Source\PSoC4/LCD_Char_BarGraph.c **** *  characters from two different font sets at once, but font sets can be
  49:Generated_Source\PSoC4/LCD_Char_BarGraph.c **** *  switched out during runtime.
  50:Generated_Source\PSoC4/LCD_Char_BarGraph.c **** *
  51:Generated_Source\PSoC4/LCD_Char_BarGraph.c **** * Parameters:
  52:Generated_Source\PSoC4/LCD_Char_BarGraph.c **** *  customData:  pointer to a constant array of 64 bytes representing 8 custom
  53:Generated_Source\PSoC4/LCD_Char_BarGraph.c **** *               font characters.
  54:Generated_Source\PSoC4/LCD_Char_BarGraph.c **** * Return:
  55:Generated_Source\PSoC4/LCD_Char_BarGraph.c **** *  None.
  56:Generated_Source\PSoC4/LCD_Char_BarGraph.c **** *
  57:Generated_Source\PSoC4/LCD_Char_BarGraph.c **** * Theory:
  58:Generated_Source\PSoC4/LCD_Char_BarGraph.c **** *  Prior to using this function user need to import the pointer to custom
  59:Generated_Source\PSoC4/LCD_Char_BarGraph.c **** *  font array to your project by writting the following in the source code file
  60:Generated_Source\PSoC4/LCD_Char_BarGraph.c **** *  where custom font will be used:
  61:Generated_Source\PSoC4/LCD_Char_BarGraph.c **** *       extern uint8 const CYCODE LCD_Char_customFonts[];
  62:Generated_Source\PSoC4/LCD_Char_BarGraph.c **** *  This function is not automatically called by the Start() routine and must be
  63:Generated_Source\PSoC4/LCD_Char_BarGraph.c **** *  called manually by the user.
  64:Generated_Source\PSoC4/LCD_Char_BarGraph.c **** *******************************************************************************/
  65:Generated_Source\PSoC4/LCD_Char_BarGraph.c **** void LCD_Char_LoadCustomFonts(uint8 const customData[]) 
  66:Generated_Source\PSoC4/LCD_Char_BarGraph.c **** {
  98              		.loc 1 66 0
  99              		.cfi_startproc
 100              		@ args = 0, pretend = 0, frame = 16
 101              		@ frame_needed = 1, uses_anonymous_args = 0
 102 0000 80B5     		push	{r7, lr}
 103              		.cfi_def_cfa_offset 8
 104              		.cfi_offset 7, -8
 105              		.cfi_offset 14, -4
ARM GAS  C:\Users\quint\AppData\Local\Temp\cce9E4R3.s 			page 4


 106 0002 84B0     		sub	sp, sp, #16
 107              		.cfi_def_cfa_offset 24
 108 0004 00AF     		add	r7, sp, #0
 109              		.cfi_def_cfa_register 7
 110 0006 7860     		str	r0, [r7, #4]
  67:Generated_Source\PSoC4/LCD_Char_BarGraph.c ****     uint8 indexU8;
  68:Generated_Source\PSoC4/LCD_Char_BarGraph.c **** 
  69:Generated_Source\PSoC4/LCD_Char_BarGraph.c ****     LCD_Char_IsReady();
 111              		.loc 1 69 0
 112 0008 FFF7FEFF 		bl	LCD_Char_IsReady
  70:Generated_Source\PSoC4/LCD_Char_BarGraph.c ****     /* Set starting address in the LCD Module */
  71:Generated_Source\PSoC4/LCD_Char_BarGraph.c ****     /* Optionally: Read the current address to restore at a later time */
  72:Generated_Source\PSoC4/LCD_Char_BarGraph.c ****     LCD_Char_WriteControl(LCD_Char_CGRAM_0);
 113              		.loc 1 72 0
 114 000c 4020     		movs	r0, #64
 115 000e FFF7FEFF 		bl	LCD_Char_WriteControl
  73:Generated_Source\PSoC4/LCD_Char_BarGraph.c **** 
  74:Generated_Source\PSoC4/LCD_Char_BarGraph.c ****     /* Load in the 64 bytes of CustomChar Data */
  75:Generated_Source\PSoC4/LCD_Char_BarGraph.c ****     for(indexU8 = 0u; indexU8 < LCD_Char_CUSTOM_CHAR_SET_LEN; indexU8++)
 116              		.loc 1 75 0
 117 0012 0F23     		movs	r3, #15
 118 0014 FB18     		adds	r3, r7, r3
 119 0016 0022     		movs	r2, #0
 120 0018 1A70     		strb	r2, [r3]
 121 001a 0FE0     		b	.L2
 122              	.L3:
  76:Generated_Source\PSoC4/LCD_Char_BarGraph.c ****     {
  77:Generated_Source\PSoC4/LCD_Char_BarGraph.c ****         /* Delay between each write */
  78:Generated_Source\PSoC4/LCD_Char_BarGraph.c ****         LCD_Char_WriteData(customData[indexU8]);
 123              		.loc 1 78 0 discriminator 3
 124 001c 0F23     		movs	r3, #15
 125 001e FB18     		adds	r3, r7, r3
 126 0020 1B78     		ldrb	r3, [r3]
 127 0022 7A68     		ldr	r2, [r7, #4]
 128 0024 D318     		adds	r3, r2, r3
 129 0026 1B78     		ldrb	r3, [r3]
 130 0028 1800     		movs	r0, r3
 131 002a FFF7FEFF 		bl	LCD_Char_WriteData
  75:Generated_Source\PSoC4/LCD_Char_BarGraph.c ****     {
 132              		.loc 1 75 0 discriminator 3
 133 002e 0F23     		movs	r3, #15
 134 0030 FB18     		adds	r3, r7, r3
 135 0032 1A78     		ldrb	r2, [r3]
 136 0034 0F23     		movs	r3, #15
 137 0036 FB18     		adds	r3, r7, r3
 138 0038 0132     		adds	r2, r2, #1
 139 003a 1A70     		strb	r2, [r3]
 140              	.L2:
  75:Generated_Source\PSoC4/LCD_Char_BarGraph.c ****     {
 141              		.loc 1 75 0 is_stmt 0 discriminator 1
 142 003c 0F23     		movs	r3, #15
 143 003e FB18     		adds	r3, r7, r3
 144 0040 1B78     		ldrb	r3, [r3]
 145 0042 3F2B     		cmp	r3, #63
 146 0044 EAD9     		bls	.L3
  79:Generated_Source\PSoC4/LCD_Char_BarGraph.c ****     }
  80:Generated_Source\PSoC4/LCD_Char_BarGraph.c **** 
ARM GAS  C:\Users\quint\AppData\Local\Temp\cce9E4R3.s 			page 5


  81:Generated_Source\PSoC4/LCD_Char_BarGraph.c ****     LCD_Char_IsReady();
 147              		.loc 1 81 0 is_stmt 1
 148 0046 FFF7FEFF 		bl	LCD_Char_IsReady
  82:Generated_Source\PSoC4/LCD_Char_BarGraph.c ****     LCD_Char_WriteControl(LCD_Char_DDRAM_0);
 149              		.loc 1 82 0
 150 004a 8020     		movs	r0, #128
 151 004c FFF7FEFF 		bl	LCD_Char_WriteControl
  83:Generated_Source\PSoC4/LCD_Char_BarGraph.c **** }
 152              		.loc 1 83 0
 153 0050 C046     		nop
 154 0052 BD46     		mov	sp, r7
 155 0054 04B0     		add	sp, sp, #16
 156              		@ sp needed
 157 0056 80BD     		pop	{r7, pc}
 158              		.cfi_endproc
 159              	.LFE0:
 160              		.size	LCD_Char_LoadCustomFonts, .-LCD_Char_LoadCustomFonts
 161              		.global	__aeabi_uidiv
 162              		.global	__aeabi_uidivmod
 163              		.section	.text.LCD_Char_DrawHorizontalBG,"ax",%progbits
 164              		.align	2
 165              		.global	LCD_Char_DrawHorizontalBG
 166              		.code	16
 167              		.thumb_func
 168              		.type	LCD_Char_DrawHorizontalBG, %function
 169              	LCD_Char_DrawHorizontalBG:
 170              	.LFB1:
  84:Generated_Source\PSoC4/LCD_Char_BarGraph.c **** 
  85:Generated_Source\PSoC4/LCD_Char_BarGraph.c **** 
  86:Generated_Source\PSoC4/LCD_Char_BarGraph.c **** #if (LCD_Char_CUSTOM_CHAR_SET == LCD_Char_HORIZONTAL_BG)
  87:Generated_Source\PSoC4/LCD_Char_BarGraph.c **** 
  88:Generated_Source\PSoC4/LCD_Char_BarGraph.c ****     /*******************************************************************************
  89:Generated_Source\PSoC4/LCD_Char_BarGraph.c ****     * Function Name: LCD_Char_DrawHorizontalBG
  90:Generated_Source\PSoC4/LCD_Char_BarGraph.c ****     ********************************************************************************
  91:Generated_Source\PSoC4/LCD_Char_BarGraph.c ****     *
  92:Generated_Source\PSoC4/LCD_Char_BarGraph.c ****     * Summary:
  93:Generated_Source\PSoC4/LCD_Char_BarGraph.c ****     *  Draws the horizontal bargraph.
  94:Generated_Source\PSoC4/LCD_Char_BarGraph.c ****     *
  95:Generated_Source\PSoC4/LCD_Char_BarGraph.c ****     * Parameters:
  96:Generated_Source\PSoC4/LCD_Char_BarGraph.c ****     *  row:            The row in which the bar graph starts.
  97:Generated_Source\PSoC4/LCD_Char_BarGraph.c ****     *  column:         The column in which the bar graph starts.
  98:Generated_Source\PSoC4/LCD_Char_BarGraph.c ****     *  maxCharacters:  The max length of the graph in whole characters.
  99:Generated_Source\PSoC4/LCD_Char_BarGraph.c ****     *  value:          The current length or height of the graph in pixels.
 100:Generated_Source\PSoC4/LCD_Char_BarGraph.c ****     *
 101:Generated_Source\PSoC4/LCD_Char_BarGraph.c ****     * Return:
 102:Generated_Source\PSoC4/LCD_Char_BarGraph.c ****     *  void.
 103:Generated_Source\PSoC4/LCD_Char_BarGraph.c ****     *
 104:Generated_Source\PSoC4/LCD_Char_BarGraph.c ****     *******************************************************************************/
 105:Generated_Source\PSoC4/LCD_Char_BarGraph.c ****     void LCD_Char_DrawHorizontalBG(uint8 row, uint8 column, uint8 maxCharacters, uint8 value) \
 106:Generated_Source\PSoC4/LCD_Char_BarGraph.c ****                                                             
 107:Generated_Source\PSoC4/LCD_Char_BarGraph.c ****     {
 171              		.loc 1 107 0
 172              		.cfi_startproc
 173              		@ args = 0, pretend = 0, frame = 16
 174              		@ frame_needed = 1, uses_anonymous_args = 0
 175 0000 B0B5     		push	{r4, r5, r7, lr}
 176              		.cfi_def_cfa_offset 16
ARM GAS  C:\Users\quint\AppData\Local\Temp\cce9E4R3.s 			page 6


 177              		.cfi_offset 4, -16
 178              		.cfi_offset 5, -12
 179              		.cfi_offset 7, -8
 180              		.cfi_offset 14, -4
 181 0002 84B0     		sub	sp, sp, #16
 182              		.cfi_def_cfa_offset 32
 183 0004 00AF     		add	r7, sp, #0
 184              		.cfi_def_cfa_register 7
 185 0006 0500     		movs	r5, r0
 186 0008 0C00     		movs	r4, r1
 187 000a 1000     		movs	r0, r2
 188 000c 1900     		movs	r1, r3
 189 000e FB1D     		adds	r3, r7, #7
 190 0010 2A1C     		adds	r2, r5, #0
 191 0012 1A70     		strb	r2, [r3]
 192 0014 BB1D     		adds	r3, r7, #6
 193 0016 221C     		adds	r2, r4, #0
 194 0018 1A70     		strb	r2, [r3]
 195 001a 7B1D     		adds	r3, r7, #5
 196 001c 021C     		adds	r2, r0, #0
 197 001e 1A70     		strb	r2, [r3]
 198 0020 3B1D     		adds	r3, r7, #4
 199 0022 0A1C     		adds	r2, r1, #0
 200 0024 1A70     		strb	r2, [r3]
 108:Generated_Source\PSoC4/LCD_Char_BarGraph.c ****         /* 8-bit Counter */
 109:Generated_Source\PSoC4/LCD_Char_BarGraph.c ****         uint8 count8;
 110:Generated_Source\PSoC4/LCD_Char_BarGraph.c ****         uint8 fullChars;
 111:Generated_Source\PSoC4/LCD_Char_BarGraph.c ****         uint8 remainingPixels;
 112:Generated_Source\PSoC4/LCD_Char_BarGraph.c **** 
 113:Generated_Source\PSoC4/LCD_Char_BarGraph.c ****         /* Number of full characters to draw */
 114:Generated_Source\PSoC4/LCD_Char_BarGraph.c ****         fullChars = value / LCD_Char_CHARACTER_WIDTH;
 201              		.loc 1 114 0
 202 0026 0E23     		movs	r3, #14
 203 0028 FC18     		adds	r4, r7, r3
 204 002a 3B1D     		adds	r3, r7, #4
 205 002c 1B78     		ldrb	r3, [r3]
 206 002e 0521     		movs	r1, #5
 207 0030 1800     		movs	r0, r3
 208 0032 FFF7FEFF 		bl	__aeabi_uidiv
 209 0036 0300     		movs	r3, r0
 210 0038 2370     		strb	r3, [r4]
 115:Generated_Source\PSoC4/LCD_Char_BarGraph.c **** 
 116:Generated_Source\PSoC4/LCD_Char_BarGraph.c ****         /* Number of remaining pixels to draw */
 117:Generated_Source\PSoC4/LCD_Char_BarGraph.c ****         remainingPixels = value % LCD_Char_CHARACTER_WIDTH;
 211              		.loc 1 117 0
 212 003a 0D23     		movs	r3, #13
 213 003c FC18     		adds	r4, r7, r3
 214 003e 3B1D     		adds	r3, r7, #4
 215 0040 1B78     		ldrb	r3, [r3]
 216 0042 0521     		movs	r1, #5
 217 0044 1800     		movs	r0, r3
 218 0046 FFF7FEFF 		bl	__aeabi_uidivmod
 219 004a 0B00     		movs	r3, r1
 220 004c 2370     		strb	r3, [r4]
 118:Generated_Source\PSoC4/LCD_Char_BarGraph.c **** 
 119:Generated_Source\PSoC4/LCD_Char_BarGraph.c ****         /* Ensure that the maximum character limit is followed. */
 120:Generated_Source\PSoC4/LCD_Char_BarGraph.c ****         if(fullChars >= maxCharacters)
ARM GAS  C:\Users\quint\AppData\Local\Temp\cce9E4R3.s 			page 7


 221              		.loc 1 120 0
 222 004e 0E23     		movs	r3, #14
 223 0050 FA18     		adds	r2, r7, r3
 224 0052 7B1D     		adds	r3, r7, #5
 225 0054 1278     		ldrb	r2, [r2]
 226 0056 1B78     		ldrb	r3, [r3]
 227 0058 9A42     		cmp	r2, r3
 228 005a 04D3     		bcc	.L5
 121:Generated_Source\PSoC4/LCD_Char_BarGraph.c ****         {
 122:Generated_Source\PSoC4/LCD_Char_BarGraph.c ****             fullChars = maxCharacters;
 229              		.loc 1 122 0
 230 005c 0E23     		movs	r3, #14
 231 005e FB18     		adds	r3, r7, r3
 232 0060 7A1D     		adds	r2, r7, #5
 233 0062 1278     		ldrb	r2, [r2]
 234 0064 1A70     		strb	r2, [r3]
 235              	.L5:
 123:Generated_Source\PSoC4/LCD_Char_BarGraph.c ****         }
 124:Generated_Source\PSoC4/LCD_Char_BarGraph.c **** 
 125:Generated_Source\PSoC4/LCD_Char_BarGraph.c ****         /* Put Cursor at start position */
 126:Generated_Source\PSoC4/LCD_Char_BarGraph.c ****         LCD_Char_Position(row, column);
 236              		.loc 1 126 0
 237 0066 BB1D     		adds	r3, r7, #6
 238 0068 1A78     		ldrb	r2, [r3]
 239 006a FB1D     		adds	r3, r7, #7
 240 006c 1B78     		ldrb	r3, [r3]
 241 006e 1100     		movs	r1, r2
 242 0070 1800     		movs	r0, r3
 243 0072 FFF7FEFF 		bl	LCD_Char_Position
 127:Generated_Source\PSoC4/LCD_Char_BarGraph.c **** 
 128:Generated_Source\PSoC4/LCD_Char_BarGraph.c ****         /* Write full characters */
 129:Generated_Source\PSoC4/LCD_Char_BarGraph.c ****         for(count8 = 0u; count8 < fullChars; count8++)
 244              		.loc 1 129 0
 245 0076 0F23     		movs	r3, #15
 246 0078 FB18     		adds	r3, r7, r3
 247 007a 0022     		movs	r2, #0
 248 007c 1A70     		strb	r2, [r3]
 249 007e 09E0     		b	.L6
 250              	.L7:
 130:Generated_Source\PSoC4/LCD_Char_BarGraph.c ****         {
 131:Generated_Source\PSoC4/LCD_Char_BarGraph.c ****             LCD_Char_WriteData(LCD_Char_CUSTOM_5);
 251              		.loc 1 131 0 discriminator 3
 252 0080 0520     		movs	r0, #5
 253 0082 FFF7FEFF 		bl	LCD_Char_WriteData
 129:Generated_Source\PSoC4/LCD_Char_BarGraph.c ****         {
 254              		.loc 1 129 0 discriminator 3
 255 0086 0F23     		movs	r3, #15
 256 0088 FB18     		adds	r3, r7, r3
 257 008a 1A78     		ldrb	r2, [r3]
 258 008c 0F23     		movs	r3, #15
 259 008e FB18     		adds	r3, r7, r3
 260 0090 0132     		adds	r2, r2, #1
 261 0092 1A70     		strb	r2, [r3]
 262              	.L6:
 129:Generated_Source\PSoC4/LCD_Char_BarGraph.c ****         {
 263              		.loc 1 129 0 is_stmt 0 discriminator 1
 264 0094 0F23     		movs	r3, #15
ARM GAS  C:\Users\quint\AppData\Local\Temp\cce9E4R3.s 			page 8


 265 0096 FA18     		adds	r2, r7, r3
 266 0098 0E23     		movs	r3, #14
 267 009a FB18     		adds	r3, r7, r3
 268 009c 1278     		ldrb	r2, [r2]
 269 009e 1B78     		ldrb	r3, [r3]
 270 00a0 9A42     		cmp	r2, r3
 271 00a2 EDD3     		bcc	.L7
 132:Generated_Source\PSoC4/LCD_Char_BarGraph.c ****         }
 133:Generated_Source\PSoC4/LCD_Char_BarGraph.c **** 
 134:Generated_Source\PSoC4/LCD_Char_BarGraph.c ****         if(fullChars < maxCharacters)
 272              		.loc 1 134 0 is_stmt 1
 273 00a4 0E23     		movs	r3, #14
 274 00a6 FA18     		adds	r2, r7, r3
 275 00a8 7B1D     		adds	r3, r7, #5
 276 00aa 1278     		ldrb	r2, [r2]
 277 00ac 1B78     		ldrb	r3, [r3]
 278 00ae 9A42     		cmp	r2, r3
 279 00b0 28D2     		bcs	.L11
 135:Generated_Source\PSoC4/LCD_Char_BarGraph.c ****         {
 136:Generated_Source\PSoC4/LCD_Char_BarGraph.c ****             /* Write remaining pixels */
 137:Generated_Source\PSoC4/LCD_Char_BarGraph.c ****             LCD_Char_WriteData(remainingPixels);
 280              		.loc 1 137 0
 281 00b2 0D23     		movs	r3, #13
 282 00b4 FB18     		adds	r3, r7, r3
 283 00b6 1B78     		ldrb	r3, [r3]
 284 00b8 1800     		movs	r0, r3
 285 00ba FFF7FEFF 		bl	LCD_Char_WriteData
 138:Generated_Source\PSoC4/LCD_Char_BarGraph.c **** 
 139:Generated_Source\PSoC4/LCD_Char_BarGraph.c ****             if(fullChars < (maxCharacters - 1u))
 286              		.loc 1 139 0
 287 00be 0E23     		movs	r3, #14
 288 00c0 FB18     		adds	r3, r7, r3
 289 00c2 1A78     		ldrb	r2, [r3]
 290 00c4 7B1D     		adds	r3, r7, #5
 291 00c6 1B78     		ldrb	r3, [r3]
 292 00c8 013B     		subs	r3, r3, #1
 293 00ca 9A42     		cmp	r2, r3
 294 00cc 1AD2     		bcs	.L11
 140:Generated_Source\PSoC4/LCD_Char_BarGraph.c ****             {
 141:Generated_Source\PSoC4/LCD_Char_BarGraph.c ****                 /* Fill with whitespace to end of bar graph */
 142:Generated_Source\PSoC4/LCD_Char_BarGraph.c ****                 for(count8 = 0u; count8 < (maxCharacters - fullChars - 1u); count8++)
 295              		.loc 1 142 0
 296 00ce 0F23     		movs	r3, #15
 297 00d0 FB18     		adds	r3, r7, r3
 298 00d2 0022     		movs	r2, #0
 299 00d4 1A70     		strb	r2, [r3]
 300 00d6 09E0     		b	.L9
 301              	.L10:
 143:Generated_Source\PSoC4/LCD_Char_BarGraph.c ****                 {
 144:Generated_Source\PSoC4/LCD_Char_BarGraph.c ****                     LCD_Char_WriteData(LCD_Char_CUSTOM_0);
 302              		.loc 1 144 0 discriminator 3
 303 00d8 0020     		movs	r0, #0
 304 00da FFF7FEFF 		bl	LCD_Char_WriteData
 142:Generated_Source\PSoC4/LCD_Char_BarGraph.c ****                 {
 305              		.loc 1 142 0 discriminator 3
 306 00de 0F23     		movs	r3, #15
 307 00e0 FB18     		adds	r3, r7, r3
ARM GAS  C:\Users\quint\AppData\Local\Temp\cce9E4R3.s 			page 9


 308 00e2 1A78     		ldrb	r2, [r3]
 309 00e4 0F23     		movs	r3, #15
 310 00e6 FB18     		adds	r3, r7, r3
 311 00e8 0132     		adds	r2, r2, #1
 312 00ea 1A70     		strb	r2, [r3]
 313              	.L9:
 142:Generated_Source\PSoC4/LCD_Char_BarGraph.c ****                 {
 314              		.loc 1 142 0 is_stmt 0 discriminator 1
 315 00ec 0F23     		movs	r3, #15
 316 00ee FB18     		adds	r3, r7, r3
 317 00f0 1A78     		ldrb	r2, [r3]
 318 00f2 7B1D     		adds	r3, r7, #5
 319 00f4 1978     		ldrb	r1, [r3]
 320 00f6 0E23     		movs	r3, #14
 321 00f8 FB18     		adds	r3, r7, r3
 322 00fa 1B78     		ldrb	r3, [r3]
 323 00fc CB1A     		subs	r3, r1, r3
 324 00fe 013B     		subs	r3, r3, #1
 325 0100 9A42     		cmp	r2, r3
 326 0102 E9D3     		bcc	.L10
 327              	.L11:
 145:Generated_Source\PSoC4/LCD_Char_BarGraph.c ****                 }
 146:Generated_Source\PSoC4/LCD_Char_BarGraph.c ****             }
 147:Generated_Source\PSoC4/LCD_Char_BarGraph.c ****         }
 148:Generated_Source\PSoC4/LCD_Char_BarGraph.c ****     }
 328              		.loc 1 148 0 is_stmt 1
 329 0104 C046     		nop
 330 0106 BD46     		mov	sp, r7
 331 0108 04B0     		add	sp, sp, #16
 332              		@ sp needed
 333 010a B0BD     		pop	{r4, r5, r7, pc}
 334              		.cfi_endproc
 335              	.LFE1:
 336              		.size	LCD_Char_DrawHorizontalBG, .-LCD_Char_DrawHorizontalBG
 337              		.text
 338              	.Letext0:
 339              		.file 2 "Generated_Source\\PSoC4\\cytypes.h"
 340              		.section	.debug_info,"",%progbits
 341              	.Ldebug_info0:
 342 0000 6B010000 		.4byte	0x16b
 343 0004 0400     		.2byte	0x4
 344 0006 00000000 		.4byte	.Ldebug_abbrev0
 345 000a 04       		.byte	0x4
 346 000b 01       		.uleb128 0x1
 347 000c 75000000 		.4byte	.LASF23
 348 0010 0C       		.byte	0xc
 349 0011 0A010000 		.4byte	.LASF24
 350 0015 F5010000 		.4byte	.LASF25
 351 0019 00000000 		.4byte	.Ldebug_ranges0+0
 352 001d 00000000 		.4byte	0
 353 0021 00000000 		.4byte	.Ldebug_line0
 354 0025 02       		.uleb128 0x2
 355 0026 01       		.byte	0x1
 356 0027 06       		.byte	0x6
 357 0028 DF010000 		.4byte	.LASF0
 358 002c 02       		.uleb128 0x2
 359 002d 01       		.byte	0x1
ARM GAS  C:\Users\quint\AppData\Local\Temp\cce9E4R3.s 			page 10


 360 002e 08       		.byte	0x8
 361 002f 42000000 		.4byte	.LASF1
 362 0033 02       		.uleb128 0x2
 363 0034 02       		.byte	0x2
 364 0035 05       		.byte	0x5
 365 0036 C6010000 		.4byte	.LASF2
 366 003a 02       		.uleb128 0x2
 367 003b 02       		.byte	0x2
 368 003c 07       		.byte	0x7
 369 003d 62000000 		.4byte	.LASF3
 370 0041 02       		.uleb128 0x2
 371 0042 04       		.byte	0x4
 372 0043 05       		.byte	0x5
 373 0044 D6010000 		.4byte	.LASF4
 374 0048 02       		.uleb128 0x2
 375 0049 04       		.byte	0x4
 376 004a 07       		.byte	0x7
 377 004b 50000000 		.4byte	.LASF5
 378 004f 02       		.uleb128 0x2
 379 0050 08       		.byte	0x8
 380 0051 05       		.byte	0x5
 381 0052 8C010000 		.4byte	.LASF6
 382 0056 02       		.uleb128 0x2
 383 0057 08       		.byte	0x8
 384 0058 07       		.byte	0x7
 385 0059 42010000 		.4byte	.LASF7
 386 005d 03       		.uleb128 0x3
 387 005e 04       		.byte	0x4
 388 005f 05       		.byte	0x5
 389 0060 696E7400 		.ascii	"int\000"
 390 0064 02       		.uleb128 0x2
 391 0065 04       		.byte	0x4
 392 0066 07       		.byte	0x7
 393 0067 35010000 		.4byte	.LASF8
 394 006b 04       		.uleb128 0x4
 395 006c D0010000 		.4byte	.LASF26
 396 0070 02       		.byte	0x2
 397 0071 E401     		.2byte	0x1e4
 398 0073 2C000000 		.4byte	0x2c
 399 0077 02       		.uleb128 0x2
 400 0078 04       		.byte	0x4
 401 0079 04       		.byte	0x4
 402 007a 3C000000 		.4byte	.LASF9
 403 007e 02       		.uleb128 0x2
 404 007f 08       		.byte	0x8
 405 0080 04       		.byte	0x4
 406 0081 03010000 		.4byte	.LASF10
 407 0085 02       		.uleb128 0x2
 408 0086 01       		.byte	0x1
 409 0087 08       		.byte	0x8
 410 0088 9A010000 		.4byte	.LASF11
 411 008c 05       		.uleb128 0x5
 412 008d AD010000 		.4byte	.LASF12
 413 0091 01       		.byte	0x1
 414 0092 41       		.byte	0x41
 415 0093 00000000 		.4byte	.LFB0
 416 0097 58000000 		.4byte	.LFE0-.LFB0
ARM GAS  C:\Users\quint\AppData\Local\Temp\cce9E4R3.s 			page 11


 417 009b 01       		.uleb128 0x1
 418 009c 9C       		.byte	0x9c
 419 009d BE000000 		.4byte	0xbe
 420 00a1 06       		.uleb128 0x6
 421 00a2 2A000000 		.4byte	.LASF14
 422 00a6 01       		.byte	0x1
 423 00a7 41       		.byte	0x41
 424 00a8 BE000000 		.4byte	0xbe
 425 00ac 02       		.uleb128 0x2
 426 00ad 91       		.byte	0x91
 427 00ae 6C       		.sleb128 -20
 428 00af 07       		.uleb128 0x7
 429 00b0 22000000 		.4byte	.LASF18
 430 00b4 01       		.byte	0x1
 431 00b5 43       		.byte	0x43
 432 00b6 6B000000 		.4byte	0x6b
 433 00ba 02       		.uleb128 0x2
 434 00bb 91       		.byte	0x91
 435 00bc 77       		.sleb128 -9
 436 00bd 00       		.byte	0
 437 00be 08       		.uleb128 0x8
 438 00bf 04       		.byte	0x4
 439 00c0 C4000000 		.4byte	0xc4
 440 00c4 09       		.uleb128 0x9
 441 00c5 6B000000 		.4byte	0x6b
 442 00c9 05       		.uleb128 0x5
 443 00ca 59010000 		.4byte	.LASF13
 444 00ce 01       		.byte	0x1
 445 00cf 69       		.byte	0x69
 446 00d0 00000000 		.4byte	.LFB1
 447 00d4 0C010000 		.4byte	.LFE1-.LFB1
 448 00d8 01       		.uleb128 0x1
 449 00d9 9C       		.byte	0x9c
 450 00da 41010000 		.4byte	0x141
 451 00de 0A       		.uleb128 0xa
 452 00df 726F7700 		.ascii	"row\000"
 453 00e3 01       		.byte	0x1
 454 00e4 69       		.byte	0x69
 455 00e5 6B000000 		.4byte	0x6b
 456 00e9 02       		.uleb128 0x2
 457 00ea 91       		.byte	0x91
 458 00eb 67       		.sleb128 -25
 459 00ec 06       		.uleb128 0x6
 460 00ed 35000000 		.4byte	.LASF15
 461 00f1 01       		.byte	0x1
 462 00f2 69       		.byte	0x69
 463 00f3 6B000000 		.4byte	0x6b
 464 00f7 02       		.uleb128 0x2
 465 00f8 91       		.byte	0x91
 466 00f9 66       		.sleb128 -26
 467 00fa 06       		.uleb128 0x6
 468 00fb 9F010000 		.4byte	.LASF16
 469 00ff 01       		.byte	0x1
 470 0100 69       		.byte	0x69
 471 0101 6B000000 		.4byte	0x6b
 472 0105 02       		.uleb128 0x2
 473 0106 91       		.byte	0x91
ARM GAS  C:\Users\quint\AppData\Local\Temp\cce9E4R3.s 			page 12


 474 0107 65       		.sleb128 -27
 475 0108 06       		.uleb128 0x6
 476 0109 00000000 		.4byte	.LASF17
 477 010d 01       		.byte	0x1
 478 010e 69       		.byte	0x69
 479 010f 6B000000 		.4byte	0x6b
 480 0113 02       		.uleb128 0x2
 481 0114 91       		.byte	0x91
 482 0115 64       		.sleb128 -28
 483 0116 07       		.uleb128 0x7
 484 0117 06000000 		.4byte	.LASF19
 485 011b 01       		.byte	0x1
 486 011c 6D       		.byte	0x6d
 487 011d 6B000000 		.4byte	0x6b
 488 0121 02       		.uleb128 0x2
 489 0122 91       		.byte	0x91
 490 0123 6F       		.sleb128 -17
 491 0124 07       		.uleb128 0x7
 492 0125 EB010000 		.4byte	.LASF20
 493 0129 01       		.byte	0x1
 494 012a 6E       		.byte	0x6e
 495 012b 6B000000 		.4byte	0x6b
 496 012f 02       		.uleb128 0x2
 497 0130 91       		.byte	0x91
 498 0131 6E       		.sleb128 -18
 499 0132 07       		.uleb128 0x7
 500 0133 73010000 		.4byte	.LASF21
 501 0137 01       		.byte	0x1
 502 0138 6F       		.byte	0x6f
 503 0139 6B000000 		.4byte	0x6b
 504 013d 02       		.uleb128 0x2
 505 013e 91       		.byte	0x91
 506 013f 6D       		.sleb128 -19
 507 0140 00       		.byte	0
 508 0141 0B       		.uleb128 0xb
 509 0142 C4000000 		.4byte	0xc4
 510 0146 51010000 		.4byte	0x151
 511 014a 0C       		.uleb128 0xc
 512 014b 51010000 		.4byte	0x151
 513 014f 3F       		.byte	0x3f
 514 0150 00       		.byte	0
 515 0151 02       		.uleb128 0x2
 516 0152 04       		.byte	0x4
 517 0153 07       		.byte	0x7
 518 0154 83010000 		.4byte	.LASF22
 519 0158 0D       		.uleb128 0xd
 520 0159 0D000000 		.4byte	.LASF27
 521 015d 01       		.byte	0x1
 522 015e 15       		.byte	0x15
 523 015f 69010000 		.4byte	0x169
 524 0163 05       		.uleb128 0x5
 525 0164 03       		.byte	0x3
 526 0165 00000000 		.4byte	LCD_Char_customFonts
 527 0169 09       		.uleb128 0x9
 528 016a 41010000 		.4byte	0x141
 529 016e 00       		.byte	0
 530              		.section	.debug_abbrev,"",%progbits
ARM GAS  C:\Users\quint\AppData\Local\Temp\cce9E4R3.s 			page 13


 531              	.Ldebug_abbrev0:
 532 0000 01       		.uleb128 0x1
 533 0001 11       		.uleb128 0x11
 534 0002 01       		.byte	0x1
 535 0003 25       		.uleb128 0x25
 536 0004 0E       		.uleb128 0xe
 537 0005 13       		.uleb128 0x13
 538 0006 0B       		.uleb128 0xb
 539 0007 03       		.uleb128 0x3
 540 0008 0E       		.uleb128 0xe
 541 0009 1B       		.uleb128 0x1b
 542 000a 0E       		.uleb128 0xe
 543 000b 55       		.uleb128 0x55
 544 000c 17       		.uleb128 0x17
 545 000d 11       		.uleb128 0x11
 546 000e 01       		.uleb128 0x1
 547 000f 10       		.uleb128 0x10
 548 0010 17       		.uleb128 0x17
 549 0011 00       		.byte	0
 550 0012 00       		.byte	0
 551 0013 02       		.uleb128 0x2
 552 0014 24       		.uleb128 0x24
 553 0015 00       		.byte	0
 554 0016 0B       		.uleb128 0xb
 555 0017 0B       		.uleb128 0xb
 556 0018 3E       		.uleb128 0x3e
 557 0019 0B       		.uleb128 0xb
 558 001a 03       		.uleb128 0x3
 559 001b 0E       		.uleb128 0xe
 560 001c 00       		.byte	0
 561 001d 00       		.byte	0
 562 001e 03       		.uleb128 0x3
 563 001f 24       		.uleb128 0x24
 564 0020 00       		.byte	0
 565 0021 0B       		.uleb128 0xb
 566 0022 0B       		.uleb128 0xb
 567 0023 3E       		.uleb128 0x3e
 568 0024 0B       		.uleb128 0xb
 569 0025 03       		.uleb128 0x3
 570 0026 08       		.uleb128 0x8
 571 0027 00       		.byte	0
 572 0028 00       		.byte	0
 573 0029 04       		.uleb128 0x4
 574 002a 16       		.uleb128 0x16
 575 002b 00       		.byte	0
 576 002c 03       		.uleb128 0x3
 577 002d 0E       		.uleb128 0xe
 578 002e 3A       		.uleb128 0x3a
 579 002f 0B       		.uleb128 0xb
 580 0030 3B       		.uleb128 0x3b
 581 0031 05       		.uleb128 0x5
 582 0032 49       		.uleb128 0x49
 583 0033 13       		.uleb128 0x13
 584 0034 00       		.byte	0
 585 0035 00       		.byte	0
 586 0036 05       		.uleb128 0x5
 587 0037 2E       		.uleb128 0x2e
ARM GAS  C:\Users\quint\AppData\Local\Temp\cce9E4R3.s 			page 14


 588 0038 01       		.byte	0x1
 589 0039 3F       		.uleb128 0x3f
 590 003a 19       		.uleb128 0x19
 591 003b 03       		.uleb128 0x3
 592 003c 0E       		.uleb128 0xe
 593 003d 3A       		.uleb128 0x3a
 594 003e 0B       		.uleb128 0xb
 595 003f 3B       		.uleb128 0x3b
 596 0040 0B       		.uleb128 0xb
 597 0041 27       		.uleb128 0x27
 598 0042 19       		.uleb128 0x19
 599 0043 11       		.uleb128 0x11
 600 0044 01       		.uleb128 0x1
 601 0045 12       		.uleb128 0x12
 602 0046 06       		.uleb128 0x6
 603 0047 40       		.uleb128 0x40
 604 0048 18       		.uleb128 0x18
 605 0049 9642     		.uleb128 0x2116
 606 004b 19       		.uleb128 0x19
 607 004c 01       		.uleb128 0x1
 608 004d 13       		.uleb128 0x13
 609 004e 00       		.byte	0
 610 004f 00       		.byte	0
 611 0050 06       		.uleb128 0x6
 612 0051 05       		.uleb128 0x5
 613 0052 00       		.byte	0
 614 0053 03       		.uleb128 0x3
 615 0054 0E       		.uleb128 0xe
 616 0055 3A       		.uleb128 0x3a
 617 0056 0B       		.uleb128 0xb
 618 0057 3B       		.uleb128 0x3b
 619 0058 0B       		.uleb128 0xb
 620 0059 49       		.uleb128 0x49
 621 005a 13       		.uleb128 0x13
 622 005b 02       		.uleb128 0x2
 623 005c 18       		.uleb128 0x18
 624 005d 00       		.byte	0
 625 005e 00       		.byte	0
 626 005f 07       		.uleb128 0x7
 627 0060 34       		.uleb128 0x34
 628 0061 00       		.byte	0
 629 0062 03       		.uleb128 0x3
 630 0063 0E       		.uleb128 0xe
 631 0064 3A       		.uleb128 0x3a
 632 0065 0B       		.uleb128 0xb
 633 0066 3B       		.uleb128 0x3b
 634 0067 0B       		.uleb128 0xb
 635 0068 49       		.uleb128 0x49
 636 0069 13       		.uleb128 0x13
 637 006a 02       		.uleb128 0x2
 638 006b 18       		.uleb128 0x18
 639 006c 00       		.byte	0
 640 006d 00       		.byte	0
 641 006e 08       		.uleb128 0x8
 642 006f 0F       		.uleb128 0xf
 643 0070 00       		.byte	0
 644 0071 0B       		.uleb128 0xb
ARM GAS  C:\Users\quint\AppData\Local\Temp\cce9E4R3.s 			page 15


 645 0072 0B       		.uleb128 0xb
 646 0073 49       		.uleb128 0x49
 647 0074 13       		.uleb128 0x13
 648 0075 00       		.byte	0
 649 0076 00       		.byte	0
 650 0077 09       		.uleb128 0x9
 651 0078 26       		.uleb128 0x26
 652 0079 00       		.byte	0
 653 007a 49       		.uleb128 0x49
 654 007b 13       		.uleb128 0x13
 655 007c 00       		.byte	0
 656 007d 00       		.byte	0
 657 007e 0A       		.uleb128 0xa
 658 007f 05       		.uleb128 0x5
 659 0080 00       		.byte	0
 660 0081 03       		.uleb128 0x3
 661 0082 08       		.uleb128 0x8
 662 0083 3A       		.uleb128 0x3a
 663 0084 0B       		.uleb128 0xb
 664 0085 3B       		.uleb128 0x3b
 665 0086 0B       		.uleb128 0xb
 666 0087 49       		.uleb128 0x49
 667 0088 13       		.uleb128 0x13
 668 0089 02       		.uleb128 0x2
 669 008a 18       		.uleb128 0x18
 670 008b 00       		.byte	0
 671 008c 00       		.byte	0
 672 008d 0B       		.uleb128 0xb
 673 008e 01       		.uleb128 0x1
 674 008f 01       		.byte	0x1
 675 0090 49       		.uleb128 0x49
 676 0091 13       		.uleb128 0x13
 677 0092 01       		.uleb128 0x1
 678 0093 13       		.uleb128 0x13
 679 0094 00       		.byte	0
 680 0095 00       		.byte	0
 681 0096 0C       		.uleb128 0xc
 682 0097 21       		.uleb128 0x21
 683 0098 00       		.byte	0
 684 0099 49       		.uleb128 0x49
 685 009a 13       		.uleb128 0x13
 686 009b 2F       		.uleb128 0x2f
 687 009c 0B       		.uleb128 0xb
 688 009d 00       		.byte	0
 689 009e 00       		.byte	0
 690 009f 0D       		.uleb128 0xd
 691 00a0 34       		.uleb128 0x34
 692 00a1 00       		.byte	0
 693 00a2 03       		.uleb128 0x3
 694 00a3 0E       		.uleb128 0xe
 695 00a4 3A       		.uleb128 0x3a
 696 00a5 0B       		.uleb128 0xb
 697 00a6 3B       		.uleb128 0x3b
 698 00a7 0B       		.uleb128 0xb
 699 00a8 49       		.uleb128 0x49
 700 00a9 13       		.uleb128 0x13
 701 00aa 3F       		.uleb128 0x3f
ARM GAS  C:\Users\quint\AppData\Local\Temp\cce9E4R3.s 			page 16


 702 00ab 19       		.uleb128 0x19
 703 00ac 02       		.uleb128 0x2
 704 00ad 18       		.uleb128 0x18
 705 00ae 00       		.byte	0
 706 00af 00       		.byte	0
 707 00b0 00       		.byte	0
 708              		.section	.debug_aranges,"",%progbits
 709 0000 24000000 		.4byte	0x24
 710 0004 0200     		.2byte	0x2
 711 0006 00000000 		.4byte	.Ldebug_info0
 712 000a 04       		.byte	0x4
 713 000b 00       		.byte	0
 714 000c 0000     		.2byte	0
 715 000e 0000     		.2byte	0
 716 0010 00000000 		.4byte	.LFB0
 717 0014 58000000 		.4byte	.LFE0-.LFB0
 718 0018 00000000 		.4byte	.LFB1
 719 001c 0C010000 		.4byte	.LFE1-.LFB1
 720 0020 00000000 		.4byte	0
 721 0024 00000000 		.4byte	0
 722              		.section	.debug_ranges,"",%progbits
 723              	.Ldebug_ranges0:
 724 0000 00000000 		.4byte	.LFB0
 725 0004 58000000 		.4byte	.LFE0
 726 0008 00000000 		.4byte	.LFB1
 727 000c 0C010000 		.4byte	.LFE1
 728 0010 00000000 		.4byte	0
 729 0014 00000000 		.4byte	0
 730              		.section	.debug_line,"",%progbits
 731              	.Ldebug_line0:
 732 0000 B9000000 		.section	.debug_str,"MS",%progbits,1
 732      02004E00 
 732      00000201 
 732      FB0E0D00 
 732      01010101 
 733              	.LASF17:
 734 0000 76616C75 		.ascii	"value\000"
 734      6500
 735              	.LASF19:
 736 0006 636F756E 		.ascii	"count8\000"
 736      743800
 737              	.LASF27:
 738 000d 4C43445F 		.ascii	"LCD_Char_customFonts\000"
 738      43686172 
 738      5F637573 
 738      746F6D46 
 738      6F6E7473 
 739              	.LASF18:
 740 0022 696E6465 		.ascii	"indexU8\000"
 740      78553800 
 741              	.LASF14:
 742 002a 63757374 		.ascii	"customData\000"
 742      6F6D4461 
 742      746100
 743              	.LASF15:
 744 0035 636F6C75 		.ascii	"column\000"
 744      6D6E00
ARM GAS  C:\Users\quint\AppData\Local\Temp\cce9E4R3.s 			page 17


 745              	.LASF9:
 746 003c 666C6F61 		.ascii	"float\000"
 746      7400
 747              	.LASF1:
 748 0042 756E7369 		.ascii	"unsigned char\000"
 748      676E6564 
 748      20636861 
 748      7200
 749              	.LASF5:
 750 0050 6C6F6E67 		.ascii	"long unsigned int\000"
 750      20756E73 
 750      69676E65 
 750      6420696E 
 750      7400
 751              	.LASF3:
 752 0062 73686F72 		.ascii	"short unsigned int\000"
 752      7420756E 
 752      7369676E 
 752      65642069 
 752      6E7400
 753              	.LASF23:
 754 0075 474E5520 		.ascii	"GNU C11 5.4.1 20160609 (release) [ARM/embedded-5-br"
 754      43313120 
 754      352E342E 
 754      31203230 
 754      31363036 
 755 00a8 616E6368 		.ascii	"anch revision 237715] -mcpu=cortex-m0 -mthumb -g -O"
 755      20726576 
 755      6973696F 
 755      6E203233 
 755      37373135 
 756 00db 30202D66 		.ascii	"0 -ffunction-sections -ffat-lto-objects\000"
 756      66756E63 
 756      74696F6E 
 756      2D736563 
 756      74696F6E 
 757              	.LASF10:
 758 0103 646F7562 		.ascii	"double\000"
 758      6C6500
 759              	.LASF24:
 760 010a 47656E65 		.ascii	"Generated_Source\\PSoC4\\LCD_Char_BarGraph.c\000"
 760      72617465 
 760      645F536F 
 760      75726365 
 760      5C50536F 
 761              	.LASF8:
 762 0135 756E7369 		.ascii	"unsigned int\000"
 762      676E6564 
 762      20696E74 
 762      00
 763              	.LASF7:
 764 0142 6C6F6E67 		.ascii	"long long unsigned int\000"
 764      206C6F6E 
 764      6720756E 
 764      7369676E 
 764      65642069 
 765              	.LASF13:
ARM GAS  C:\Users\quint\AppData\Local\Temp\cce9E4R3.s 			page 18


 766 0159 4C43445F 		.ascii	"LCD_Char_DrawHorizontalBG\000"
 766      43686172 
 766      5F447261 
 766      77486F72 
 766      697A6F6E 
 767              	.LASF21:
 768 0173 72656D61 		.ascii	"remainingPixels\000"
 768      696E696E 
 768      67506978 
 768      656C7300 
 769              	.LASF22:
 770 0183 73697A65 		.ascii	"sizetype\000"
 770      74797065 
 770      00
 771              	.LASF6:
 772 018c 6C6F6E67 		.ascii	"long long int\000"
 772      206C6F6E 
 772      6720696E 
 772      7400
 773              	.LASF11:
 774 019a 63686172 		.ascii	"char\000"
 774      00
 775              	.LASF16:
 776 019f 6D617843 		.ascii	"maxCharacters\000"
 776      68617261 
 776      63746572 
 776      7300
 777              	.LASF12:
 778 01ad 4C43445F 		.ascii	"LCD_Char_LoadCustomFonts\000"
 778      43686172 
 778      5F4C6F61 
 778      64437573 
 778      746F6D46 
 779              	.LASF2:
 780 01c6 73686F72 		.ascii	"short int\000"
 780      7420696E 
 780      7400
 781              	.LASF26:
 782 01d0 75696E74 		.ascii	"uint8\000"
 782      3800
 783              	.LASF4:
 784 01d6 6C6F6E67 		.ascii	"long int\000"
 784      20696E74 
 784      00
 785              	.LASF0:
 786 01df 7369676E 		.ascii	"signed char\000"
 786      65642063 
 786      68617200 
 787              	.LASF20:
 788 01eb 66756C6C 		.ascii	"fullChars\000"
 788      43686172 
 788      7300
 789              	.LASF25:
 790 01f5 433A5C55 		.ascii	"C:\\Users\\quint\\Downloads\\Ultrasonic Ranger.cyds"
 790      73657273 
 790      5C717569 
 790      6E745C44 
ARM GAS  C:\Users\quint\AppData\Local\Temp\cce9E4R3.s 			page 19


 790      6F776E6C 
 791 0224 6E5C556C 		.ascii	"n\\Ultrasonic Ranger.cydsn\000"
 791      74726173 
 791      6F6E6963 
 791      2052616E 
 791      6765722E 
 792              		.ident	"GCC: (GNU Tools for ARM Embedded Processors) 5.4.1 20160609 (release) [ARM/embedded-5-bran
