--------------- Build Started: 11/25/2019 16:44:29 Project: Ultrasonic Ranger, Configuration: ARM GCC 5.4-2016-q2-update Debug ---------------
cydsfit.exe -.appdatapath "C:\Users\quint\AppData\Local\Cypress Semiconductor\PSoC Creator\4.2" -.fdsnotice -.fdswarpdepfile=warp_dependencies.txt -.fdselabdepfile=elab_dependencies.txt -.fdsbldfile=generated_files.txt -.fdsreffile=referenced_files.txt -p "C:\Users\quint\Downloads\Ultrasonic Ranger.cydsn\Ultrasonic Ranger.cydsn\Ultrasonic Ranger.cyprj" -d CY8C4245AXI-483 -s "C:\Users\quint\Downloads\Ultrasonic Ranger.cydsn\Ultrasonic Ranger.cydsn\Generated_Source\PSoC4" -- -yv2 -q10 -ygs -o2 -v3 -.fftcfgtype=LE
Elaborating Design...
ADD: fit.M0032: warning: Clock Warning: (UART_SCBCLK's accuracy range '1.5 MHz +/- 2%, (1.47 MHz - 1.53 MHz)' is not within the specified tolerance range '1.382 MHz +/- 5%, (1.313 MHz - 1.452 MHz)'.).
 * C:\Program Files (x86)\Cypress\PSoC Creator\4.2\PSoC Creator\psoc\content\CyComponentLibrary\CyComponentLibrary.cylib\SCB_P4_v4_0\PSoC4\SCB_P4_v4_0.cysch (Instance:SCBCLK)
 * C:\Users\quint\Downloads\Ultrasonic Ranger.cydsn\Ultrasonic Ranger.cydsn\Ultrasonic Ranger.cydwr (UART_SCBCLK)
ADD: fit.M0015: information: One or more rows of flash have been configured to be protected; however, debugging has been enabled in the System DWR Editor. This means that while write restrictions are honored flash rows can still be read via SWD or JTAG. To prevent any ability to read the flash rows, disable debugging in the System DWR Editor.
 * C:\Users\quint\Downloads\Ultrasonic Ranger.cydsn\Ultrasonic Ranger.cydsn\Ultrasonic Ranger.cydwr (Chip Protection)
HDL Generation...
Synthesis...
Tech Mapping...
Analog Placement...
Analog Routing...
Analog Code Generation...
Digital Placement...
Digital Routing...
Bitstream Generation...
Bitstream Verification...
Static timing analysis...
API Generation...
Dependency Generation...
Cleanup...
The compile step is up to date, no work needs to be done.
The link step is up to date, no work needs to be done.
--------------- Build Succeeded: 11/25/2019 16:44:38 ---------------
